preprocessSentences.py:68: UnicodeWarning: Unicode equal comparison failed to convert both arguments to Unicode - interpreting them as being unequal
  return [clean_word(w) for w in tokens if w.lower() not in stop_words and w.isalpha()]
Path: .
Training data: ./default.txt1.train
Done building things up man. Num documents in train set: 2400.
Number of features before any feature selection: 11252
Number of features after filtering out words by count threshold: 515
Done doing the feature selection thing man. Num vocabs: 463.
Output files: ./out*
Runtime: 4.34948396683
Running model 'mybnb' on train data 'default.txt1.train' and test data 'default.txt1.test'
Num train examples = 2400, positive prior = 0.541666666667, negative prior = 0.458333333333
Using 463 features: dialogu, everyon, music, relat, hold, first tim, want, hot, beauti, fit...
441 features are used in positive reviews: lack, go, follow, tv, friendli, certainli, leav, worth, sound, everi...
426 features are used in negative reviews: lack, go, follow, hate, tv, friendli, certainli, leav, worth, case...
------------------------------------------------------------------------
Classifying line:
  1	So there is no way for me to plug it in here in the US unless I go by a converter.	0
  words = [way, plug, u, unless, go, convert, way plug, plug u, u unless, unless go, go convert]
  positive probability = 1.28379308139e-32, negative probability = 1.39199017133e-31
  predicted label = 0, expected label = 0
------------------------------------------------------------------------
Classifying line:
  2	Tied to charger for conversations lasting more than 45 minutes.MAJOR PROBLEMS!!	0
  words = [tie, charger, convers, last, minut, major, problem, tie charger, charger convers, convers last, last minut, minut major, major problem]
  positive probability = 3.94431720247e-39, negative probability = 9.07650716365e-38
  predicted label = 0, expected label = 0
------------------------------------------------------------------------
Classifying line:
  3	I have to jiggle the plug to get it to line up right to get decent volume.	0
  words = [jiggl, plug, get, line, right, get, decent, volum, jiggl plug, plug get, get line, line right, right get, get decent, decent volum]
  positive probability = 2.82648512277e-42, negative probability = 1.15313799276e-41
  predicted label = 0, expected label = 0
------------------------------------------------------------------------
Classifying line:
  4	If you have several dozen or several hundred contacts, then imagine the fun of sending each of them one by one.	0
  words = [sever, dozen, sever, hundr, contact, imagin, fun, send, one, one, sever dozen, dozen sever, sever hundr, hundr contact, contact imagin, imagin fun, fun send, send one, one one]
  positive probability = 1.34313881388e-54, negative probability = 3.504100143e-54
  predicted label = 0, expected label = 0
------------------------------------------------------------------------
Classifying line:
  5	Needless to say, I wasted my money.	0
  words = [needl, say, wast, money, needl say, say wast, wast money]
  positive probability = 1.4603310902e-20, negative probability = 7.05501678526e-19
  predicted label = 0, expected label = 0
------------------------------------------------------------------------
Classifying line:
  6	What a waste of money and time!.	0
  words = [wast, money, time, wast money, money time]
  positive probability = 4.95111821085e-14, negative probability = 2.63148961411e-12
  predicted label = 0, expected label = 0
------------------------------------------------------------------------
Classifying line:
  7	If the two were seperated by a mere 5+ ft I started to notice excessive static and garbled sound from the headset.	0
  words = [two, seper, mere, ft, start, notic, excess, static, garbl, sound, headset, two seper, seper mere, mere ft, ft start, start notic, notic excess, excess static, static garbl, garbl sound, sound headset]
  positive probability = 2.07860920653e-62, negative probability = 7.05265603262e-62
  predicted label = 0, expected label = 0
------------------------------------------------------------------------
Classifying line:
  8	The design is very odd, as the ear "clip" is not very comfortable at all.	0
  words = [design, odd, ear, clip, comfort, design odd, odd ear, ear clip, clip comfort]
  positive probability = 5.54148213753e-27, negative probability = 9.56130334856e-28
  predicted label = 1, expected label = 0
------------------------------------------------------------------------
Classifying line:
  9	I advise EVERYONE DO NOT BE FOOLED!	0
  words = [advis, everyon, fool, advis everyon, everyon fool]
  positive probability = 8.68617229973e-16, negative probability = 1.69209491852e-15
  predicted label = 0, expected label = 0
------------------------------------------------------------------------
Classifying line:
  10	It clicks into place in a way that makes you wonder how long that mechanism would last.	0
  words = [click, place, way, make, wonder, long, mechan, would, last, click place, place way, way make, make wonder, wonder long, long mechan, mechan would, would last]
  positive probability = 4.87002389771e-46, negative probability = 1.09203061632e-45
  predicted label = 0, expected label = 0

================================
You guessed 459/600 = 76.5% correct.
  - False positive rate: [0.0, 0.27, 1.0]
  - True positive rate: [0.0, 0.835, 1.0]
  - Thresholds: [2, 1, 0]
  - AUC: 0.7825
  - Precision: 0.607272727273
  - Recall: 0.835
  - F1: 0.703157894737
================================

Running model 'mymnb' on train data 'default.txt1.train' and test data 'default.txt1.test'
Num train examples = 2400, positive prior = 0.541666666667, negative prior = 0.458333333333
Using 463 features: dialogu, everyon, music, relat, hold, first tim, want, hot, beauti, fit...
441 features are used in positive reviews: lack, go, follow, tv, friendli, certainli, leav, worth, sound, everi...
426 features are used in negative reviews: lack, go, follow, hate, tv, friendli, certainli, leav, worth, case...
------------------------------------------------------------------------
Classifying line:
  1	So there is no way for me to plug it in here in the US unless I go by a converter.	0
  words = [way, plug, u, unless, go, convert, way plug, plug u, u unless, unless go, go convert]
  positive probability = 4.95681292344e-34, negative probability = 2.97909909964e-33
  predicted label = 0, expected label = 0
------------------------------------------------------------------------
Classifying line:
  2	Tied to charger for conversations lasting more than 45 minutes.MAJOR PROBLEMS!!	0
  words = [tie, charger, convers, last, minut, major, problem, tie charger, charger convers, convers last, last minut, minut major, major problem]
  positive probability = 7.6671607505e-41, negative probability = 1.11047966338e-39
  predicted label = 0, expected label = 0
------------------------------------------------------------------------
Classifying line:
  3	I have to jiggle the plug to get it to line up right to get decent volume.	0
  words = [jiggl, plug, get, line, right, get, decent, volum, jiggl plug, plug get, get line, line right, right get, get decent, decent volum]
  positive probability = 3.64863772103e-44, negative probability = 7.81416636011e-44
  predicted label = 0, expected label = 0
------------------------------------------------------------------------
Classifying line:
  4	If you have several dozen or several hundred contacts, then imagine the fun of sending each of them one by one.	0
  words = [sever, dozen, sever, hundr, contact, imagin, fun, send, one, one, sever dozen, dozen sever, sever hundr, hundr contact, contact imagin, imagin fun, fun send, send one, one one]
  positive probability = 4.88657010433e-57, negative probability = 5.00514349632e-57
  predicted label = 0, expected label = 0
------------------------------------------------------------------------
Classifying line:
  5	Needless to say, I wasted my money.	0
  words = [needl, say, wast, money, needl say, say wast, wast money]
  positive probability = 1.7496937274e-21, negative probability = 6.54665704154e-20
  predicted label = 0, expected label = 0
------------------------------------------------------------------------
Classifying line:
  6	What a waste of money and time!.	0
  words = [wast, money, time, wast money, money time]
  positive probability = 1.0876687606e-14, negative probability = 4.69136219379e-13
  predicted label = 0, expected label = 0
------------------------------------------------------------------------
Classifying line:
  7	If the two were seperated by a mere 5+ ft I started to notice excessive static and garbled sound from the headset.	0
  words = [two, seper, mere, ft, start, notic, excess, static, garbl, sound, headset, two seper, seper mere, mere ft, ft start, start notic, notic excess, excess static, static garbl, garbl sound, sound headset]
  positive probability = 4.00972872422e-65, negative probability = 4.58171055577e-65
  predicted label = 0, expected label = 0
------------------------------------------------------------------------
Classifying line:
  8	The design is very odd, as the ear "clip" is not very comfortable at all.	0
  words = [design, odd, ear, clip, comfort, design odd, odd ear, ear clip, clip comfort]
  positive probability = 4.3454547421e-28, negative probability = 4.11642915631e-29
  predicted label = 1, expected label = 0
------------------------------------------------------------------------
Classifying line:
  9	I advise EVERYONE DO NOT BE FOOLED!	0
  words = [advis, everyon, fool, advis everyon, everyon fool]
  positive probability = 1.90819080807e-16, negative probability = 2.94807008408e-16
  predicted label = 0, expected label = 0
------------------------------------------------------------------------
Classifying line:
  10	It clicks into place in a way that makes you wonder how long that mechanism would last.	0
  words = [click, place, way, make, wonder, long, mechan, would, last, click place, place way, way make, make wonder, wonder long, long mechan, mechan would, would last]
  positive probability = 3.18930296529e-48, negative probability = 3.45336509908e-48
  predicted label = 0, expected label = 0

================================
You guessed 432/600 = 72.0% correct.
  - False positive rate: [0.0, 0.3525, 1.0]
  - True positive rate: [0.0, 0.865, 1.0]
  - Thresholds: [2, 1, 0]
  - AUC: 0.75625
  - Precision: 0.550955414013
  - Recall: 0.865
  - F1: 0.673151750973
================================

Running model 'bnb' on train data 'default.txt1.train' and test data 'default.txt1.test'
------------------------------------------------------------------------
Classifying line:
  1	So there is no way for me to plug it in here in the US unless I go by a converter.	0
  words = [way, plug, u, unless, go, convert, way plug, plug u, u unless, unless go, go convert]
  predicted label = 0.279196143459, expected label = 0
------------------------------------------------------------------------
Classifying line:
  2	Tied to charger for conversations lasting more than 45 minutes.MAJOR PROBLEMS!!	0
  words = [tie, charger, convers, last, minut, major, problem, tie charger, charger convers, convers last, last minut, minut major, major problem]
  predicted label = 0.179138558405, expected label = 0
------------------------------------------------------------------------
Classifying line:
  3	I have to jiggle the plug to get it to line up right to get decent volume.	0
  words = [jiggl, plug, get, line, right, get, decent, volum, jiggl plug, plug get, get line, line right, right get, get decent, decent volum]
  predicted label = 0.603536457149, expected label = 0
------------------------------------------------------------------------
Classifying line:
  4	If you have several dozen or several hundred contacts, then imagine the fun of sending each of them one by one.	0
  words = [sever, dozen, sever, hundr, contact, imagin, fun, send, one, one, sever dozen, dozen sever, sever hundr, hundr contact, contact imagin, imagin fun, fun send, send one, one one]
  predicted label = 0.844733612821, expected label = 0
------------------------------------------------------------------------
Classifying line:
  5	Needless to say, I wasted my money.	0
  words = [needl, say, wast, money, needl say, say wast, wast money]
  predicted label = 0.0363238754141, expected label = 0
------------------------------------------------------------------------
Classifying line:
  6	What a waste of money and time!.	0
  words = [wast, money, time, wast money, money time]
  predicted label = 0.0236750917289, expected label = 0
------------------------------------------------------------------------
Classifying line:
  7	If the two were seperated by a mere 5+ ft I started to notice excessive static and garbled sound from the headset.	0
  words = [two, seper, mere, ft, start, notic, excess, static, garbl, sound, headset, two seper, seper mere, mere ft, ft start, start notic, notic excess, excess static, static garbl, garbl sound, sound headset]
  predicted label = 0.829781372203, expected label = 0
------------------------------------------------------------------------
Classifying line:
  8	The design is very odd, as the ear "clip" is not very comfortable at all.	0
  words = [design, odd, ear, clip, comfort, design odd, odd ear, ear clip, clip comfort]
  predicted label = 0.947645636346, expected label = 0
------------------------------------------------------------------------
Classifying line:
  9	I advise EVERYONE DO NOT BE FOOLED!	0
  words = [advis, everyon, fool, advis everyon, everyon fool]
  predicted label = 0.490025812663, expected label = 0
------------------------------------------------------------------------
Classifying line:
  10	It clicks into place in a way that makes you wonder how long that mechanism would last.	0
  words = [click, place, way, make, wonder, long, mechan, would, last, click place, place way, way make, make wonder, wonder long, long mechan, mechan would, would last]
  predicted label = 0.72545363584, expected label = 0

================================
You guessed 373/600 = 62.1666666667% correct.
  - False positive rate: [0.0, 0.0, 0.0025, 0.0025, 0.005, 0.005, 0.0075, 0.0075, 0.01, 0.01, 0.0125, 0.0125, 0.015, 0.015, 0.0225, 0.0225, 0.0225, 0.0225, 0.025, 0.025, 0.0275, 0.0275, 0.03, 0.03, 0.035, 0.035, 0.04, 0.04, 0.0425, 0.0425, 0.045, 0.045, 0.0475, 0.0475, 0.05, 0.05, 0.05, 0.0525, 0.0525, 0.0575, 0.0575, 0.0625, 0.0625, 0.0675, 0.0675, 0.0675, 0.07, 0.07, 0.07, 0.0725, 0.0725, 0.075, 0.075, 0.08, 0.08, 0.0825, 0.0825, 0.085, 0.085, 0.0875, 0.0875, 0.0875, 0.09, 0.09, 0.1, 0.1, 0.1, 0.1075, 0.1075, 0.11, 0.11, 0.1125, 0.1125, 0.115, 0.115, 0.1175, 0.1175, 0.12, 0.12, 0.1275, 0.1325, 0.1325, 0.135, 0.135, 0.1425, 0.1425, 0.16, 0.16, 0.1625, 0.1625, 0.1675, 0.1675, 0.1775, 0.1775, 0.185, 0.19, 0.19, 0.2, 0.2, 0.205, 0.205, 0.2125, 0.2125, 0.215, 0.215, 0.2175, 0.2175, 0.2275, 0.2275, 0.23, 0.23, 0.2375, 0.2375, 0.2425, 0.2425, 0.2525, 0.2575, 0.26, 0.26, 0.2675, 0.28, 0.3025, 0.315, 0.3175, 0.3175, 0.32, 0.32, 0.335, 0.335, 0.345, 0.35, 0.35, 0.3575, 0.3575, 0.36, 0.3675, 0.375, 0.375, 0.39, 0.39, 0.3925, 0.3925, 0.3975, 0.3975, 0.4025, 0.4075, 0.42, 0.42, 0.4325, 0.4325, 0.44, 0.44, 0.4425, 0.4425, 0.4475, 0.4475, 0.45, 0.5325, 0.535, 0.5375, 0.5675, 0.5675, 0.57, 0.58, 0.59, 0.59, 0.61, 0.61, 0.6275, 0.6275, 0.6325, 0.6375, 0.6425, 0.6525, 0.66, 0.6625, 0.7, 0.7075, 0.7425, 0.7425, 0.76, 0.765, 0.7925, 0.7925, 0.8125, 0.8175, 0.8375, 0.8525, 0.8575, 0.8675, 0.875, 0.89, 0.895, 0.9125, 0.9175, 0.925, 0.9475, 0.9525, 0.965, 0.9725, 0.9775, 1.0]
  - True positive rate: [0.005, 0.045, 0.045, 0.06, 0.06, 0.1, 0.1, 0.17, 0.17, 0.18, 0.18, 0.215, 0.215, 0.25, 0.25, 0.26, 0.31, 0.34, 0.34, 0.375, 0.375, 0.395, 0.395, 0.4, 0.4, 0.415, 0.415, 0.42, 0.42, 0.44, 0.44, 0.445, 0.445, 0.45, 0.455, 0.5, 0.505, 0.505, 0.525, 0.525, 0.53, 0.53, 0.535, 0.535, 0.545, 0.56, 0.56, 0.575, 0.58, 0.58, 0.595, 0.595, 0.605, 0.605, 0.615, 0.615, 0.62, 0.62, 0.625, 0.625, 0.635, 0.65, 0.65, 0.655, 0.655, 0.66, 0.67, 0.67, 0.68, 0.68, 0.685, 0.685, 0.69, 0.69, 0.7, 0.7, 0.705, 0.705, 0.71, 0.71, 0.71, 0.72, 0.72, 0.725, 0.725, 0.73, 0.73, 0.735, 0.735, 0.74, 0.74, 0.745, 0.745, 0.75, 0.75, 0.75, 0.755, 0.755, 0.76, 0.765, 0.77, 0.77, 0.775, 0.775, 0.79, 0.79, 0.795, 0.795, 0.8, 0.8, 0.805, 0.805, 0.81, 0.81, 0.815, 0.815, 0.815, 0.815, 0.82, 0.82, 0.82, 0.82, 0.825, 0.825, 0.83, 0.83, 0.835, 0.835, 0.84, 0.84, 0.84, 0.85, 0.85, 0.86, 0.86, 0.86, 0.86, 0.87, 0.87, 0.88, 0.88, 0.885, 0.885, 0.89, 0.89, 0.89, 0.89, 0.895, 0.895, 0.9, 0.9, 0.91, 0.915, 0.92, 0.92, 0.925, 0.925, 0.96, 0.96, 0.965, 0.965, 0.97, 0.97, 0.97, 0.97, 0.975, 0.975, 0.98, 0.98, 0.985, 0.985, 0.985, 0.985, 0.985, 0.985, 0.99, 0.99, 0.99, 0.99, 0.995, 0.995, 0.995, 0.995, 1.0, 1.0, 1.0, 1.0, 1.0, 1.0, 1.0, 1.0, 1.0, 1.0, 1.0, 1.0, 1.0, 1.0, 1.0, 1.0, 1.0, 1.0, 1.0]
  - Thresholds: [0.9999997038405949, 0.9989042485243892, 0.998760225250962, 0.9986302167200288, 0.998073769722952, 0.9957271923294267, 0.9951542104709132, 0.9889849453933753, 0.9888299009824001, 0.9881038015801961, 0.9878671722169632, 0.9842739881900284, 0.984017616090175, 0.9804830345643026, 0.9784885397577172, 0.9753085431879759, 0.9740897980144464, 0.9711203081394546, 0.9702880120553538, 0.9634786957561192, 0.9622638006451566, 0.9595747931120929, 0.9585951883121236, 0.9583456553675186, 0.9581309276346196, 0.9563592294921704, 0.953805397947958, 0.953763794086523, 0.9535056095898293, 0.9517082473337495, 0.9501053451443142, 0.9492132463944223, 0.9489024150938687, 0.9479947012520396, 0.9476456363455312, 0.9460883183112104, 0.9457225537438531, 0.9454250702074373, 0.9437375004401918, 0.9416385898942669, 0.9363566352626425, 0.9344389064231315, 0.9329083666455955, 0.9324345565413759, 0.9243699352981996, 0.9212082370040279, 0.9201341744188792, 0.9195958039628813, 0.917344176358419, 0.9161584883450784, 0.9088536441404413, 0.9079652701441302, 0.9063894442848867, 0.8986305333638716, 0.8964219761368587, 0.8943870930282217, 0.891475959795495, 0.8892717851181188, 0.8864041589986291, 0.8851786116882985, 0.8851750319212197, 0.8829129502330749, 0.882661522342031, 0.8813462603588383, 0.8747155636586453, 0.8726845268247767, 0.8718504705524194, 0.8697757840590278, 0.8689618976229364, 0.8688526360761141, 0.8641798984143816, 0.8630620871196212, 0.8619279026474649, 0.86174869387079, 0.8611380470563689, 0.8610730633715812, 0.8583003704674474, 0.8579340985262263, 0.8573219093000145, 0.8536965990465006, 0.853227293190593, 0.8515277378637868, 0.8490366781348899, 0.8477431541226166, 0.8460132886781979, 0.8448523295398876, 0.8384293919134769, 0.8368817235958368, 0.8337679482464646, 0.8331551006401411, 0.8297813722028429, 0.8287802789236484, 0.8196260506328912, 0.8131065120782904, 0.8075082955752335, 0.8054014681457291, 0.8053778733779632, 0.7951042837004676, 0.7943896920740663, 0.782534617859769, 0.7823662726998435, 0.7779164534193083, 0.7758201027218263, 0.7747956490871523, 0.7690688610533309, 0.7684015495035839, 0.7678247799558053, 0.7571480563186908, 0.7557030811339012, 0.7545292767134545, 0.7510439283292198, 0.7407026457528489, 0.7403292569107853, 0.7376130147257112, 0.736428746337462, 0.7305957877850978, 0.7304331568213058, 0.7290117760082607, 0.7270937223062421, 0.7201504260841813, 0.717226706618999, 0.7095562168014421, 0.7088058301947002, 0.706668928764794, 0.7023993855472057, 0.7017436363513081, 0.7008690536795864, 0.6742660375776867, 0.6737407919182342, 0.6658578327574115, 0.6632075402689647, 0.6608993566918994, 0.6525294366436062, 0.6452904275494036, 0.644341383801322, 0.6442477513718736, 0.6381438843712415, 0.6372932981947247, 0.6273749012696631, 0.6199035094664179, 0.6182958135605479, 0.6094926643093326, 0.607056321241331, 0.6069063857272561, 0.6064843249897048, 0.6044931679872962, 0.5780976212448947, 0.578000618261631, 0.5620102134874155, 0.5618439805314742, 0.5520961810355579, 0.55054661918554, 0.5487859980410174, 0.5459433772507883, 0.5417390987926964, 0.5345596571209783, 0.5329340707180383, 0.5318850145210143, 0.5307876256911278, 0.5259167835514305, 0.4836167586350879, 0.4817047221643324, 0.4812064979080396, 0.4696771097246366, 0.43531801169824447, 0.4344717027162718, 0.413409425437631, 0.4124451939407078, 0.40334948602774073, 0.3980999334626533, 0.3904361581449842, 0.383509603239158, 0.3624680418827589, 0.3538925063138158, 0.3421972399211725, 0.32401931759959607, 0.27919614345949173, 0.2759904428517941, 0.20890140936040796, 0.20742248603396934, 0.17423457205208345, 0.16681207921718555, 0.1201959781155161, 0.1183811946582195, 0.09761583760549757, 0.09589269904533727, 0.08619295292238328, 0.08365995666801071, 0.08312211564459795, 0.07426333861511004, 0.07286952951967121, 0.06836404338322807, 0.06355792252725131, 0.04634459768443547, 0.04396488984101367, 0.040763223767011345, 0.03935887681907549, 0.03615085954697703, 0.03171300335597056, 0.02528328612610138, 0.02367509172888321, 0.0025954062394201783]
  - AUC: 0.8682875
  - Precision: 0.467312348668
  - Recall: 0.965
  - F1: 0.62969004894
================================

Running model 'mnb' on train data 'default.txt1.train' and test data 'default.txt1.test'
------------------------------------------------------------------------
Classifying line:
  1	So there is no way for me to plug it in here in the US unless I go by a converter.	0
  words = [way, plug, u, unless, go, convert, way plug, plug u, u unless, unless go, go convert]
  predicted label = 0.305668476112, expected label = 0
------------------------------------------------------------------------
Classifying line:
  2	Tied to charger for conversations lasting more than 45 minutes.MAJOR PROBLEMS!!	0
  words = [tie, charger, convers, last, minut, major, problem, tie charger, charger convers, convers last, last minut, minut major, major problem]
  predicted label = 0.163152237426, expected label = 0
------------------------------------------------------------------------
Classifying line:
  3	I have to jiggle the plug to get it to line up right to get decent volume.	0
  words = [jiggl, plug, get, line, right, get, decent, volum, jiggl plug, plug get, get line, line right, right get, get decent, decent volum]
  predicted label = 0.541350082696, expected label = 0
------------------------------------------------------------------------
Classifying line:
  4	If you have several dozen or several hundred contacts, then imagine the fun of sending each of them one by one.	0
  words = [sever, dozen, sever, hundr, contact, imagin, fun, send, one, one, sever dozen, dozen sever, sever hundr, hundr contact, contact imagin, imagin fun, fun send, send one, one one]
  predicted label = 0.799797200947, expected label = 0
------------------------------------------------------------------------
Classifying line:
  5	Needless to say, I wasted my money.	0
  words = [needl, say, wast, money, needl say, say wast, wast money]
  predicted label = 0.0353488540242, expected label = 0
------------------------------------------------------------------------
Classifying line:
  6	What a waste of money and time!.	0
  words = [wast, money, time, wast money, money time]
  predicted label = 0.0243756531913, expected label = 0
------------------------------------------------------------------------
Classifying line:
  7	If the two were seperated by a mere 5+ ft I started to notice excessive static and garbled sound from the headset.	0
  words = [two, seper, mere, ft, start, notic, excess, static, garbl, sound, headset, two seper, seper mere, mere ft, ft start, start notic, notic excess, excess static, static garbl, garbl sound, sound headset]
  predicted label = 0.844517273194, expected label = 0
------------------------------------------------------------------------
Classifying line:
  8	The design is very odd, as the ear "clip" is not very comfortable at all.	0
  words = [design, odd, ear, clip, comfort, design odd, odd ear, ear clip, clip comfort]
  predicted label = 0.956432732368, expected label = 0
------------------------------------------------------------------------
Classifying line:
  9	I advise EVERYONE DO NOT BE FOOLED!	0
  words = [advis, everyon, fool, advis everyon, everyon fool]
  predicted label = 0.497824314739, expected label = 0
------------------------------------------------------------------------
Classifying line:
  10	It clicks into place in a way that makes you wonder how long that mechanism would last.	0
  words = [click, place, way, make, wonder, long, mechan, would, last, click place, place way, way make, make wonder, wonder long, long mechan, mechan would, would last]
  predicted label = 0.713589023636, expected label = 0

================================
You guessed 371/600 = 61.8333333333% correct.
  - False positive rate: [0.0, 0.0, 0.0025, 0.0025, 0.005, 0.005, 0.0075, 0.0075, 0.01, 0.01, 0.0125, 0.0125, 0.02, 0.02, 0.0225, 0.0225, 0.025, 0.025, 0.0275, 0.0275, 0.0275, 0.0275, 0.0275, 0.0275, 0.03, 0.03, 0.0325, 0.035, 0.035, 0.0375, 0.0375, 0.0475, 0.0475, 0.05, 0.05, 0.0525, 0.0525, 0.055, 0.055, 0.055, 0.0625, 0.0625, 0.065, 0.065, 0.0675, 0.0675, 0.0675, 0.0675, 0.07, 0.07, 0.0725, 0.0725, 0.08, 0.08, 0.085, 0.085, 0.0875, 0.0875, 0.09, 0.09, 0.0925, 0.0925, 0.095, 0.095, 0.1025, 0.1025, 0.105, 0.105, 0.105, 0.11, 0.11, 0.1175, 0.1175, 0.12, 0.12, 0.1225, 0.1225, 0.13, 0.13, 0.1325, 0.135, 0.135, 0.145, 0.145, 0.1525, 0.1525, 0.1725, 0.1725, 0.1775, 0.1775, 0.18, 0.18, 0.1875, 0.1875, 0.19, 0.19, 0.2, 0.205, 0.2075, 0.2075, 0.2125, 0.2225, 0.2225, 0.225, 0.225, 0.235, 0.235, 0.2425, 0.2425, 0.245, 0.245, 0.2475, 0.2525, 0.29, 0.29, 0.2925, 0.2925, 0.295, 0.295, 0.305, 0.3075, 0.32, 0.32, 0.3275, 0.3275, 0.335, 0.335, 0.34, 0.345, 0.3525, 0.3525, 0.36, 0.3625, 0.3625, 0.3775, 0.38, 0.3825, 0.3825, 0.3875, 0.3925, 0.395, 0.4, 0.405, 0.405, 0.4075, 0.4125, 0.4125, 0.4175, 0.4175, 0.4325, 0.435, 0.445, 0.5275, 0.535, 0.535, 0.54, 0.54, 0.5425, 0.545, 0.55, 0.5625, 0.5625, 0.58, 0.585, 0.585, 0.5875, 0.5875, 0.59, 0.595, 0.595, 0.61, 0.615, 0.6225, 0.64, 0.65, 0.655, 0.6575, 0.6875, 0.695, 0.7325, 0.7325, 0.755, 0.76, 0.7825, 0.7825, 0.7975, 0.8025, 0.805, 0.81, 0.82, 0.83, 0.84, 0.845, 0.87, 0.8775, 0.8825, 0.91, 0.915, 0.92, 0.9425, 0.9475, 0.96, 0.965, 0.97, 1.0]
  - True positive rate: [0.005, 0.055, 0.055, 0.065, 0.065, 0.1, 0.1, 0.19, 0.19, 0.195, 0.195, 0.235, 0.235, 0.245, 0.245, 0.265, 0.265, 0.28, 0.28, 0.285, 0.31, 0.315, 0.34, 0.4, 0.4, 0.41, 0.41, 0.415, 0.42, 0.42, 0.425, 0.425, 0.44, 0.44, 0.455, 0.455, 0.47, 0.47, 0.515, 0.53, 0.53, 0.54, 0.54, 0.545, 0.545, 0.555, 0.565, 0.57, 0.57, 0.585, 0.585, 0.61, 0.61, 0.615, 0.615, 0.62, 0.62, 0.63, 0.63, 0.64, 0.64, 0.65, 0.65, 0.655, 0.655, 0.665, 0.665, 0.675, 0.68, 0.68, 0.685, 0.685, 0.695, 0.695, 0.7, 0.7, 0.705, 0.705, 0.71, 0.71, 0.715, 0.725, 0.725, 0.73, 0.73, 0.74, 0.74, 0.745, 0.745, 0.75, 0.75, 0.755, 0.755, 0.765, 0.765, 0.77, 0.77, 0.77, 0.77, 0.775, 0.78, 0.78, 0.785, 0.785, 0.79, 0.79, 0.805, 0.805, 0.815, 0.815, 0.82, 0.82, 0.82, 0.82, 0.825, 0.825, 0.83, 0.83, 0.835, 0.835, 0.835, 0.84, 0.845, 0.845, 0.85, 0.85, 0.855, 0.855, 0.855, 0.855, 0.86, 0.86, 0.86, 0.865, 0.865, 0.87, 0.87, 0.875, 0.875, 0.875, 0.875, 0.875, 0.875, 0.88, 0.88, 0.88, 0.9, 0.9, 0.905, 0.905, 0.91, 0.91, 0.945, 0.945, 0.95, 0.95, 0.96, 0.96, 0.965, 0.965, 0.965, 0.97, 0.97, 0.97, 0.975, 0.975, 0.98, 0.98, 0.98, 0.985, 0.985, 0.985, 0.985, 0.985, 0.985, 0.985, 0.99, 0.99, 0.99, 0.99, 0.995, 0.995, 0.995, 0.995, 1.0, 1.0, 1.0, 1.0, 1.0, 1.0, 1.0, 1.0, 1.0, 1.0, 1.0, 1.0, 1.0, 1.0, 1.0, 1.0, 1.0, 1.0, 1.0, 1.0, 1.0]
  - Thresholds: [0.9999999796720618, 0.9991866058750523, 0.9989833537665427, 0.9983739670554117, 0.9981418978427768, 0.9955312835444565, 0.99520349553185, 0.9858266561974682, 0.9854688849548154, 0.9850336091165458, 0.9849087731355815, 0.9809716238178792, 0.9800401398208504, 0.9788433223175061, 0.9766224603268212, 0.9741406475741862, 0.9739897387671524, 0.9720349613771043, 0.9715588740500019, 0.9715029238515378, 0.9710666970988212, 0.9709892889026143, 0.970697151379002, 0.9615417215664064, 0.9588197699412653, 0.9579978829992293, 0.9570405960045536, 0.9564327323682571, 0.9562515964151073, 0.9560230473325327, 0.9547494832113465, 0.9534055071314121, 0.9526714005254486, 0.9525035583446145, 0.9496184741218856, 0.948517192248929, 0.9471748354603934, 0.9458365148481314, 0.9452880786397356, 0.9444463442184179, 0.9425514218340191, 0.9358738286994369, 0.9352215734407341, 0.9316962933255137, 0.9274338403162484, 0.9239744560652944, 0.9218565135608836, 0.9204844801588343, 0.9203874833721912, 0.9193571284663457, 0.9171944915855361, 0.9092957280639402, 0.9022522011388612, 0.9017535954852074, 0.8966258919163311, 0.8950165255860477, 0.8943286887141848, 0.8901826784564054, 0.8893253276234846, 0.883882521437412, 0.8836621490634395, 0.8829154584758879, 0.8825161807214632, 0.8808031936615441, 0.8773823774259663, 0.8764810378478102, 0.8760566864254825, 0.8740450210978303, 0.8708003609934971, 0.8683055600069206, 0.8675578612712747, 0.8656577972829634, 0.862399090614035, 0.8622311339742945, 0.8582514187456312, 0.8568808465779221, 0.8567086414381093, 0.8560738929111108, 0.8533912285730322, 0.8532155438829931, 0.8507926106690874, 0.8480117399473396, 0.8445172731941676, 0.8437056934060191, 0.8377774124833582, 0.8358339043955872, 0.8280089766429332, 0.8275913732618454, 0.8232184665729672, 0.8215025056603277, 0.8197405069609808, 0.8194064683630401, 0.8148698855013485, 0.814046627323678, 0.81126704718791, 0.8089532072370166, 0.7989191934946231, 0.7917268616259068, 0.7902084572288066, 0.7891183871493478, 0.7872785721461338, 0.7785054193146519, 0.7779639276783097, 0.7738195476563953, 0.773494966132599, 0.754969490546548, 0.752359395979596, 0.7483646781081725, 0.7430226568104747, 0.7413120418784678, 0.7403299165735724, 0.7372909893874792, 0.7351511077062582, 0.7082898214704874, 0.7062526316798092, 0.7058337694328569, 0.7012643178698328, 0.7004861829722061, 0.6975124699121926, 0.6965764484541425, 0.6959852104174401, 0.6938064849312034, 0.6881491177289009, 0.6840349383327529, 0.68235613462548, 0.6752069563738013, 0.6661913597335779, 0.6653080648112427, 0.6626237864246337, 0.6511419689967016, 0.650676960348812, 0.650197138382202, 0.6452671995599121, 0.6431664674197013, 0.6265595114885251, 0.6244987443909332, 0.6204681262788794, 0.6194186213236622, 0.6144668712738248, 0.6133227245454304, 0.6110027272576498, 0.61083644483766, 0.605182759088524, 0.6038842626748464, 0.6020378415427796, 0.5994867416988332, 0.591632227586912, 0.5759409515830052, 0.5747974641971465, 0.5589135170672942, 0.5559921801713734, 0.5429477236123279, 0.5416666666666667, 0.5388982264056318, 0.5360536563595877, 0.5239005686957121, 0.5208553337168744, 0.5185919135885271, 0.5150679549542377, 0.5057612205989516, 0.49207254179530757, 0.4872706802105301, 0.44758449278026347, 0.4442788643785876, 0.4375402065113658, 0.43710730241820805, 0.43051019972971316, 0.4300801160687797, 0.4264414690847086, 0.42576491434024216, 0.41259346953456044, 0.4098499177475198, 0.40698881040195, 0.3744990122553783, 0.361624893291393, 0.34494505965319816, 0.3314021919159883, 0.28903411659987, 0.28394152209225737, 0.2157480281598846, 0.21354444067729697, 0.17436446780487214, 0.16503180312015645, 0.1347442790636163, 0.1315429645682085, 0.1189247178878941, 0.10020865397096747, 0.09968170604459255, 0.09921947040465556, 0.09154263944093366, 0.08340325144071055, 0.08121076970727516, 0.07987641355225306, 0.07025460125816645, 0.0672486559851031, 0.06612719721996027, 0.045308135622798756, 0.04367653262395991, 0.04189154279560982, 0.041320541988844856, 0.03534885402421823, 0.03333859811026224, 0.026400014561542225, 0.02437565319127709, 0.0029459100780240177]
  - AUC: 0.8678375
  - Precision: 0.465060240964
  - Recall: 0.965
  - F1: 0.627642276423
================================

Running model 'dt' on train data 'default.txt1.train' and test data 'default.txt1.test'
Best hyperparameters were: {'max_features': 0.9, 'min_samples_leaf': 1}
------------------------------------------------------------------------
Classifying line:
  1	So there is no way for me to plug it in here in the US unless I go by a converter.	0
  words = [way, plug, u, unless, go, convert, way plug, plug u, u unless, unless go, go convert]
  predicted label = 0.0, expected label = 0
------------------------------------------------------------------------
Classifying line:
  2	Tied to charger for conversations lasting more than 45 minutes.MAJOR PROBLEMS!!	0
  words = [tie, charger, convers, last, minut, major, problem, tie charger, charger convers, convers last, last minut, minut major, major problem]
  predicted label = 0.0, expected label = 0
------------------------------------------------------------------------
Classifying line:
  3	I have to jiggle the plug to get it to line up right to get decent volume.	0
  words = [jiggl, plug, get, line, right, get, decent, volum, jiggl plug, plug get, get line, line right, right get, get decent, decent volum]
  predicted label = 1.0, expected label = 0
------------------------------------------------------------------------
Classifying line:
  4	If you have several dozen or several hundred contacts, then imagine the fun of sending each of them one by one.	0
  words = [sever, dozen, sever, hundr, contact, imagin, fun, send, one, one, sever dozen, dozen sever, sever hundr, hundr contact, contact imagin, imagin fun, fun send, send one, one one]
  predicted label = 1.0, expected label = 0
------------------------------------------------------------------------
Classifying line:
  5	Needless to say, I wasted my money.	0
  words = [needl, say, wast, money, needl say, say wast, wast money]
  predicted label = 0.5, expected label = 0
------------------------------------------------------------------------
Classifying line:
  6	What a waste of money and time!.	0
  words = [wast, money, time, wast money, money time]
  predicted label = 0.5, expected label = 0
------------------------------------------------------------------------
Classifying line:
  7	If the two were seperated by a mere 5+ ft I started to notice excessive static and garbled sound from the headset.	0
  words = [two, seper, mere, ft, start, notic, excess, static, garbl, sound, headset, two seper, seper mere, mere ft, ft start, start notic, notic excess, excess static, static garbl, garbl sound, sound headset]
  predicted label = 0.0, expected label = 0
------------------------------------------------------------------------
Classifying line:
  8	The design is very odd, as the ear "clip" is not very comfortable at all.	0
  words = [design, odd, ear, clip, comfort, design odd, odd ear, ear clip, clip comfort]
  predicted label = 1.0, expected label = 0
------------------------------------------------------------------------
Classifying line:
  9	I advise EVERYONE DO NOT BE FOOLED!	0
  words = [advis, everyon, fool, advis everyon, everyon fool]
  predicted label = 1.0, expected label = 0
------------------------------------------------------------------------
Classifying line:
  10	It clicks into place in a way that makes you wonder how long that mechanism would last.	0
  words = [click, place, way, make, wonder, long, mechan, would, last, click place, place way, way make, make wonder, wonder long, long mechan, mechan would, would last]
  predicted label = 1.0, expected label = 0

================================
You guessed 377/600 = 62.8333333333% correct.
  - False positive rate: [0.0, 0.3975, 0.4025, 0.4225, 0.4325, 0.4875, 0.575, 0.58, 0.59, 0.6125, 1.0]
  - True positive rate: [0.0, 0.7, 0.785, 0.845, 0.845, 0.86, 0.9, 0.915, 0.93, 0.93, 1.0]
  - Thresholds: [2.0, 1.0, 0.96, 0.8, 0.6666666666666666, 0.5, 0.4959349593495935, 0.42857142857142855, 0.3333333333333333, 0.25, 0.0]
  - AUC: 0.7001
  - Precision: 0.468664850136
  - Recall: 0.86
  - F1: 0.606701940035
================================

Running model 'rf' on train data 'default.txt1.train' and test data 'default.txt1.test'
------------------------------------------------------------------------
Classifying line:
  1	So there is no way for me to plug it in here in the US unless I go by a converter.	0
  words = [way, plug, u, unless, go, convert, way plug, plug u, u unless, unless go, go convert]
  predicted label = 0.345018150389, expected label = 0
------------------------------------------------------------------------
Classifying line:
  2	Tied to charger for conversations lasting more than 45 minutes.MAJOR PROBLEMS!!	0
  words = [tie, charger, convers, last, minut, major, problem, tie charger, charger convers, convers last, last minut, minut major, major problem]
  predicted label = 0.335627612363, expected label = 0
------------------------------------------------------------------------
Classifying line:
  3	I have to jiggle the plug to get it to line up right to get decent volume.	0
  words = [jiggl, plug, get, line, right, get, decent, volum, jiggl plug, plug get, get line, line right, right get, get decent, decent volum]
  predicted label = 0.553408828452, expected label = 0
------------------------------------------------------------------------
Classifying line:
  4	If you have several dozen or several hundred contacts, then imagine the fun of sending each of them one by one.	0
  words = [sever, dozen, sever, hundr, contact, imagin, fun, send, one, one, sever dozen, dozen sever, sever hundr, hundr contact, contact imagin, imagin fun, fun send, send one, one one]
  predicted label = 0.499255497255, expected label = 0
------------------------------------------------------------------------
Classifying line:
  5	Needless to say, I wasted my money.	0
  words = [needl, say, wast, money, needl say, say wast, wast money]
  predicted label = 0.0664689675982, expected label = 0
------------------------------------------------------------------------
Classifying line:
  6	What a waste of money and time!.	0
  words = [wast, money, time, wast money, money time]
  predicted label = 0.0664689675982, expected label = 0
------------------------------------------------------------------------
Classifying line:
  7	If the two were seperated by a mere 5+ ft I started to notice excessive static and garbled sound from the headset.	0
  words = [two, seper, mere, ft, start, notic, excess, static, garbl, sound, headset, two seper, seper mere, mere ft, ft start, start notic, notic excess, excess static, static garbl, garbl sound, sound headset]
  predicted label = 0.454662667623, expected label = 0
------------------------------------------------------------------------
Classifying line:
  8	The design is very odd, as the ear "clip" is not very comfortable at all.	0
  words = [design, odd, ear, clip, comfort, design odd, odd ear, ear clip, clip comfort]
  predicted label = 0.502604967575, expected label = 0
------------------------------------------------------------------------
Classifying line:
  9	I advise EVERYONE DO NOT BE FOOLED!	0
  words = [advis, everyon, fool, advis everyon, everyon fool]
  predicted label = 0.496583345858, expected label = 0
------------------------------------------------------------------------
Classifying line:
  10	It clicks into place in a way that makes you wonder how long that mechanism would last.	0
  words = [click, place, way, make, wonder, long, mechan, would, last, click place, place way, way make, make wonder, wonder long, long mechan, mechan would, would last]
  predicted label = 0.981914096279, expected label = 0

================================
You guessed 406/600 = 67.6666666667% correct.
  - False positive rate: [0.0, 0.0025, 0.005, 0.015, 0.015, 0.015, 0.015, 0.015, 0.015, 0.015, 0.015, 0.015, 0.0175, 0.0175, 0.02, 0.025, 0.025, 0.025, 0.0275, 0.0475, 0.0475, 0.0525, 0.0525, 0.0525, 0.0625, 0.0675, 0.0675, 0.07, 0.07, 0.0725, 0.1, 0.105, 0.105, 0.11, 0.11, 0.115, 0.12, 0.12, 0.1225, 0.1275, 0.13, 0.14, 0.145, 0.1475, 0.155, 0.1575, 0.165, 0.175, 0.175, 0.2075, 0.21, 0.21, 0.2175, 0.2175, 0.2225, 0.2275, 0.2325, 0.2425, 0.2425, 0.245, 0.245, 0.25, 0.255, 0.26, 0.26, 0.2775, 0.2775, 0.2925, 0.2925, 0.305, 0.3175, 0.32, 0.3225, 0.3275, 0.3275, 0.3375, 0.3425, 0.35, 0.35, 0.355, 0.355, 0.365, 0.3675, 0.3725, 0.3725, 0.3825, 0.3825, 0.39, 0.3975, 0.3975, 0.405, 0.4075, 0.6225, 0.625, 0.6275, 0.6275, 0.63, 0.63, 0.635, 0.64, 0.645, 0.6475, 0.6525, 0.67, 0.675, 0.68, 0.685, 0.695, 0.7, 0.7, 0.705, 0.7125, 0.7175, 0.7225, 0.7275, 0.7375, 0.7375, 0.745, 0.7475, 0.7525, 0.76, 0.7675, 0.7775, 0.7825, 0.7825, 0.79, 0.79, 0.795, 0.805, 0.81, 0.81, 0.8175, 0.8175, 0.82, 0.82, 0.825, 0.835, 0.84, 0.85, 0.855, 0.86, 0.86, 0.8625, 0.8625, 0.8825, 0.8875, 0.92, 0.9225, 0.94, 0.945, 0.975, 0.985, 0.9975, 1.0]
  - True positive rate: [0.0, 0.05, 0.05, 0.285, 0.3, 0.31, 0.315, 0.325, 0.33, 0.39, 0.4, 0.41, 0.44, 0.455, 0.465, 0.465, 0.475, 0.485, 0.49, 0.585, 0.59, 0.59, 0.6, 0.605, 0.61, 0.61, 0.615, 0.615, 0.62, 0.62, 0.635, 0.635, 0.64, 0.64, 0.645, 0.645, 0.645, 0.655, 0.655, 0.655, 0.66, 0.66, 0.665, 0.665, 0.665, 0.67, 0.67, 0.67, 0.675, 0.705, 0.705, 0.71, 0.71, 0.725, 0.725, 0.725, 0.725, 0.725, 0.735, 0.735, 0.74, 0.74, 0.74, 0.74, 0.745, 0.745, 0.75, 0.75, 0.755, 0.755, 0.76, 0.76, 0.765, 0.765, 0.775, 0.775, 0.775, 0.775, 0.78, 0.78, 0.785, 0.795, 0.795, 0.795, 0.8, 0.805, 0.81, 0.81, 0.815, 0.82, 0.82, 0.825, 0.9, 0.905, 0.905, 0.91, 0.915, 0.92, 0.92, 0.92, 0.92, 0.92, 0.92, 0.92, 0.92, 0.92, 0.92, 0.92, 0.92, 0.925, 0.93, 0.93, 0.935, 0.935, 0.94, 0.94, 0.945, 0.945, 0.95, 0.95, 0.95, 0.95, 0.95, 0.95, 0.955, 0.955, 0.96, 0.96, 0.96, 0.96, 0.965, 0.965, 0.97, 0.97, 0.975, 0.98, 0.98, 0.98, 0.98, 0.98, 0.98, 0.99, 0.99, 1.0, 1.0, 1.0, 1.0, 1.0, 1.0, 1.0, 1.0, 1.0, 1.0, 1.0]
  - Thresholds: [2.0, 1.0, 0.981914096278645, 0.9506865198009716, 0.9430755862346171, 0.9423698432411445, 0.9370654028312374, 0.9359708579796786, 0.9359704289723588, 0.9355853999303367, 0.885182877405676, 0.8776045789859448, 0.8722726707736526, 0.829530990872915, 0.8218127776955437, 0.8039932075337088, 0.8036143884607224, 0.7955732092626477, 0.784745307133486, 0.7830386844108667, 0.7788531024397491, 0.7730602336727225, 0.7673947096943544, 0.7600176100742086, 0.7554563926069364, 0.7496541735579126, 0.7468473094254342, 0.7428527338135922, 0.7409712905142062, 0.7367654241324634, 0.7356983376606082, 0.7334708940515857, 0.7329941629522223, 0.7301637123272213, 0.730038162017087, 0.7295647557427489, 0.7194310061564173, 0.7079098196028553, 0.7060487171878274, 0.7028659703414515, 0.6997094852941905, 0.6941583107630137, 0.6914850872241664, 0.6897972940733414, 0.6875298578401525, 0.6844102565724577, 0.6787731633474732, 0.6720025975217796, 0.6715342717299244, 0.6704256744448566, 0.6695838798930249, 0.6613339926162302, 0.6569975315626644, 0.6548720573726124, 0.6532951342956893, 0.6480362123471858, 0.6465265391863881, 0.6431589679718376, 0.6321689615999634, 0.6241358609229989, 0.620099067360669, 0.6158270347119242, 0.6146874742764955, 0.6064323424865276, 0.5985252672540878, 0.5832729428206916, 0.580561560328376, 0.564898259611637, 0.5604548999105368, 0.5470245502057057, 0.5410029284882516, 0.5389252342526626, 0.5338306005966448, 0.5310450396199503, 0.5258878714731302, 0.516160944332323, 0.5156841602070766, 0.510499642871931, 0.5097056018782975, 0.5075268679572329, 0.5073463894754056, 0.5066038874075283, 0.5038713086701694, 0.5036839801608434, 0.5026130482523669, 0.5026049675750291, 0.5016554297369982, 0.5003827871441517, 0.4995081969496131, 0.4993247516839211, 0.499255497254584, 0.497708290697447, 0.49658334585757496, 0.4960119971692314, 0.48797259495208395, 0.4875743782065185, 0.48746760882677814, 0.4864618935161273, 0.4861137484771065, 0.4849629136886117, 0.4810198778582599, 0.48088875665353376, 0.48036697452350974, 0.47470024405860883, 0.47332451381040036, 0.4719489726505357, 0.46915070526176217, 0.4660312283355805, 0.4643074532376461, 0.46378298774634724, 0.4636584132704107, 0.46115366744675, 0.4590508656615642, 0.4579946749854471, 0.45672902923541364, 0.45437502556676823, 0.4537781964006743, 0.45244157679240027, 0.45241641149743034, 0.4518956353835244, 0.451393503671342, 0.4406705192035724, 0.4382901886459287, 0.43734602007363244, 0.4344443476222795, 0.4296282660844384, 0.4261983497438282, 0.4187954247342804, 0.41602028118110346, 0.4131695551382588, 0.4087375436379386, 0.39288344944783793, 0.391650528461832, 0.3862513877124642, 0.37674808950946675, 0.375972580702904, 0.35934362366637884, 0.3529001553790449, 0.34001383515271255, 0.33562761236339106, 0.3100045183717394, 0.29914788671284454, 0.2984348106068497, 0.29433683337385647, 0.06813855782013323, 0.06793493791063096, 0.06646896759815657, 0.06538007870926768, 0.058276239121497396, 0.02484502923976608, 0.023855970513369535, 0.00659035409035409, 0.006034798534798535, 0.0046386946386946385]
  - AUC: 0.82469375
  - Precision: 0.509433962264
  - Recall: 0.81
  - F1: 0.625482625483
================================

