preprocessSentences.py:68: UnicodeWarning: Unicode equal comparison failed to convert both arguments to Unicode - interpreting them as being unequal
  return [clean_word(w) for w in tokens if w.lower() not in stop_words and w.isalpha()]
Path: .
Training data: ./default.txt3.train
Done building things up man. Num documents in train set: 2400.
Number of features before any feature selection: 10043
Number of features after filtering out words by count threshold: 480
Done doing the feature selection thing man. Num vocabs: 432.
Output files: ./out*
Runtime: 3.58202886581
Running model 'mybnb' on train data 'default.txt3.train' and test data 'default.txt3.test'
Num train examples = 2400, positive prior = 0.458333333333, negative prior = 0.541666666667
Using 432 features: dialogu, unit, music, hold, first tim, want, hot, wrong, fit, wast...
395 features are used in positive reviews: lack, go, follow, friendli, send, certainli, everi, far, voic, worst...
409 features are used in negative reviews: lack, poorli, go, follow, hate, friendli, send, certainli, everi, far...
------------------------------------------------------------------------
Classifying line:
  1201	The best scene in the movie was when Gerardo is trying to find a song that keeps running through his head.  	1
  words = [best, scene, movi, gerardo, tri, find, song, keep, run, head, best scene, scene movi, movi gerardo, gerardo tri, tri find, find song, song keep, keep run, run head]
  positive probability = 3.55767522783e-53, negative probability = 6.38405485607e-54
  predicted label = 1, expected label = 1
------------------------------------------------------------------------
Classifying line:
  1202	Saw the movie today and thought it was a good effort, good messages for kids.  	1
  words = [saw, movi, today, thought, good, effort, good, messag, kid, saw movi, movi today, today thought, thought good, good effort, effort good, good messag, messag kid]
  positive probability = 1.14297752047e-47, negative probability = 6.08752987213e-49
  predicted label = 1, expected label = 1
------------------------------------------------------------------------
Classifying line:
  1203	Loved the casting of Jimmy Buffet as the science teacher.  	1
  words = [love, cast, jimmi, buffet, scienc, teacher, love cast, cast jimmi, jimmi buffet, buffet scienc, scienc teacher]
  positive probability = 1.46127474999e-31, negative probability = 2.22880743296e-33
  predicted label = 1, expected label = 1
------------------------------------------------------------------------
Classifying line:
  1204	And those baby owls were adorable.  	1
  words = [babi, owl, ador, babi owl, owl ador]
  positive probability = 2.82015819753e-16, negative probability = 1.44769538329e-16
  predicted label = 1, expected label = 1
------------------------------------------------------------------------
Classifying line:
  1205	The movie showed a lot of Florida at it's best, made it look very appealing.  	1
  words = [movi, show, lot, florida, best, made, look, appeal, movi show, show lot, lot florida, florida best, best made, made look, look appeal]
  positive probability = 6.5479787781e-40, negative probability = 3.12168050928e-40
  predicted label = 1, expected label = 1
------------------------------------------------------------------------
Classifying line:
  1206	The Songs Were The Best And The Muppets Were So Hilarious.  	1
  words = [song, best, muppet, hilari, song best, best muppet, muppet hilari]
  positive probability = 9.75347942663e-21, negative probability = 5.12396873753e-22
  predicted label = 1, expected label = 1
------------------------------------------------------------------------
Classifying line:
  1207	It Was So Cool.  	1
  words = [cool]
  positive probability = 0.00332728372656, negative probability = 0.000832053251408
  predicted label = 1, expected label = 1
------------------------------------------------------------------------
Classifying line:
  1208	This is a very "right on case" movie that delivers everything almost right in your face.  	1
  words = [right, case, movi, deliv, everyth, almost, right, face, right case, case movi, movi deliv, deliv everyth, everyth almost, almost right, right face]
  positive probability = 6.24616412746e-44, negative probability = 7.9626581708e-44
  predicted label = 0, expected label = 1
------------------------------------------------------------------------
Classifying line:
  1209	This review is long overdue, since I consider A Tale of Two Sisters to be the single greatest film ever made.  	1
  words = [review, long, overdu, sinc, consid, tale, two, sister, singl, greatest, film, ever, made, review long, long overdu, overdu sinc, sinc consid, consid tale, tale two, two sister, sister singl, singl greatest, greatest film, film ever, ever made]
  positive probability = 4.52647706876e-70, negative probability = 9.59763469341e-71
  predicted label = 1, expected label = 1
------------------------------------------------------------------------
Classifying line:
  1210	I'll put this gem up against any movie in terms of screenplay, cinematography, acting, post-production, editing, directing, or any other aspect of film-making.  	1
  words = [put, gem, movi, term, screenplay, cinematographi, act, post, product, edit, direct, aspect, film, make, put gem, gem movi, movi term, term screenplay, screenplay cinematographi, cinematographi act, act post, post product, product edit, edit direct, direct aspect, aspect film, film make]
  positive probability = 9.57139967681e-77, negative probability = 2.24494315357e-75
  predicted label = 0, expected label = 1

================================
You guessed 385/600 = 64.1666666667% correct.
  - False positive rate: [0.0, 0.58, 1.0]
  - True positive rate: [0.0, 0.7525, 1.0]
  - Thresholds: [2, 1, 0]
  - AUC: 0.58625
  - F1: 0.736842105263
================================

Running model 'mymnb' on train data 'default.txt3.train' and test data 'default.txt3.test'
Num train examples = 2400, positive prior = 0.458333333333, negative prior = 0.541666666667
Using 432 features: dialogu, unit, music, hold, first tim, want, hot, wrong, fit, wast...
395 features are used in positive reviews: lack, go, follow, friendli, send, certainli, everi, far, voic, worst...
409 features are used in negative reviews: lack, poorli, go, follow, hate, friendli, send, certainli, everi, far...
------------------------------------------------------------------------
Classifying line:
  1201	The best scene in the movie was when Gerardo is trying to find a song that keeps running through his head.  	1
  words = [best, scene, movi, gerardo, tri, find, song, keep, run, head, best scene, scene movi, movi gerardo, gerardo tri, tri find, find song, song keep, keep run, run head]
  positive probability = 7.12694555414e-56, negative probability = 3.08645915667e-56
  predicted label = 1, expected label = 1
------------------------------------------------------------------------
Classifying line:
  1202	Saw the movie today and thought it was a good effort, good messages for kids.  	1
  words = [saw, movi, today, thought, good, effort, good, messag, kid, saw movi, movi today, today thought, thought good, good effort, effort good, good messag, messag kid]
  positive probability = 4.65698011847e-50, negative probability = 4.88258837571e-51
  predicted label = 1, expected label = 1
------------------------------------------------------------------------
Classifying line:
  1203	Loved the casting of Jimmy Buffet as the science teacher.  	1
  words = [love, cast, jimmi, buffet, scienc, teacher, love cast, cast jimmi, jimmi buffet, buffet scienc, scienc teacher]
  positive probability = 3.89836950756e-33, negative probability = 9.65531861268e-35
  predicted label = 1, expected label = 1
------------------------------------------------------------------------
Classifying line:
  1204	And those baby owls were adorable.  	1
  words = [babi, owl, ador, babi owl, owl ador]
  positive probability = 5.43109771974e-17, negative probability = 3.47530297547e-17
  predicted label = 1, expected label = 1
------------------------------------------------------------------------
Classifying line:
  1205	The movie showed a lot of Florida at it's best, made it look very appealing.  	1
  words = [movi, show, lot, florida, best, made, look, appeal, movi show, show lot, lot florida, florida best, best made, made look, look appeal]
  positive probability = 5.20573463915e-42, negative probability = 4.43068900195e-42
  predicted label = 1, expected label = 1
------------------------------------------------------------------------
Classifying line:
  1206	The Songs Were The Best And The Muppets Were So Hilarious.  	1
  words = [song, best, muppet, hilari, song best, best muppet, muppet hilari]
  positive probability = 1.01817578205e-21, negative probability = 6.95101374374e-23
  predicted label = 1, expected label = 1
------------------------------------------------------------------------
Classifying line:
  1207	It Was So Cool.  	1
  words = [cool]
  positive probability = 0.00239338555265, negative probability = 0.000625481139338
  predicted label = 1, expected label = 1
------------------------------------------------------------------------
Classifying line:
  1208	This is a very "right on case" movie that delivers everything almost right in your face.  	1
  words = [right, case, movi, deliv, everyth, almost, right, face, right case, case movi, movi deliv, deliv everyth, everyth almost, almost right, right face]
  positive probability = 4.46124249207e-46, negative probability = 1.13016248392e-45
  predicted label = 0, expected label = 1
------------------------------------------------------------------------
Classifying line:
  1209	This review is long overdue, since I consider A Tale of Two Sisters to be the single greatest film ever made.  	1
  words = [review, long, overdu, sinc, consid, tale, two, sister, singl, greatest, film, ever, made, review long, long overdu, overdu sinc, sinc consid, consid tale, tale two, two sister, sister singl, singl greatest, greatest film, film ever, ever made]
  positive probability = 1.27397232504e-73, negative probability = 7.99920422389e-74
  predicted label = 1, expected label = 1
------------------------------------------------------------------------
Classifying line:
  1210	I'll put this gem up against any movie in terms of screenplay, cinematography, acting, post-production, editing, directing, or any other aspect of film-making.  	1
  words = [put, gem, movi, term, screenplay, cinematographi, act, post, product, edit, direct, aspect, film, make, put gem, gem movi, movi term, term screenplay, screenplay cinematographi, cinematographi act, act post, post product, product edit, edit direct, direct aspect, aspect film, film make]
  positive probability = 1.31187314109e-80, negative probability = 1.20533555348e-78
  predicted label = 0, expected label = 1

================================
You guessed 358/600 = 59.6666666667% correct.
  - False positive rate: [0.0, 0.51, 1.0]
  - True positive rate: [0.0, 0.65, 1.0]
  - Thresholds: [2, 1, 0]
  - AUC: 0.57
  - F1: 0.682414698163
================================

Running model 'bnb' on train data 'default.txt3.train' and test data 'default.txt3.test'
------------------------------------------------------------------------
Classifying line:
  1201	The best scene in the movie was when Gerardo is trying to find a song that keeps running through his head.  	1
  words = [best, scene, movi, gerardo, tri, find, song, keep, run, head, best scene, scene movi, movi gerardo, gerardo tri, tri find, find song, song keep, keep run, run head]
  predicted label = 0.350950947984, expected label = 1
------------------------------------------------------------------------
Classifying line:
  1202	Saw the movie today and thought it was a good effort, good messages for kids.  	1
  words = [saw, movi, today, thought, good, effort, good, messag, kid, saw movi, movi today, today thought, thought good, good effort, effort good, good messag, messag kid]
  predicted label = 0.328371577862, expected label = 1
------------------------------------------------------------------------
Classifying line:
  1203	Loved the casting of Jimmy Buffet as the science teacher.  	1
  words = [love, cast, jimmi, buffet, scienc, teacher, love cast, cast jimmi, jimmi buffet, buffet scienc, scienc teacher]
  predicted label = 0.940427240686, expected label = 1
------------------------------------------------------------------------
Classifying line:
  1204	And those baby owls were adorable.  	1
  words = [babi, owl, ador, babi owl, owl ador]
  predicted label = 0.423139166942, expected label = 1
------------------------------------------------------------------------
Classifying line:
  1205	The movie showed a lot of Florida at it's best, made it look very appealing.  	1
  words = [movi, show, lot, florida, best, made, look, appeal, movi show, show lot, lot florida, florida best, best made, made look, look appeal]
  predicted label = 0.283654944543, expected label = 1
------------------------------------------------------------------------
Classifying line:
  1206	The Songs Were The Best And The Muppets Were So Hilarious.  	1
  words = [song, best, muppet, hilari, song best, best muppet, muppet hilari]
  predicted label = 0.86259635097, expected label = 1
------------------------------------------------------------------------
Classifying line:
  1207	It Was So Cool.  	1
  words = [cool]
  predicted label = 0.777112505515, expected label = 1
------------------------------------------------------------------------
Classifying line:
  1208	This is a very "right on case" movie that delivers everything almost right in your face.  	1
  words = [right, case, movi, deliv, everyth, almost, right, face, right case, case movi, movi deliv, deliv everyth, everyth almost, almost right, right face]
  predicted label = 0.0805407724011, expected label = 1
------------------------------------------------------------------------
Classifying line:
  1209	This review is long overdue, since I consider A Tale of Two Sisters to be the single greatest film ever made.  	1
  words = [review, long, overdu, sinc, consid, tale, two, sister, singl, greatest, film, ever, made, review long, long overdu, overdu sinc, sinc consid, consid tale, tale two, two sister, sister singl, singl greatest, greatest film, film ever, ever made]
  predicted label = 0.165376188828, expected label = 1
------------------------------------------------------------------------
Classifying line:
  1210	I'll put this gem up against any movie in terms of screenplay, cinematography, acting, post-production, editing, directing, or any other aspect of film-making.  	1
  words = [put, gem, movi, term, screenplay, cinematographi, act, post, product, edit, direct, aspect, film, make, put gem, gem movi, movi term, term screenplay, screenplay cinematographi, cinematographi act, act post, post product, product edit, edit direct, direct aspect, aspect film, film make]
  predicted label = 0.00118662199644, expected label = 1

================================
You guessed 302/600 = 50.3333333333% correct.
  - False positive rate: [0.0, 0.005, 0.005, 0.005, 0.005, 0.01, 0.01, 0.015, 0.015, 0.02, 0.02, 0.025, 0.025, 0.03, 0.03, 0.035, 0.035, 0.04, 0.04, 0.04, 0.045, 0.045, 0.05, 0.05, 0.055, 0.055, 0.055, 0.055, 0.06, 0.06, 0.065, 0.065, 0.065, 0.065, 0.065, 0.07, 0.07, 0.075, 0.075, 0.08, 0.08, 0.085, 0.085, 0.095, 0.095, 0.1, 0.1, 0.105, 0.105, 0.11, 0.11, 0.11, 0.11, 0.115, 0.115, 0.13, 0.13, 0.14, 0.14, 0.145, 0.145, 0.16, 0.16, 0.17, 0.17, 0.175, 0.175, 0.195, 0.195, 0.195, 0.195, 0.2, 0.205, 0.205, 0.21, 0.21, 0.215, 0.215, 0.22, 0.22, 0.245, 0.245, 0.26, 0.26, 0.265, 0.265, 0.27, 0.27, 0.28, 0.28, 0.285, 0.285, 0.29, 0.29, 0.295, 0.295, 0.31, 0.31, 0.32, 0.32, 0.33, 0.33, 0.335, 0.42, 0.42, 0.425, 0.425, 0.43, 0.43, 0.44, 0.44, 0.445, 0.445, 0.45, 0.45, 0.455, 0.455, 0.46, 0.46, 0.47, 0.47, 0.47, 0.47, 0.475, 0.475, 0.475, 0.475, 0.485, 0.485, 0.49, 0.5, 0.51, 0.51, 0.515, 0.525, 0.525, 0.53, 0.53, 0.535, 0.535, 0.54, 0.54, 0.55, 0.55, 0.565, 0.565, 0.565, 0.57, 0.57, 0.575, 0.575, 0.58, 0.58, 0.585, 0.585, 0.595, 0.6, 0.6, 0.605, 0.605, 0.61, 0.61, 0.615, 0.615, 0.62, 0.62, 0.625, 0.625, 0.63, 0.63, 0.635, 0.635, 0.66, 0.66, 0.665, 0.665, 0.67, 0.67, 0.68, 0.685, 0.685, 0.69, 0.69, 0.695, 0.695, 0.7, 0.7, 0.715, 0.715, 0.715, 0.72, 0.72, 0.735, 0.735, 0.74, 0.74, 0.745, 0.745, 0.75, 0.75, 0.76, 0.76, 0.765, 0.765, 0.805, 0.805, 0.81, 0.81, 0.815, 0.815, 0.82, 0.82, 0.825, 0.825, 0.835, 0.835, 0.84, 0.84, 0.845, 0.845, 0.85, 0.85, 0.855, 0.855, 0.865, 0.865, 0.87, 0.87, 0.875, 0.875, 0.89, 0.895, 0.895, 0.9, 0.9, 0.91, 0.91, 0.915, 0.915, 0.92, 0.92, 0.925, 0.925, 0.935, 0.935, 0.94, 0.94, 0.945, 0.945, 0.95, 0.95, 0.955, 0.955, 0.96, 0.96, 0.965, 0.965, 0.97, 0.97, 0.98, 0.98, 0.985, 0.985, 0.99, 0.99, 0.995, 0.995, 1.0]
  - True positive rate: [0.0, 0.0, 0.0225, 0.0275, 0.045, 0.045, 0.0475, 0.0475, 0.0625, 0.0625, 0.0725, 0.0725, 0.0825, 0.0825, 0.09, 0.09, 0.0925, 0.0925, 0.105, 0.11, 0.11, 0.1175, 0.1175, 0.12, 0.12, 0.1275, 0.135, 0.14, 0.14, 0.1425, 0.1425, 0.145, 0.15, 0.1525, 0.1575, 0.1575, 0.16, 0.16, 0.1725, 0.1725, 0.18, 0.18, 0.185, 0.185, 0.2025, 0.2025, 0.2075, 0.2075, 0.21, 0.21, 0.2125, 0.2175, 0.22, 0.22, 0.2275, 0.2275, 0.2325, 0.2325, 0.25, 0.25, 0.2575, 0.2625, 0.2725, 0.2725, 0.275, 0.275, 0.285, 0.285, 0.29, 0.295, 0.2975, 0.3, 0.3, 0.3025, 0.3025, 0.3175, 0.3175, 0.33, 0.33, 0.335, 0.335, 0.3425, 0.3425, 0.3525, 0.3525, 0.3725, 0.3725, 0.375, 0.375, 0.385, 0.385, 0.395, 0.395, 0.4025, 0.4025, 0.415, 0.415, 0.42, 0.42, 0.4375, 0.4375, 0.445, 0.445, 0.5275, 0.53, 0.53, 0.5325, 0.5325, 0.54, 0.54, 0.5425, 0.5425, 0.5475, 0.5475, 0.5525, 0.5525, 0.555, 0.555, 0.565, 0.565, 0.57, 0.575, 0.5875, 0.5875, 0.59, 0.6, 0.6025, 0.6025, 0.61, 0.61, 0.615, 0.615, 0.6275, 0.6275, 0.6275, 0.63, 0.63, 0.635, 0.635, 0.6375, 0.6375, 0.64, 0.64, 0.6475, 0.6475, 0.665, 0.6675, 0.6675, 0.67, 0.67, 0.685, 0.685, 0.6875, 0.6875, 0.7075, 0.7075, 0.7075, 0.71, 0.71, 0.7125, 0.7125, 0.7225, 0.7225, 0.7275, 0.7275, 0.7325, 0.7325, 0.7425, 0.7425, 0.7475, 0.7475, 0.75, 0.75, 0.7575, 0.7575, 0.76, 0.76, 0.775, 0.775, 0.775, 0.7825, 0.785, 0.79, 0.79, 0.7925, 0.7925, 0.8075, 0.8075, 0.815, 0.8225, 0.8225, 0.8275, 0.8275, 0.8325, 0.8325, 0.835, 0.835, 0.84, 0.84, 0.8425, 0.8425, 0.845, 0.845, 0.8525, 0.8525, 0.855, 0.855, 0.8625, 0.8625, 0.865, 0.865, 0.8675, 0.8675, 0.8775, 0.8775, 0.8825, 0.8825, 0.885, 0.885, 0.8975, 0.8975, 0.9025, 0.9025, 0.905, 0.905, 0.9075, 0.9075, 0.92, 0.92, 0.9225, 0.9225, 0.925, 0.9275, 0.9275, 0.93, 0.93, 0.9375, 0.9375, 0.94, 0.94, 0.9425, 0.9425, 0.9525, 0.9525, 0.955, 0.955, 0.9575, 0.9575, 0.96, 0.96, 0.9625, 0.9625, 0.965, 0.965, 0.97, 0.97, 0.9775, 0.9775, 0.98, 0.98, 0.9825, 0.9825, 0.9875, 0.9875, 0.99, 0.99, 1.0, 1.0]
  - Thresholds: [1.9977743678190207, 0.9977743678190206, 0.9857502408214716, 0.9812072566013031, 0.9664240539134937, 0.9631869287395662, 0.9556929082366984, 0.9540391290755448, 0.9367370682366548, 0.9356371380450146, 0.9321006030084129, 0.9252595998783559, 0.920729402224912, 0.9197441426510556, 0.9178144051519382, 0.9150771636845951, 0.9147420430769582, 0.9137421596666165, 0.9135758766780859, 0.9124504367063979, 0.9092582057689411, 0.9079960678375115, 0.9058393008452346, 0.9035094473067282, 0.8971349877177124, 0.893248222555485, 0.888223431456117, 0.8851950341331597, 0.8820021558149643, 0.8789623263909482, 0.8786069853401038, 0.8783083573635353, 0.8748071890808303, 0.8681430653847402, 0.8625963509702037, 0.8591670652559563, 0.8587198401795673, 0.8524228667808662, 0.8475209636190126, 0.8425129293742465, 0.8329326661911994, 0.8325057879599134, 0.8278576054490276, 0.8239652715845984, 0.7887740248321589, 0.7884991311360319, 0.7845637770190503, 0.7828492712977843, 0.7818047890758911, 0.7809903735672753, 0.7791488823219134, 0.7771125055152904, 0.7707661314468901, 0.7700926666475306, 0.7606959692737169, 0.7529620663777224, 0.7508451640402293, 0.7464022662978006, 0.7313435056863913, 0.7287792089516875, 0.7230035501027043, 0.7202325949165987, 0.7072608777875555, 0.6918920072783121, 0.684855346690556, 0.6843833772593254, 0.6801592527461818, 0.6659548146922667, 0.6522375530477612, 0.6504540553780539, 0.6494798912397565, 0.6472747534951506, 0.6444600701500326, 0.6380211062709211, 0.6348718564904599, 0.6187364660094903, 0.6174516616542357, 0.6044659736725514, 0.6036651091452635, 0.5996030596768926, 0.5920805816197098, 0.5855245163116225, 0.5666841002085962, 0.5645828842678886, 0.5640034211029851, 0.5446798265146602, 0.5411764968367859, 0.5371672155683174, 0.533040705965816, 0.5174496521696317, 0.5133482288309908, 0.506262586144771, 0.5049325526608991, 0.49933716273252726, 0.49148588697789275, 0.4783628615837994, 0.46658234837959106, 0.46448876169843084, 0.45925898727127734, 0.439103536126483, 0.4372191799952147, 0.42512857949574706, 0.424340082920101, 0.42313916694237125, 0.4229410915174071, 0.4208720910913234, 0.4146169415387475, 0.41141716151749896, 0.3928631538433799, 0.37697882385701076, 0.37435848208395633, 0.3734620022290065, 0.3708108065462572, 0.3701728071934498, 0.36662988103835475, 0.35909446220740926, 0.3572127993568456, 0.3571930036391841, 0.3509509479836897, 0.346634827292839, 0.3446738190225263, 0.3418474145674236, 0.3322362308293372, 0.33002933501310505, 0.3289960438034512, 0.3268088989078362, 0.3232818363953864, 0.3203234400695957, 0.3120075006268446, 0.30534615152963107, 0.3015196048527649, 0.29724164139290954, 0.29176898862133177, 0.2894390510874673, 0.28383097162105303, 0.28365494454337037, 0.2828765822738825, 0.2810051904640895, 0.2798640566645864, 0.27757121670600504, 0.27634870183973514, 0.27601205279389074, 0.2703026182934729, 0.2647547672470617, 0.25831579461943743, 0.25829436866755184, 0.2570330419088834, 0.2566431541544388, 0.2552420231039479, 0.25322373460938535, 0.23110983604914562, 0.2272933035902041, 0.22364675779925033, 0.22315741184247626, 0.21033543728462464, 0.20946081607171685, 0.20215820543714194, 0.1989051171145117, 0.1982709947998153, 0.1972163140061459, 0.1960449677079018, 0.19217884334624688, 0.19103332391951464, 0.18843584199671218, 0.18830304781266166, 0.18083212580173463, 0.18039476734027768, 0.1761626917798904, 0.1755228001975616, 0.17326780931116756, 0.17230074642360352, 0.1700850395615817, 0.16548705763389768, 0.16223586532930578, 0.1618616897132695, 0.16037960054596012, 0.15994909357902964, 0.14511516192535578, 0.1449398946005229, 0.14192991629311802, 0.14107383605536236, 0.1401581174898757, 0.13611847484813552, 0.13479131174850878, 0.1333100144087214, 0.1331660913760943, 0.1242143985423342, 0.12254929119132242, 0.12227346955795954, 0.11808153270370342, 0.1178588390599352, 0.1136933701669406, 0.10915917077880395, 0.1044288085984943, 0.10343266884556317, 0.10280421140030238, 0.10264632108441228, 0.1020667492807661, 0.0998666581913495, 0.09804365542075869, 0.09426435678912341, 0.09401568024122128, 0.09370679709259276, 0.09161176786262411, 0.08715442257385003, 0.08653183143672681, 0.08630554768016736, 0.08345881545496071, 0.0829440213825666, 0.0826176643917182, 0.0807998459678802, 0.08054077240113357, 0.07675607743606319, 0.0746805752722809, 0.07339997574075285, 0.07172655225371422, 0.07141906707533797, 0.06475797727572918, 0.06404952156354148, 0.06002189862378565, 0.058847907166678905, 0.05825847533085242, 0.05732685777243779, 0.057240735347264766, 0.05530585538314588, 0.055280342244142765, 0.05526851963969261, 0.05214114393490705, 0.0518370343260998, 0.05110435989718924, 0.04882371588295622, 0.04794476629627823, 0.04494442858952759, 0.04179089173832031, 0.04153402897096296, 0.04096365252921079, 0.03451700792295799, 0.03426132015749495, 0.03386110132332233, 0.03346906461270188, 0.03249174526397005, 0.03227181255411734, 0.026560960428308984, 0.023598774574546597, 0.023270376497819628, 0.023259288757959188, 0.022708779905824813, 0.020476755932094144, 0.019960961186092013, 0.01982846616756414, 0.018903848829031, 0.018719281809438708, 0.01756312808700707, 0.016194587499738445, 0.015200030605239515, 0.014469577658663167, 0.012507680148089007, 0.011709274922851719, 0.0114168937219826, 0.010531346617475802, 0.007203369107511401, 0.0062563555454793396, 0.005425478502500766, 0.005389247612851695, 0.005274433784652068, 0.002134488739859451, 0.0008300732279232404, 0.00022796177263351822]
  - AUC: 0.5840375
  - F1: 0.517799352751
================================

Running model 'mnb' on train data 'default.txt3.train' and test data 'default.txt3.test'
------------------------------------------------------------------------
Classifying line:
  1201	The best scene in the movie was when Gerardo is trying to find a song that keeps running through his head.  	1
  words = [best, scene, movi, gerardo, tri, find, song, keep, run, head, best scene, scene movi, movi gerardo, gerardo tri, tri find, find song, song keep, keep run, run head]
  predicted label = 0.318367824939, expected label = 1
------------------------------------------------------------------------
Classifying line:
  1202	Saw the movie today and thought it was a good effort, good messages for kids.  	1
  words = [saw, movi, today, thought, good, effort, good, messag, kid, saw movi, movi today, today thought, thought good, good effort, effort good, good messag, messag kid]
  predicted label = 0.630866466792, expected label = 1
------------------------------------------------------------------------
Classifying line:
  1203	Loved the casting of Jimmy Buffet as the science teacher.  	1
  words = [love, cast, jimmi, buffet, scienc, teacher, love cast, cast jimmi, jimmi buffet, buffet scienc, scienc teacher]
  predicted label = 0.937911514207, expected label = 1
------------------------------------------------------------------------
Classifying line:
  1204	And those baby owls were adorable.  	1
  words = [babi, owl, ador, babi owl, owl ador]
  predicted label = 0.458333333333, expected label = 1
------------------------------------------------------------------------
Classifying line:
  1205	The movie showed a lot of Florida at it's best, made it look very appealing.  	1
  words = [movi, show, lot, florida, best, made, look, appeal, movi show, show lot, lot florida, florida best, best made, made look, look appeal]
  predicted label = 0.279664920736, expected label = 1
------------------------------------------------------------------------
Classifying line:
  1206	The Songs Were The Best And The Muppets Were So Hilarious.  	1
  words = [song, best, muppet, hilari, song best, best muppet, muppet hilari]
  predicted label = 0.87518229831, expected label = 1
------------------------------------------------------------------------
Classifying line:
  1207	It Was So Cool.  	1
  words = [cool]
  predicted label = 0.792726996804, expected label = 1
------------------------------------------------------------------------
Classifying line:
  1208	This is a very "right on case" movie that delivers everything almost right in your face.  	1
  words = [right, case, movi, deliv, everyth, almost, right, face, right case, case movi, movi deliv, deliv everyth, everyth almost, almost right, right face]
  predicted label = 0.0829096329914, expected label = 1
------------------------------------------------------------------------
Classifying line:
  1209	This review is long overdue, since I consider A Tale of Two Sisters to be the single greatest film ever made.  	1
  words = [review, long, overdu, sinc, consid, tale, two, sister, singl, greatest, film, ever, made, review long, long overdu, overdu sinc, sinc consid, consid tale, tale two, two sister, sister singl, singl greatest, greatest film, film ever, ever made]
  predicted label = 0.148454713149, expected label = 1
------------------------------------------------------------------------
Classifying line:
  1210	I'll put this gem up against any movie in terms of screenplay, cinematography, acting, post-production, editing, directing, or any other aspect of film-making.  	1
  words = [put, gem, movi, term, screenplay, cinematographi, act, post, product, edit, direct, aspect, film, make, put gem, gem movi, movi term, term screenplay, screenplay cinematographi, cinematographi act, act post, post product, product edit, edit direct, direct aspect, aspect film, film make]
  predicted label = 0.000931266601482, expected label = 1

================================
You guessed 303/600 = 50.5% correct.
  - False positive rate: [0.0, 0.0, 0.005, 0.005, 0.005, 0.005, 0.015, 0.015, 0.02, 0.02, 0.03, 0.03, 0.035, 0.035, 0.035, 0.035, 0.035, 0.035, 0.04, 0.04, 0.05, 0.05, 0.055, 0.06, 0.06, 0.065, 0.065, 0.065, 0.065, 0.065, 0.075, 0.075, 0.08, 0.08, 0.09, 0.09, 0.1, 0.1, 0.105, 0.105, 0.105, 0.11, 0.11, 0.12, 0.12, 0.135, 0.135, 0.15, 0.15, 0.155, 0.155, 0.16, 0.16, 0.17, 0.17, 0.175, 0.175, 0.18, 0.18, 0.185, 0.185, 0.19, 0.19, 0.19, 0.195, 0.195, 0.2, 0.205, 0.205, 0.21, 0.21, 0.215, 0.215, 0.24, 0.24, 0.25, 0.25, 0.255, 0.255, 0.26, 0.26, 0.265, 0.265, 0.275, 0.275, 0.28, 0.28, 0.285, 0.285, 0.285, 0.285, 0.295, 0.3, 0.3, 0.31, 0.395, 0.395, 0.41, 0.41, 0.415, 0.415, 0.42, 0.42, 0.425, 0.425, 0.43, 0.43, 0.44, 0.44, 0.445, 0.445, 0.45, 0.45, 0.46, 0.46, 0.465, 0.465, 0.47, 0.47, 0.475, 0.48, 0.48, 0.495, 0.495, 0.5, 0.5, 0.51, 0.515, 0.515, 0.525, 0.53, 0.53, 0.535, 0.535, 0.54, 0.54, 0.545, 0.545, 0.545, 0.545, 0.55, 0.55, 0.555, 0.555, 0.56, 0.56, 0.565, 0.565, 0.57, 0.57, 0.575, 0.575, 0.58, 0.58, 0.585, 0.585, 0.595, 0.595, 0.6, 0.6, 0.61, 0.61, 0.615, 0.615, 0.625, 0.625, 0.63, 0.63, 0.635, 0.635, 0.64, 0.645, 0.645, 0.65, 0.65, 0.655, 0.665, 0.665, 0.67, 0.67, 0.675, 0.675, 0.675, 0.68, 0.68, 0.685, 0.685, 0.69, 0.69, 0.695, 0.695, 0.7, 0.7, 0.715, 0.715, 0.73, 0.73, 0.735, 0.735, 0.76, 0.76, 0.77, 0.77, 0.78, 0.78, 0.785, 0.785, 0.79, 0.79, 0.825, 0.825, 0.83, 0.83, 0.84, 0.84, 0.845, 0.845, 0.85, 0.85, 0.87, 0.87, 0.895, 0.895, 0.9, 0.9, 0.91, 0.91, 0.915, 0.915, 0.92, 0.92, 0.925, 0.925, 0.93, 0.93, 0.935, 0.935, 0.945, 0.945, 0.955, 0.955, 0.965, 0.965, 0.97, 0.97, 0.975, 0.975, 0.98, 0.98, 0.99, 0.99, 0.995, 0.995, 1.0]
  - True positive rate: [0.0025, 0.01, 0.01, 0.0275, 0.0325, 0.05, 0.05, 0.0575, 0.0575, 0.08, 0.08, 0.0925, 0.0925, 0.095, 0.1075, 0.11, 0.115, 0.125, 0.125, 0.1275, 0.1275, 0.13, 0.1325, 0.1325, 0.1375, 0.1375, 0.1425, 0.145, 0.15, 0.155, 0.155, 0.165, 0.165, 0.175, 0.175, 0.185, 0.185, 0.19, 0.19, 0.195, 0.1975, 0.1975, 0.205, 0.205, 0.21, 0.21, 0.23, 0.2325, 0.245, 0.245, 0.25, 0.25, 0.2525, 0.2525, 0.255, 0.255, 0.27, 0.27, 0.2725, 0.2725, 0.275, 0.275, 0.28, 0.285, 0.285, 0.2875, 0.29, 0.29, 0.305, 0.305, 0.31, 0.31, 0.3225, 0.3225, 0.3325, 0.3325, 0.3525, 0.3525, 0.355, 0.355, 0.3575, 0.3575, 0.3625, 0.3625, 0.3825, 0.3825, 0.385, 0.385, 0.4075, 0.4125, 0.4175, 0.4175, 0.42, 0.4225, 0.4225, 0.505, 0.5075, 0.5075, 0.52, 0.52, 0.525, 0.525, 0.5375, 0.5375, 0.5475, 0.5475, 0.55, 0.55, 0.5575, 0.5575, 0.56, 0.565, 0.57, 0.57, 0.5725, 0.575, 0.58, 0.58, 0.5875, 0.5875, 0.59, 0.5975, 0.6, 0.6075, 0.6075, 0.61, 0.61, 0.61, 0.6175, 0.62, 0.62, 0.6225, 0.6225, 0.625, 0.625, 0.6325, 0.635, 0.6375, 0.6525, 0.655, 0.655, 0.66, 0.66, 0.67, 0.67, 0.6775, 0.6775, 0.685, 0.685, 0.6875, 0.6875, 0.7025, 0.7025, 0.705, 0.705, 0.7075, 0.7075, 0.715, 0.715, 0.7175, 0.7175, 0.7225, 0.7225, 0.7275, 0.7275, 0.7325, 0.7325, 0.735, 0.735, 0.745, 0.745, 0.7475, 0.755, 0.755, 0.76, 0.76, 0.76, 0.7625, 0.7625, 0.77, 0.77, 0.7775, 0.7825, 0.7825, 0.8, 0.8, 0.805, 0.805, 0.82, 0.82, 0.825, 0.825, 0.83, 0.83, 0.8325, 0.8325, 0.8425, 0.8425, 0.85, 0.85, 0.8525, 0.8525, 0.8575, 0.8575, 0.8625, 0.8625, 0.8675, 0.8675, 0.8725, 0.8725, 0.875, 0.875, 0.8775, 0.8775, 0.88, 0.88, 0.8875, 0.89, 0.8925, 0.8925, 0.9025, 0.9025, 0.905, 0.905, 0.9075, 0.9075, 0.91, 0.91, 0.9325, 0.9325, 0.9375, 0.9375, 0.9425, 0.9425, 0.9475, 0.9475, 0.95, 0.95, 0.955, 0.955, 0.9575, 0.9575, 0.97, 0.97, 0.9725, 0.9725, 0.9775, 0.9775, 0.9825, 0.9825, 0.995, 0.995, 1.0, 1.0]
  - Thresholds: [0.9995877897699118, 0.9963931757672875, 0.9962132791190224, 0.9839888605272092, 0.9822888305594832, 0.9630051263811261, 0.9583839216588884, 0.9456256887591209, 0.9452449699132471, 0.930545313889569, 0.9286950395575342, 0.9206474278951765, 0.9198041145639265, 0.9191397797313832, 0.9172952875760892, 0.9150430142988564, 0.9145018185999964, 0.9023059076456545, 0.9018890363145748, 0.9018748817467066, 0.9015400369010793, 0.8928724437212334, 0.8922096249653455, 0.8899591686181607, 0.8860920950937106, 0.8852853670824415, 0.8838548051138899, 0.8815145760490146, 0.8751822983104803, 0.8720286182088591, 0.867404083157353, 0.8575393310488517, 0.8528176360393115, 0.8354136327161356, 0.8239419313593229, 0.8068611760316501, 0.8051860587344669, 0.795480569974279, 0.7936311796106155, 0.7927269968035965, 0.7908592532967127, 0.7874283501067822, 0.7802227563167364, 0.7738236680593845, 0.7702764995825512, 0.7629798890584443, 0.7387814102032464, 0.7360598705542332, 0.7179766067335379, 0.7118952608214957, 0.7094467575785447, 0.707276203069923, 0.7070374465926313, 0.7059630148554437, 0.7054528594789481, 0.7053479349876277, 0.6836283462024737, 0.6823350656374751, 0.6800480527573638, 0.6786123517640231, 0.6764597533023121, 0.6673866374176894, 0.6620225011060755, 0.6604132321529194, 0.6566261274001443, 0.6493870693547276, 0.6469673583873121, 0.6446139827625158, 0.6332242515172731, 0.6319236103546924, 0.6243029842064032, 0.6184123049836673, 0.6005092579227707, 0.6004001980091976, 0.589973174735894, 0.5880583917627498, 0.5676240684389071, 0.566735498994189, 0.5636720553957264, 0.5612093154933481, 0.5604108973628277, 0.5604108973628271, 0.5576179742690899, 0.5549894019588227, 0.5310976077719871, 0.530927866853668, 0.5282186434864198, 0.5252954914883777, 0.49281806861840877, 0.48878881805953533, 0.4814254314926363, 0.4790842538230597, 0.4779815897247384, 0.4644374715207107, 0.4599558349061757, 0.45833333333333326, 0.4581548916677193, 0.4420831702532819, 0.4236100844921247, 0.4186992180720833, 0.41702680254313107, 0.41319459008515635, 0.40283833800162283, 0.4003556172359955, 0.38357867889004804, 0.38292507830516487, 0.3827468252127743, 0.3782841861192902, 0.3691610686364857, 0.3690823954159189, 0.36880920612939627, 0.36454810597359083, 0.35715939868401186, 0.3528435513445109, 0.3514124752113802, 0.35073782703614603, 0.346912413933943, 0.3460475457934587, 0.33804080430813865, 0.3371618815055697, 0.32826989289655406, 0.32344176902655564, 0.3234417690265553, 0.31404455195669606, 0.3098927430619228, 0.30770765516505283, 0.3017578394057775, 0.3003112111948568, 0.2933315157894871, 0.2906663204338419, 0.28905021073083154, 0.2883359515531467, 0.287280200615175, 0.28406655210677073, 0.28271991392674956, 0.27966492073588184, 0.2766494101447164, 0.27424486356942884, 0.2722727730122727, 0.2721380188337214, 0.270301818451133, 0.2637825802786285, 0.26239977310338447, 0.24168483635711696, 0.24168483635711674, 0.23664161145047002, 0.23612815931120198, 0.2300545780249955, 0.22877988162922339, 0.2285360652220789, 0.22731983017241142, 0.20683084405567756, 0.2054973794301076, 0.20210578007154248, 0.20027625329593726, 0.19937459578102512, 0.1939637150233802, 0.18824630332456718, 0.18679875737732513, 0.1830400233077113, 0.17776389367543086, 0.17449961053876517, 0.1736957680488562, 0.16907346845168397, 0.16599686710187986, 0.1640255721641446, 0.16247795784432323, 0.1623965751465051, 0.1607945951233816, 0.15817713911890696, 0.1576120113948145, 0.15406338538335207, 0.14876757374462968, 0.14864099225989175, 0.14464788847172583, 0.1435443061768783, 0.14252769088306433, 0.1419497328337219, 0.14161906092163615, 0.137367316314625, 0.13715558773377506, 0.13594914553966156, 0.1324128854321725, 0.1323785074726037, 0.12615621583177417, 0.1257171963515925, 0.12289939710057007, 0.12244235825701426, 0.11549366915174494, 0.11497349282292729, 0.11380587594920934, 0.11158206998459826, 0.10912649257045687, 0.1055941801303001, 0.10450384196174436, 0.10105193352983792, 0.09716744551427328, 0.09690376897033523, 0.09222505172939686, 0.08788928791509437, 0.08726968209184949, 0.08672078319864825, 0.08512847075383348, 0.08388341363182246, 0.08254379569946611, 0.08204073202363599, 0.07959843503687937, 0.07937747580139215, 0.07588443002551874, 0.06500822438173605, 0.06388651816266237, 0.06387459914376802, 0.06276365333596079, 0.05992294003690961, 0.058978440684798294, 0.05869455538219662, 0.05578502199850517, 0.053248571912776696, 0.05321760867159307, 0.04984829953159274, 0.046184286241064805, 0.04250761337161688, 0.041957526748139545, 0.041426469744439594, 0.04099610040970036, 0.039696346806015574, 0.03869074327457024, 0.03831276765257853, 0.028992220975369232, 0.028711910897438027, 0.02720009144956899, 0.02713341646501436, 0.025620566238932205, 0.02558325914409985, 0.025051784690131577, 0.02376882334064091, 0.022475637060773726, 0.019853049698727532, 0.01812807081979525, 0.017982892320829946, 0.01748740481369517, 0.01556826282410947, 0.012134646291940185, 0.012061299028185637, 0.011865032682075196, 0.00843562772931364, 0.00801320602239639, 0.007096635744470103, 0.006620319380989438, 0.005901339531818322, 0.0017214031305439732, 0.0016213840816149138, 0.0008748695794467935, 0.00024074183218434055]
  - AUC: 0.58379375
  - F1: 0.518638573744
================================

Running model 'dt' on train data 'default.txt3.train' and test data 'default.txt3.test'
Best hyperparameters were: {'max_features': 'auto', 'min_samples_leaf': 1}
------------------------------------------------------------------------
Classifying line:
  1201	The best scene in the movie was when Gerardo is trying to find a song that keeps running through his head.  	1
  words = [best, scene, movi, gerardo, tri, find, song, keep, run, head, best scene, scene movi, movi gerardo, gerardo tri, tri find, find song, song keep, keep run, run head]
  predicted label = 1.0, expected label = 1
------------------------------------------------------------------------
Classifying line:
  1202	Saw the movie today and thought it was a good effort, good messages for kids.  	1
  words = [saw, movi, today, thought, good, effort, good, messag, kid, saw movi, movi today, today thought, thought good, good effort, effort good, good messag, messag kid]
  predicted label = 1.0, expected label = 1
------------------------------------------------------------------------
Classifying line:
  1203	Loved the casting of Jimmy Buffet as the science teacher.  	1
  words = [love, cast, jimmi, buffet, scienc, teacher, love cast, cast jimmi, jimmi buffet, buffet scienc, scienc teacher]
  predicted label = 1.0, expected label = 1
------------------------------------------------------------------------
Classifying line:
  1204	And those baby owls were adorable.  	1
  words = [babi, owl, ador, babi owl, owl ador]
  predicted label = 0.379446640316, expected label = 1
------------------------------------------------------------------------
Classifying line:
  1205	The movie showed a lot of Florida at it's best, made it look very appealing.  	1
  words = [movi, show, lot, florida, best, made, look, appeal, movi show, show lot, lot florida, florida best, best made, made look, look appeal]
  predicted label = 0.0, expected label = 1
------------------------------------------------------------------------
Classifying line:
  1206	The Songs Were The Best And The Muppets Were So Hilarious.  	1
  words = [song, best, muppet, hilari, song best, best muppet, muppet hilari]
  predicted label = 1.0, expected label = 1
------------------------------------------------------------------------
Classifying line:
  1207	It Was So Cool.  	1
  words = [cool]
  predicted label = 1.0, expected label = 1
------------------------------------------------------------------------
Classifying line:
  1208	This is a very "right on case" movie that delivers everything almost right in your face.  	1
  words = [right, case, movi, deliv, everyth, almost, right, face, right case, case movi, movi deliv, deliv everyth, everyth almost, almost right, right face]
  predicted label = 0.0, expected label = 1
------------------------------------------------------------------------
Classifying line:
  1209	This review is long overdue, since I consider A Tale of Two Sisters to be the single greatest film ever made.  	1
  words = [review, long, overdu, sinc, consid, tale, two, sister, singl, greatest, film, ever, made, review long, long overdu, overdu sinc, sinc consid, consid tale, tale two, two sister, sister singl, singl greatest, greatest film, film ever, ever made]
  predicted label = 0.0, expected label = 1
------------------------------------------------------------------------
Classifying line:
  1210	I'll put this gem up against any movie in terms of screenplay, cinematography, acting, post-production, editing, directing, or any other aspect of film-making.  	1
  words = [put, gem, movi, term, screenplay, cinematographi, act, post, product, edit, direct, aspect, film, make, put gem, gem movi, movi term, term screenplay, screenplay cinematographi, cinematographi act, act post, post product, product edit, edit direct, direct aspect, aspect film, film make]
  predicted label = 0.0, expected label = 1

================================
You guessed 332/600 = 55.3333333333% correct.
  - False positive rate: [0.0, 0.235, 0.235, 0.235, 0.235, 0.26, 0.26, 0.285, 0.315, 0.365, 0.375, 0.465, 0.465, 0.475, 0.48, 0.48, 1.0]
  - True positive rate: [0.0, 0.3775, 0.405, 0.4075, 0.4275, 0.4775, 0.48, 0.4825, 0.4925, 0.5125, 0.52, 0.615, 0.625, 0.6325, 0.6325, 0.665, 1.0]
  - Thresholds: [2.0, 1.0, 0.9736842105263158, 0.8333333333333334, 0.8, 0.7727272727272727, 0.75, 0.7272727272727273, 0.6666666666666666, 0.5, 0.4, 0.3794466403162055, 0.3333333333333333, 0.2, 0.14285714285714285, 0.1111111111111111, 0.0]
  - AUC: 0.6060375
  - F1: 0.604719764012
================================

Running model 'rf' on train data 'default.txt3.train' and test data 'default.txt3.test'
Best hyperparameters were: {'n_estimators': 10}
------------------------------------------------------------------------
Classifying line:
  1201	The best scene in the movie was when Gerardo is trying to find a song that keeps running through his head.  	1
  words = [best, scene, movi, gerardo, tri, find, song, keep, run, head, best scene, scene movi, movi gerardo, gerardo tri, tri find, find song, song keep, keep run, run head]
  predicted label = 0.757129425434, expected label = 1
------------------------------------------------------------------------
Classifying line:
  1202	Saw the movie today and thought it was a good effort, good messages for kids.  	1
  words = [saw, movi, today, thought, good, effort, good, messag, kid, saw movi, movi today, today thought, thought good, good effort, effort good, good messag, messag kid]
  predicted label = 0.58887638905, expected label = 1
------------------------------------------------------------------------
Classifying line:
  1203	Loved the casting of Jimmy Buffet as the science teacher.  	1
  words = [love, cast, jimmi, buffet, scienc, teacher, love cast, cast jimmi, jimmi buffet, buffet scienc, scienc teacher]
  predicted label = 0.931806954163, expected label = 1
------------------------------------------------------------------------
Classifying line:
  1204	And those baby owls were adorable.  	1
  words = [babi, owl, ador, babi owl, owl ador]
  predicted label = 0.381141951896, expected label = 1
------------------------------------------------------------------------
Classifying line:
  1205	The movie showed a lot of Florida at it's best, made it look very appealing.  	1
  words = [movi, show, lot, florida, best, made, look, appeal, movi show, show lot, lot florida, florida best, best made, made look, look appeal]
  predicted label = 0.757129425434, expected label = 1
------------------------------------------------------------------------
Classifying line:
  1206	The Songs Were The Best And The Muppets Were So Hilarious.  	1
  words = [song, best, muppet, hilari, song best, best muppet, muppet hilari]
  predicted label = 0.904868924369, expected label = 1
------------------------------------------------------------------------
Classifying line:
  1207	It Was So Cool.  	1
  words = [cool]
  predicted label = 0.381141951896, expected label = 1
------------------------------------------------------------------------
Classifying line:
  1208	This is a very "right on case" movie that delivers everything almost right in your face.  	1
  words = [right, case, movi, deliv, everyth, almost, right, face, right case, case movi, movi deliv, deliv everyth, everyth almost, almost right, right face]
  predicted label = 0.107528096149, expected label = 1
------------------------------------------------------------------------
Classifying line:
  1209	This review is long overdue, since I consider A Tale of Two Sisters to be the single greatest film ever made.  	1
  words = [review, long, overdu, sinc, consid, tale, two, sister, singl, greatest, film, ever, made, review long, long overdu, overdu sinc, sinc consid, consid tale, tale two, two sister, sister singl, singl greatest, greatest film, film ever, ever made]
  predicted label = 0.334171904685, expected label = 1
------------------------------------------------------------------------
Classifying line:
  1210	I'll put this gem up against any movie in terms of screenplay, cinematography, acting, post-production, editing, directing, or any other aspect of film-making.  	1
  words = [put, gem, movi, term, screenplay, cinematographi, act, post, product, edit, direct, aspect, film, make, put gem, gem movi, movi term, term screenplay, screenplay cinematographi, cinematographi act, act post, post product, product edit, edit direct, direct aspect, aspect film, film make]
  predicted label = 0.107528096149, expected label = 1

================================
You guessed 304/600 = 50.6666666667% correct.
  - False positive rate: [0.0, 0.0, 0.0, 0.0, 0.0, 0.005, 0.005, 0.015, 0.015, 0.015, 0.015, 0.015, 0.015, 0.015, 0.015, 0.015, 0.06, 0.06, 0.065, 0.065, 0.075, 0.075, 0.08, 0.09, 0.095, 0.095, 0.095, 0.1, 0.145, 0.15, 0.16, 0.16, 0.175, 0.185, 0.195, 0.195, 0.22, 0.25, 0.265, 0.265, 0.28, 0.28, 0.295, 0.295, 0.3, 0.3, 0.305, 0.305, 0.31, 0.315, 0.315, 0.315, 0.32, 0.335, 0.335, 0.335, 0.345, 0.365, 0.37, 0.37, 0.38, 0.385, 0.385, 0.385, 0.405, 0.625, 0.625, 0.635, 0.635, 0.64, 0.65, 0.65, 0.655, 0.66, 0.66, 0.665, 0.665, 0.67, 0.67, 0.68, 0.68, 0.69, 0.695, 0.695, 0.705, 0.705, 0.72, 0.72, 0.725, 0.725, 0.725, 0.725, 0.75, 0.75, 0.755, 0.765, 0.775, 0.775, 0.78, 0.78, 0.785, 0.785, 0.79, 0.795, 0.795, 0.805, 0.82, 0.82, 0.82, 0.83, 0.83, 0.83, 0.83, 0.83, 0.84, 0.84, 0.845, 0.845, 0.85, 0.85, 0.855, 0.855, 0.855, 0.855, 0.86, 0.86, 0.865, 0.865, 0.87, 0.87, 0.875, 0.875, 0.88, 0.88, 0.89, 0.89, 0.905, 0.92, 0.94, 0.965, 0.985, 1.0]
  - True positive rate: [0.02, 0.0225, 0.085, 0.0875, 0.0975, 0.145, 0.1525, 0.18, 0.185, 0.1875, 0.1975, 0.2025, 0.2275, 0.235, 0.2375, 0.2425, 0.2925, 0.295, 0.2975, 0.3025, 0.3025, 0.305, 0.3175, 0.3175, 0.3175, 0.335, 0.34, 0.34, 0.34, 0.34, 0.345, 0.3525, 0.3525, 0.3675, 0.3675, 0.37, 0.37, 0.3725, 0.3725, 0.375, 0.375, 0.385, 0.385, 0.3925, 0.3925, 0.395, 0.395, 0.4, 0.4025, 0.4025, 0.405, 0.415, 0.415, 0.4175, 0.42, 0.4325, 0.4375, 0.4375, 0.4425, 0.4475, 0.4475, 0.45, 0.455, 0.46, 0.46, 0.6475, 0.65, 0.65, 0.6525, 0.6525, 0.655, 0.6625, 0.6625, 0.665, 0.6675, 0.6675, 0.6775, 0.68, 0.6825, 0.6825, 0.685, 0.6875, 0.6875, 0.695, 0.695, 0.7, 0.7, 0.7025, 0.7075, 0.71, 0.715, 0.7225, 0.73, 0.7325, 0.7325, 0.7325, 0.7325, 0.735, 0.735, 0.7375, 0.7375, 0.74, 0.74, 0.7425, 0.7475, 0.7475, 0.7475, 0.75, 0.755, 0.755, 0.7575, 0.7625, 0.775, 0.84, 0.845, 0.8475, 0.8475, 0.85, 0.85, 0.855, 0.855, 0.8625, 0.87, 0.875, 0.875, 0.88, 0.88, 0.8825, 0.8825, 0.885, 0.89, 0.895, 0.895, 0.9025, 0.9025, 0.99, 0.99, 0.99, 0.9925, 0.995, 0.995, 1.0]
  - Thresholds: [0.9644645631193333, 0.9581730235524362, 0.9545202882483246, 0.9508326235669908, 0.9353447135559205, 0.9318069541625773, 0.909090364734678, 0.9048689243694282, 0.8740786378604415, 0.7992524238352808, 0.7896972195404446, 0.7698802749966147, 0.7571294254343558, 0.7515922269634595, 0.7189535330261136, 0.7140410894966644, 0.713045252768074, 0.699189726597941, 0.6927590382146132, 0.6676721085989472, 0.618831213496293, 0.6147870958492342, 0.6006911706307948, 0.5955357589508384, 0.5917821085468145, 0.588876389050338, 0.5849380715783766, 0.5836858099260768, 0.5793988006390676, 0.5792603925265215, 0.5723348234179652, 0.5716251411509499, 0.5648094501268746, 0.5642060913725306, 0.5292298426449221, 0.5282641823722407, 0.5028872284729671, 0.4987490438916204, 0.49513293259674507, 0.48889154843841326, 0.4864960186674745, 0.4759326881060627, 0.46611065536902235, 0.4597350088670032, 0.45862472254202996, 0.45271393410082295, 0.4483417739275125, 0.4443232961475439, 0.43760452552411067, 0.4371622221659859, 0.4366749187223463, 0.43491171109592164, 0.43363254274570745, 0.4279385064822655, 0.4266913001266281, 0.4209770144123424, 0.41985572922159264, 0.4089872070883566, 0.40716458586991056, 0.40593312992626496, 0.4039290586237342, 0.40200479334679234, 0.399704807968538, 0.3916688071835919, 0.38677687637969665, 0.3811419518957156, 0.37620098958617854, 0.370700700831681, 0.3668056088787796, 0.36272123758710095, 0.3617637638947441, 0.3553302635840273, 0.35378430065016403, 0.35252463345996143, 0.34767905862373416, 0.3474956636861086, 0.3452000428954257, 0.34487434626191277, 0.34002463345996137, 0.33595207558305573, 0.33417190468463814, 0.3251239947491629, 0.323477386245419, 0.31944698340708527, 0.3162324458280648, 0.3154339753744203, 0.3145404493084821, 0.31295007680491554, 0.3124244319373461, 0.31173269769279954, 0.30792787793342735, 0.3003253387978245, 0.2994719955804862, 0.29640302736312923, 0.29611973499986743, 0.29528520008934284, 0.2910870171280388, 0.2902614692646967, 0.2871827980629305, 0.2814456917601088, 0.28086424392919607, 0.2803871543472562, 0.27863866224715284, 0.2784176572896665, 0.2755122596264893, 0.2744518667560095, 0.27163461766180086, 0.2678315987917007, 0.2675354616501831, 0.26634909995759054, 0.26597514352052093, 0.2584182425324722, 0.25584237295942164, 0.25283159879170064, 0.24926376795461672, 0.24618517504001375, 0.23744473916887707, 0.23546560475522607, 0.22635912698412702, 0.22378068464773332, 0.2235383809176974, 0.21862107247591117, 0.2171257956521114, 0.2109079562782711, 0.2064102564102564, 0.19002215765319036, 0.18753298016401285, 0.1830987059535447, 0.18303464755077656, 0.17694201556270814, 0.1733986006683375, 0.16406024606627875, 0.1577736006683375, 0.13588325309881039, 0.12052631578947368, 0.10752809614878871, 0.07604141804141804, 0.04722222222222222, 0.03972772277227723, 0.030911916048470666, 0.004006410256410256, 0.0]
  - AUC: 0.57329375
  - F1: 0.5
================================

