preprocessSentences.py:68: UnicodeWarning: Unicode equal comparison failed to convert both arguments to Unicode - interpreting them as being unequal
  return [clean_word(w) for w in tokens if w.lower() not in stop_words and w.isalpha()]
Path: .
Training data: ./default.txt5.train
Done building things up man. Num documents in train set: 2400.
Number of features before any feature selection: 10751
Number of features after filtering out words by count threshold: 500
Done doing the feature selection thing man. Num vocabs: 450.
Output files: ./out*
Runtime: 3.59627199173
Running model 'mybnb' on train data 'default.txt5.train' and test data 'default.txt5.test'
Num train examples = 2400, positive prior = 0.5, negative prior = 0.5
Using 450 features: dialogu, unit, music, hold, first tim, beauti, fit, wast, came, restaur...
428 features are used in positive reviews: forget, lack, month, go, friendli, send, certainli, leav, worth, case...
428 features are used in negative reviews: forget, lack, month, go, hate, friendli, send, certainli, larg, worth...
------------------------------------------------------------------------
Classifying line:
  1	Doesn't Work.	0
  words = [work]
  positive probability = 0.0262063227953, negative probability = 0.0141430948419
  predicted label = 1, expected label = 0
------------------------------------------------------------------------
Classifying line:
  2	Unfortunately it did not work.	0
  words = [unfortun, work, unfortun work]
  positive probability = 3.62766476219e-08, negative probability = 4.89446832994e-08
  predicted label = 0, expected label = 0
------------------------------------------------------------------------
Classifying line:
  3	All three broke within two months of use.	0
  words = [three, broke, within, two, month, use, three broke, broke within, within two, two month, month use]
  positive probability = 1.14966181868e-30, negative probability = 2.72113059429e-30
  predicted label = 0, expected label = 0
------------------------------------------------------------------------
Classifying line:
  4	dont buy it.	0
  words = [dont, buy, dont buy]
  positive probability = 1.15163960704e-09, negative probability = 2.59118911585e-08
  predicted label = 0, expected label = 0
------------------------------------------------------------------------
Classifying line:
  5	My father has the V265, and the battery is dying.	0
  words = [father, batteri, die, father batteri, batteri die]
  positive probability = 4.18472535858e-15, negative probability = 3.18836217797e-15
  predicted label = 1, expected label = 0
------------------------------------------------------------------------
Classifying line:
  6	However, the ear pads come off easily and after only one week I lost one.	0
  words = [howev, ear, pad, come, easili, one, week, lost, one, howev ear, ear pad, pad come, come easili, easili one, one week, week lost, lost one]
  positive probability = 1.2535945259e-48, negative probability = 1.05156298702e-48
  predicted label = 1, expected label = 0
------------------------------------------------------------------------
Classifying line:
  7	The calls drop, the phone comes on and off at will, the screen goes black and the worst of all it stops ringing intermittently.	0
  words = [call, drop, phone, come, screen, go, black, worst, stop, ring, intermitt, call drop, drop phone, phone come, come screen, screen go, go black, black worst, worst stop, stop ring, ring intermitt]
  positive probability = 1.38733504389e-58, negative probability = 7.35559599739e-57
  predicted label = 0, expected label = 0
------------------------------------------------------------------------
Classifying line:
  8	Horrible, horrible protector.	0
  words = [horribl, horribl, protector, horribl horribl, horribl protector]
  positive probability = 1.99272636123e-16, negative probability = 1.6141083526e-14
  predicted label = 0, expected label = 0
------------------------------------------------------------------------
Classifying line:
  9	I don't like this Nokia either.	0
  words = [like, nokia, either, like nokia, nokia either]
  positive probability = 3.10865312352e-14, negative probability = 4.06516177691e-14
  predicted label = 0, expected label = 0
------------------------------------------------------------------------
Classifying line:
  10	Reaching for the bottom row is uncomfortable, and the send and end keys are not where I expect them to be.3.	0
  words = [reach, bottom, row, uncomfort, send, end, key, expect, reach bottom, bottom row, row uncomfort, uncomfort send, send end, end key, key expect]
  positive probability = 2.84869201855e-45, negative probability = 2.26312754807e-44
  predicted label = 0, expected label = 0

================================
You guessed 460/600 = 76.6666666667% correct.
  - False positive rate: [0.0, 0.2733333333333333, 1.0]
  - True positive rate: [0.0, 0.8066666666666666, 1.0]
  - Thresholds: [2, 1, 0]
  - AUC: 0.766666666667
  - F1: 0.775641025641
================================

Running model 'mymnb' on train data 'default.txt5.train' and test data 'default.txt5.test'
Num train examples = 2400, positive prior = 0.5, negative prior = 0.5
Using 450 features: dialogu, unit, music, hold, first tim, beauti, fit, wast, came, restaur...
428 features are used in positive reviews: forget, lack, month, go, friendli, send, certainli, leav, worth, case...
428 features are used in negative reviews: forget, lack, month, go, hate, friendli, send, certainli, larg, worth...
------------------------------------------------------------------------
Classifying line:
  1	Doesn't Work.	0
  words = [work]
  positive probability = 0.02, negative probability = 0.0109090909091
  predicted label = 1, expected label = 0
------------------------------------------------------------------------
Classifying line:
  2	Unfortunately it did not work.	0
  words = [unfortun, work, unfortun work]
  positive probability = 1.46923783287e-08, negative probability = 2.00350613574e-08
  predicted label = 0, expected label = 0
------------------------------------------------------------------------
Classifying line:
  3	All three broke within two months of use.	0
  words = [three, broke, within, two, month, use, three broke, broke within, within two, two month, month use]
  positive probability = 3.6468602659e-32, negative probability = 1.07460815835e-31
  predicted label = 0, expected label = 0
------------------------------------------------------------------------
Classifying line:
  4	dont buy it.	0
  words = [dont, buy, dont buy]
  positive probability = 4.45223585719e-10, negative probability = 1.00175306787e-08
  predicted label = 0, expected label = 0
------------------------------------------------------------------------
Classifying line:
  5	My father has the V265, and the battery is dying.	0
  words = [father, batteri, die, father batteri, batteri die]
  positive probability = 8.58557878798e-16, negative probability = 6.54139336227e-16
  predicted label = 1, expected label = 0
------------------------------------------------------------------------
Classifying line:
  6	However, the ear pads come off easily and after only one week I lost one.	0
  words = [howev, ear, pad, come, easili, one, week, lost, one, howev ear, ear pad, pad come, come easili, easili one, one week, week lost, lost one]
  positive probability = 6.92694417356e-51, negative probability = 6.07593566801e-51
  predicted label = 1, expected label = 0
------------------------------------------------------------------------
Classifying line:
  7	The calls drop, the phone comes on and off at will, the screen goes black and the worst of all it stops ringing intermittently.	0
  words = [call, drop, phone, come, screen, go, black, worst, stop, ring, intermitt, call drop, drop phone, phone come, come screen, screen go, go black, black worst, worst stop, stop ring, ring intermitt]
  positive probability = 2.9185949814e-61, negative probability = 1.18309746157e-59
  predicted label = 0, expected label = 0
------------------------------------------------------------------------
Classifying line:
  8	Horrible, horrible protector.	0
  words = [horribl, horribl, protector, horribl horribl, horribl protector]
  positive probability = 4.08837085142e-17, negative probability = 3.31158038965e-15
  predicted label = 0, expected label = 0
------------------------------------------------------------------------
Classifying line:
  9	I don't like this Nokia either.	0
  words = [like, nokia, either, like nokia, nokia either]
  positive probability = 6.86846303038e-15, negative probability = 8.66734620501e-15
  predicted label = 0, expected label = 0
------------------------------------------------------------------------
Classifying line:
  10	Reaching for the bottom row is uncomfortable, and the send and end keys are not where I expect them to be.3.	0
  words = [reach, bottom, row, uncomfort, send, end, key, expect, reach bottom, bottom row, row uncomfort, uncomfort send, send end, end key, key expect]
  positive probability = 2.4601033397e-47, negative probability = 1.95441543099e-46
  predicted label = 0, expected label = 0

================================
You guessed 462/600 = 77.0% correct.
  - False positive rate: [0.0, 0.27, 1.0]
  - True positive rate: [0.0, 0.81, 1.0]
  - Thresholds: [2, 1, 0]
  - AUC: 0.77
  - F1: 0.778846153846
================================

Running model 'bnb' on train data 'default.txt5.train' and test data 'default.txt5.test'
------------------------------------------------------------------------
Classifying line:
  1	Doesn't Work.	0
  words = [work]
  predicted label = 0.621561346309, expected label = 0
------------------------------------------------------------------------
Classifying line:
  2	Unfortunately it did not work.	0
  words = [unfortun, work, unfortun work]
  predicted label = 0.395891596211, expected label = 0
------------------------------------------------------------------------
Classifying line:
  3	All three broke within two months of use.	0
  words = [three, broke, within, two, month, use, three broke, broke within, within two, two month, month use]
  predicted label = 0.26618132372, expected label = 0
------------------------------------------------------------------------
Classifying line:
  4	dont buy it.	0
  words = [dont, buy, dont buy]
  predicted label = 0.0365215595701, expected label = 0
------------------------------------------------------------------------
Classifying line:
  5	My father has the V265, and the battery is dying.	0
  words = [father, batteri, die, father batteri, batteri die]
  predicted label = 0.53255953665, expected label = 0
------------------------------------------------------------------------
Classifying line:
  6	However, the ear pads come off easily and after only one week I lost one.	0
  words = [howev, ear, pad, come, easili, one, week, lost, one, howev ear, ear pad, pad come, come easili, easili one, one week, week lost, lost one]
  predicted label = 0.449733689084, expected label = 0
------------------------------------------------------------------------
Classifying line:
  7	The calls drop, the phone comes on and off at will, the screen goes black and the worst of all it stops ringing intermittently.	0
  words = [call, drop, phone, come, screen, go, black, worst, stop, ring, intermitt, call drop, drop phone, phone come, come screen, screen go, go black, black worst, worst stop, stop ring, ring intermitt]
  predicted label = 0.0153729815537, expected label = 0
------------------------------------------------------------------------
Classifying line:
  8	Horrible, horrible protector.	0
  words = [horribl, horribl, protector, horribl horribl, horribl protector]
  predicted label = 0.0870940933792, expected label = 0
------------------------------------------------------------------------
Classifying line:
  9	I don't like this Nokia either.	0
  words = [like, nokia, either, like nokia, nokia either]
  predicted label = 0.397961783467, expected label = 0
------------------------------------------------------------------------
Classifying line:
  10	Reaching for the bottom row is uncomfortable, and the send and end keys are not where I expect them to be.3.	0
  words = [reach, bottom, row, uncomfort, send, end, key, expect, reach bottom, bottom row, row uncomfort, uncomfort send, send end, end key, key expect]
  predicted label = 0.0971679662392, expected label = 0

================================
You guessed 464/600 = 77.3333333333% correct.
  - False positive rate: [0.0, 0.0, 0.0033333333333333335, 0.0033333333333333335, 0.0033333333333333335, 0.0033333333333333335, 0.0033333333333333335, 0.0033333333333333335, 0.0033333333333333335, 0.006666666666666667, 0.006666666666666667, 0.01, 0.01, 0.01, 0.01, 0.01, 0.01, 0.01, 0.01, 0.013333333333333334, 0.013333333333333334, 0.013333333333333334, 0.013333333333333334, 0.016666666666666666, 0.016666666666666666, 0.02, 0.02, 0.023333333333333334, 0.023333333333333334, 0.02666666666666667, 0.02666666666666667, 0.03333333333333333, 0.03333333333333333, 0.03666666666666667, 0.03666666666666667, 0.04, 0.04, 0.043333333333333335, 0.043333333333333335, 0.06, 0.06, 0.06333333333333334, 0.06333333333333334, 0.06666666666666667, 0.06666666666666667, 0.07, 0.07, 0.07666666666666666, 0.07666666666666666, 0.07666666666666666, 0.07666666666666666, 0.09666666666666666, 0.09666666666666666, 0.1, 0.1, 0.10333333333333333, 0.10333333333333333, 0.10666666666666667, 0.10666666666666667, 0.11, 0.11, 0.11666666666666667, 0.11666666666666667, 0.12, 0.12, 0.12333333333333334, 0.12333333333333334, 0.12666666666666668, 0.13333333333333333, 0.13333333333333333, 0.13666666666666666, 0.13666666666666666, 0.14, 0.14, 0.14666666666666667, 0.14666666666666667, 0.15333333333333332, 0.15333333333333332, 0.15666666666666668, 0.15666666666666668, 0.16333333333333333, 0.16666666666666666, 0.16666666666666666, 0.17, 0.17, 0.17333333333333334, 0.17333333333333334, 0.18666666666666668, 0.18666666666666668, 0.19, 0.19, 0.19333333333333333, 0.19333333333333333, 0.2, 0.2, 0.20666666666666667, 0.20666666666666667, 0.21, 0.21, 0.21333333333333335, 0.21333333333333335, 0.21666666666666667, 0.21666666666666667, 0.23, 0.23, 0.27, 0.27, 0.2833333333333333, 0.2866666666666667, 0.2866666666666667, 0.29333333333333333, 0.29333333333333333, 0.2966666666666667, 0.2966666666666667, 0.31, 0.31, 0.31333333333333335, 0.31333333333333335, 0.32666666666666666, 0.3333333333333333, 0.34, 0.34, 0.3466666666666667, 0.3466666666666667, 0.35, 0.35, 0.3566666666666667, 0.3566666666666667, 0.37, 0.37, 0.37, 0.37, 0.39, 0.3933333333333333, 0.3933333333333333, 0.39666666666666667, 0.39666666666666667, 0.4, 0.4, 0.41333333333333333, 0.41333333333333333, 0.43333333333333335, 0.43333333333333335, 0.45666666666666667, 0.45666666666666667, 0.4866666666666667, 0.4866666666666667, 0.5, 0.5, 0.5033333333333333, 0.5133333333333333, 0.5166666666666667, 0.5166666666666667, 0.54, 0.54, 0.5433333333333333, 0.55, 0.5566666666666666, 0.5566666666666666, 0.57, 0.57, 0.5866666666666667, 0.5866666666666667, 0.6, 0.6, 0.6033333333333334, 0.6033333333333334, 0.6166666666666667, 0.6233333333333333, 0.6333333333333333, 0.6333333333333333, 0.6466666666666666, 0.6466666666666666, 0.6533333333333333, 0.66, 0.6666666666666666, 0.6666666666666666, 0.6866666666666666, 0.6866666666666666, 0.7166666666666667, 0.7233333333333334, 0.7233333333333334, 0.7366666666666667, 0.7366666666666667, 0.7433333333333333, 0.7433333333333333, 0.76, 0.76, 0.82, 0.82, 0.8333333333333334, 0.84, 0.9066666666666666, 0.9133333333333333, 0.9333333333333333, 0.94, 0.94, 0.9466666666666667, 0.9466666666666667, 0.95, 0.95, 0.99, 0.99, 1.0]
  - True positive rate: [0.0033333333333333335, 0.15, 0.15, 0.19, 0.2, 0.20666666666666667, 0.22, 0.22666666666666666, 0.23, 0.23, 0.23333333333333334, 0.23333333333333334, 0.2733333333333333, 0.29, 0.3, 0.30666666666666664, 0.31333333333333335, 0.32, 0.3566666666666667, 0.3566666666666667, 0.42, 0.4266666666666667, 0.43333333333333335, 0.43333333333333335, 0.45, 0.45, 0.4533333333333333, 0.45666666666666667, 0.4633333333333333, 0.4633333333333333, 0.4666666666666667, 0.4666666666666667, 0.49333333333333335, 0.49333333333333335, 0.5, 0.5, 0.5333333333333333, 0.5466666666666666, 0.55, 0.55, 0.5533333333333333, 0.5533333333333333, 0.5633333333333334, 0.5633333333333334, 0.57, 0.57, 0.5733333333333334, 0.5733333333333334, 0.5833333333333334, 0.59, 0.6033333333333334, 0.6033333333333334, 0.6066666666666667, 0.6066666666666667, 0.6133333333333333, 0.6133333333333333, 0.6166666666666667, 0.6166666666666667, 0.6233333333333333, 0.6233333333333333, 0.6266666666666667, 0.6266666666666667, 0.63, 0.63, 0.6333333333333333, 0.6333333333333333, 0.64, 0.6433333333333333, 0.65, 0.6533333333333333, 0.6533333333333333, 0.66, 0.66, 0.6633333333333333, 0.6633333333333333, 0.67, 0.67, 0.6833333333333333, 0.6833333333333333, 0.6933333333333334, 0.6933333333333334, 0.6933333333333334, 0.6966666666666667, 0.7, 0.7033333333333334, 0.7033333333333334, 0.7233333333333334, 0.7233333333333334, 0.7366666666666667, 0.7366666666666667, 0.74, 0.74, 0.7433333333333333, 0.7433333333333333, 0.75, 0.75, 0.7533333333333333, 0.7533333333333333, 0.76, 0.76, 0.7633333333333333, 0.7633333333333333, 0.7733333333333333, 0.7733333333333333, 0.7766666666666666, 0.81, 0.8166666666666667, 0.8166666666666667, 0.82, 0.8266666666666667, 0.8266666666666667, 0.83, 0.83, 0.8333333333333334, 0.8333333333333334, 0.8466666666666667, 0.8466666666666667, 0.85, 0.85, 0.85, 0.85, 0.8533333333333334, 0.8533333333333334, 0.8566666666666667, 0.8566666666666667, 0.86, 0.86, 0.8633333333333333, 0.8633333333333333, 0.87, 0.8766666666666667, 0.88, 0.88, 0.8833333333333333, 0.8866666666666667, 0.8866666666666667, 0.89, 0.89, 0.8933333333333333, 0.8933333333333333, 0.8966666666666666, 0.8966666666666666, 0.9033333333333333, 0.9033333333333333, 0.9066666666666666, 0.9066666666666666, 0.91, 0.91, 0.9166666666666666, 0.9166666666666666, 0.9166666666666666, 0.9166666666666666, 0.9233333333333333, 0.9233333333333333, 0.93, 0.93, 0.93, 0.93, 0.9333333333333333, 0.9333333333333333, 0.9366666666666666, 0.9366666666666666, 0.94, 0.94, 0.9466666666666667, 0.9466666666666667, 0.95, 0.95, 0.95, 0.95, 0.9533333333333334, 0.9533333333333334, 0.9566666666666667, 0.9566666666666667, 0.9566666666666667, 0.9566666666666667, 0.96, 0.96, 0.9633333333333334, 0.9633333333333334, 0.9633333333333334, 0.97, 0.97, 0.9733333333333334, 0.9733333333333334, 0.9766666666666667, 0.9766666666666667, 0.98, 0.98, 0.9833333333333333, 0.9833333333333333, 0.9833333333333333, 0.9833333333333333, 0.9833333333333333, 0.9833333333333333, 0.9833333333333333, 0.99, 0.99, 0.9933333333333333, 0.9933333333333333, 0.9966666666666667, 0.9966666666666667, 1.0, 1.0]
  - Thresholds: [0.9999204162205159, 0.9622696890010962, 0.9614855325892374, 0.9509145847018227, 0.9507054809986888, 0.9497459863622263, 0.9445369294101335, 0.9442315126531206, 0.9441049374508317, 0.9429798462002515, 0.9421478730421526, 0.9421047460174999, 0.9278110481369136, 0.9243312129241396, 0.9153282757313798, 0.912804747558278, 0.9096565009954803, 0.9095544997250908, 0.8966176400964659, 0.896540800583783, 0.8596121966696348, 0.8593890307697447, 0.8587513346780049, 0.8570074272513794, 0.8493992011209855, 0.8444790711701372, 0.8419161873348586, 0.8400517320023907, 0.8326418362223026, 0.8299200012442528, 0.8281669009497651, 0.8260297457435943, 0.7928239562768621, 0.7910495242516719, 0.7861616837505939, 0.7860365532297832, 0.7587623465433676, 0.7572796411139137, 0.7531362289585802, 0.7421051882664254, 0.7415504542253907, 0.7413064393850352, 0.7361530851518984, 0.7360456166935712, 0.7343935430294858, 0.7304922113987811, 0.7277852402876956, 0.7240946557151707, 0.7140369584525396, 0.7119673034132257, 0.7036000743435546, 0.6894166519713286, 0.6828151155082384, 0.6805824726584746, 0.678787026731832, 0.6740705680759068, 0.6683922380876526, 0.6677122228681817, 0.661636292903173, 0.6577686655126633, 0.6573622974975125, 0.6492176943519219, 0.6466379145069637, 0.6407634059213897, 0.6366824925249343, 0.6341162483138895, 0.6271011577430633, 0.624125351512797, 0.6215613463088623, 0.614655161402012, 0.6111266000891685, 0.6097457204155032, 0.604238361296716, 0.6035584553412296, 0.6005764306833884, 0.598698325905978, 0.5925188325799419, 0.5838059408105146, 0.5733895310950884, 0.5688559938656542, 0.567951681693502, 0.5678362020930783, 0.5662286318681576, 0.5656028117673425, 0.5651870622229085, 0.5645666544087071, 0.543696662787846, 0.5325595366497671, 0.5206023532598496, 0.5195507403076144, 0.5185701722633239, 0.5166755478734365, 0.5152386851877687, 0.5126680461753133, 0.508104772400272, 0.5057494931267927, 0.5023128282243328, 0.49715822858603037, 0.4947098644764148, 0.4936446115558002, 0.4928860634422427, 0.4916963432118627, 0.4803056425137641, 0.4686789405720936, 0.46687767456876467, 0.46363040534654604, 0.4556622479342815, 0.4475059267572263, 0.44358643397739517, 0.43696607954395844, 0.43598098317896505, 0.43583670003910546, 0.43085505845137956, 0.4305788240834195, 0.41850997358741665, 0.4104367917270262, 0.40910351017038055, 0.40363057069714336, 0.3958915962105746, 0.3931113991707304, 0.3898222135120887, 0.3847910836641549, 0.37750123593351986, 0.3721264114944731, 0.3704505527417538, 0.3662642497468894, 0.3605669393176994, 0.36046253450785415, 0.35076024876930606, 0.35017887480453624, 0.34723465534858144, 0.34505666844525873, 0.3311622015787178, 0.3300721234110538, 0.3280388375754869, 0.3249841604845361, 0.32425645892779587, 0.32129049987394587, 0.32062230376550827, 0.3133048193540931, 0.31250095692003, 0.3010658676393295, 0.29677285634732126, 0.2804416156636731, 0.2767083744507669, 0.2581140722708466, 0.2564609398491719, 0.24805151435981335, 0.23560202805503244, 0.23498533166494462, 0.23211099270458924, 0.23167127925548966, 0.22789258212427937, 0.2166598715557604, 0.2108347790525904, 0.20632935164208235, 0.2049622335652574, 0.19739211328614134, 0.1959836182097169, 0.18562052674102122, 0.17774871619940671, 0.17177315319718495, 0.16745812618021175, 0.15955160629682807, 0.15373366038338637, 0.15280466431086298, 0.1517359770816115, 0.14697707507267335, 0.14655720678072673, 0.1434135581881692, 0.14245898491416437, 0.13301055082915836, 0.13110129593891362, 0.1270514552421378, 0.12370914543700348, 0.11694184402392357, 0.11360649313956651, 0.10084492555612935, 0.09974115519914493, 0.0876058426143902, 0.08709409337918923, 0.08345135692050058, 0.07901232226937911, 0.0780018928559485, 0.07424232268675583, 0.0724061608342308, 0.06972384721009878, 0.06800023446053732, 0.04938595289743477, 0.04931104700529418, 0.04741642549618719, 0.04520178120760607, 0.024918443247617144, 0.02477670565427136, 0.018074601907868325, 0.01757835979386552, 0.017253564672586305, 0.01607911152108376, 0.015701013578844947, 0.015372981553702677, 0.01494327346570183, 0.0024468633681554706, 0.0019427452636862127, 0.0010057565584028526]
  - AUC: 0.856694444444
  - F1: 0.768707482993
================================

Running model 'mnb' on train data 'default.txt5.train' and test data 'default.txt5.test'
------------------------------------------------------------------------
Classifying line:
  1	Doesn't Work.	0
  words = [work]
  predicted label = 0.636363636364, expected label = 0
------------------------------------------------------------------------
Classifying line:
  2	Unfortunately it did not work.	0
  words = [unfortun, work, unfortun work]
  predicted label = 0.400544959128, expected label = 0
------------------------------------------------------------------------
Classifying line:
  3	All three broke within two months of use.	0
  words = [three, broke, within, two, month, use, three broke, broke within, within two, two month, month use]
  predicted label = 0.211939389903, expected label = 0
------------------------------------------------------------------------
Classifying line:
  4	dont buy it.	0
  words = [dont, buy, dont buy]
  predicted label = 0.0389197776013, expected label = 0
------------------------------------------------------------------------
Classifying line:
  5	My father has the V265, and the battery is dying.	0
  words = [father, batteri, die, father batteri, batteri die]
  predicted label = 0.556116015132, expected label = 0
------------------------------------------------------------------------
Classifying line:
  6	However, the ear pads come off easily and after only one week I lost one.	0
  words = [howev, ear, pad, come, easili, one, week, lost, one, howev ear, ear pad, pad come, come easili, easili one, one week, week lost, lost one]
  predicted label = 0.486254139693, expected label = 0
------------------------------------------------------------------------
Classifying line:
  7	The calls drop, the phone comes on and off at will, the screen goes black and the worst of all it stops ringing intermittently.	0
  words = [call, drop, phone, come, screen, go, black, worst, stop, ring, intermitt, call drop, drop phone, phone come, come screen, screen go, go black, black worst, worst stop, stop ring, ring intermitt]
  predicted label = 0.0167187565925, expected label = 0
------------------------------------------------------------------------
Classifying line:
  8	Horrible, horrible protector.	0
  words = [horribl, horribl, protector, horribl horribl, horribl protector]
  predicted label = 0.011123723042, expected label = 0
------------------------------------------------------------------------
Classifying line:
  9	I don't like this Nokia either.	0
  words = [like, nokia, either, like nokia, nokia either]
  predicted label = 0.419296418708, expected label = 0
------------------------------------------------------------------------
Classifying line:
  10	Reaching for the bottom row is uncomfortable, and the send and end keys are not where I expect them to be.3.	0
  words = [reach, bottom, row, uncomfort, send, end, key, expect, reach bottom, bottom row, row uncomfort, uncomfort send, send end, end key, key expect]
  predicted label = 0.0986751211404, expected label = 0

================================
You guessed 460/600 = 76.6666666667% correct.
  - False positive rate: [0.0, 0.0, 0.0, 0.0033333333333333335, 0.0033333333333333335, 0.0033333333333333335, 0.0033333333333333335, 0.0033333333333333335, 0.0033333333333333335, 0.006666666666666667, 0.006666666666666667, 0.01, 0.01, 0.01, 0.01, 0.01, 0.01, 0.01, 0.01, 0.01, 0.013333333333333334, 0.013333333333333334, 0.013333333333333334, 0.013333333333333334, 0.013333333333333334, 0.016666666666666666, 0.016666666666666666, 0.02, 0.02, 0.023333333333333334, 0.023333333333333334, 0.02666666666666667, 0.02666666666666667, 0.03, 0.03, 0.03333333333333333, 0.03333333333333333, 0.03666666666666667, 0.03666666666666667, 0.043333333333333335, 0.043333333333333335, 0.04666666666666667, 0.04666666666666667, 0.05, 0.05, 0.05, 0.05333333333333334, 0.05333333333333334, 0.056666666666666664, 0.056666666666666664, 0.06, 0.06, 0.06666666666666667, 0.06666666666666667, 0.07, 0.07, 0.07333333333333333, 0.07333333333333333, 0.07666666666666666, 0.07666666666666666, 0.08333333333333333, 0.08333333333333333, 0.09, 0.09, 0.09333333333333334, 0.09333333333333334, 0.09666666666666666, 0.09666666666666666, 0.1, 0.1, 0.10666666666666667, 0.10666666666666667, 0.11333333333333333, 0.11333333333333333, 0.11666666666666667, 0.11666666666666667, 0.12, 0.13, 0.13333333333333333, 0.13333333333333333, 0.14, 0.14, 0.14333333333333334, 0.14333333333333334, 0.14666666666666667, 0.15, 0.15, 0.15666666666666668, 0.15666666666666668, 0.16333333333333333, 0.16333333333333333, 0.17, 0.17, 0.18, 0.18, 0.18333333333333332, 0.18333333333333332, 0.18666666666666668, 0.18666666666666668, 0.19, 0.19, 0.19333333333333333, 0.19333333333333333, 0.19666666666666666, 0.19666666666666666, 0.2, 0.2, 0.21666666666666667, 0.21666666666666667, 0.25666666666666665, 0.2633333333333333, 0.2633333333333333, 0.26666666666666666, 0.26666666666666666, 0.28, 0.28, 0.2833333333333333, 0.2833333333333333, 0.29, 0.29, 0.2966666666666667, 0.3, 0.30333333333333334, 0.30333333333333334, 0.30666666666666664, 0.30666666666666664, 0.31666666666666665, 0.31666666666666665, 0.32, 0.32666666666666666, 0.33, 0.33, 0.35, 0.35, 0.35333333333333333, 0.35333333333333333, 0.35333333333333333, 0.35333333333333333, 0.36333333333333334, 0.36333333333333334, 0.36666666666666664, 0.36666666666666664, 0.37333333333333335, 0.37666666666666665, 0.37666666666666665, 0.38, 0.38, 0.4, 0.4, 0.41333333333333333, 0.41333333333333333, 0.4166666666666667, 0.4166666666666667, 0.43333333333333335, 0.43333333333333335, 0.44333333333333336, 0.44333333333333336, 0.44666666666666666, 0.4533333333333333, 0.4633333333333333, 0.4633333333333333, 0.48333333333333334, 0.49333333333333335, 0.49333333333333335, 0.49666666666666665, 0.49666666666666665, 0.5, 0.5033333333333333, 0.5133333333333333, 0.5133333333333333, 0.5166666666666667, 0.5233333333333333, 0.5266666666666666, 0.5266666666666666, 0.5566666666666666, 0.5566666666666666, 0.5833333333333334, 0.5833333333333334, 0.5866666666666667, 0.5866666666666667, 0.5933333333333334, 0.6, 0.6, 0.6033333333333334, 0.6033333333333334, 0.6433333333333333, 0.65, 0.6566666666666666, 0.6566666666666666, 0.66, 0.66, 0.6666666666666666, 0.6666666666666666, 0.6833333333333333, 0.6833333333333333, 0.6933333333333334, 0.6933333333333334, 0.7, 0.7066666666666667, 0.72, 0.72, 0.7366666666666667, 0.7366666666666667, 0.76, 0.76, 0.7866666666666666, 0.7866666666666666, 0.8033333333333333, 0.81, 0.85, 0.85, 0.8566666666666667, 0.8566666666666667, 0.87, 0.8766666666666667, 0.91, 0.9166666666666666, 0.93, 0.93, 0.9333333333333333, 0.9333333333333333, 0.94, 0.94, 0.95, 0.95, 0.9866666666666667, 0.9866666666666667, 1.0]
  - True positive rate: [0.0033333333333333335, 0.17333333333333334, 0.18, 0.18, 0.18333333333333332, 0.19333333333333333, 0.20666666666666667, 0.21333333333333335, 0.24, 0.24, 0.24666666666666667, 0.24666666666666667, 0.25333333333333335, 0.26666666666666666, 0.2833333333333333, 0.3, 0.31, 0.31333333333333335, 0.32, 0.36666666666666664, 0.36666666666666664, 0.39666666666666667, 0.4066666666666667, 0.41, 0.4166666666666667, 0.4166666666666667, 0.44333333333333336, 0.44666666666666666, 0.4666666666666667, 0.4666666666666667, 0.47, 0.47, 0.47333333333333333, 0.47333333333333333, 0.48, 0.48, 0.5033333333333333, 0.5166666666666667, 0.5233333333333333, 0.5233333333333333, 0.5333333333333333, 0.5333333333333333, 0.54, 0.54, 0.5433333333333333, 0.55, 0.55, 0.5566666666666666, 0.5566666666666666, 0.5633333333333334, 0.5633333333333334, 0.5666666666666667, 0.5666666666666667, 0.57, 0.57, 0.5733333333333334, 0.5733333333333334, 0.5833333333333334, 0.5833333333333334, 0.5933333333333334, 0.5933333333333334, 0.5966666666666667, 0.5966666666666667, 0.6, 0.6, 0.6066666666666667, 0.6066666666666667, 0.61, 0.61, 0.62, 0.62, 0.6233333333333333, 0.6233333333333333, 0.63, 0.6333333333333333, 0.6366666666666667, 0.6366666666666667, 0.6433333333333333, 0.6433333333333333, 0.65, 0.65, 0.6633333333333333, 0.6633333333333333, 0.67, 0.6766666666666666, 0.6766666666666666, 0.68, 0.68, 0.6866666666666666, 0.6866666666666666, 0.7, 0.7, 0.7033333333333334, 0.7033333333333334, 0.7133333333333334, 0.7133333333333334, 0.72, 0.72, 0.7333333333333333, 0.7333333333333333, 0.7366666666666667, 0.7366666666666667, 0.74, 0.74, 0.7433333333333333, 0.7433333333333333, 0.7533333333333333, 0.7533333333333333, 0.7566666666666667, 0.79, 0.79, 0.7933333333333333, 0.7933333333333333, 0.8033333333333333, 0.8033333333333333, 0.81, 0.81, 0.8133333333333334, 0.8133333333333334, 0.8166666666666667, 0.8166666666666667, 0.82, 0.82, 0.8266666666666667, 0.8266666666666667, 0.8333333333333334, 0.8333333333333334, 0.84, 0.84, 0.84, 0.84, 0.8433333333333334, 0.8433333333333334, 0.8466666666666667, 0.8466666666666667, 0.85, 0.8566666666666667, 0.86, 0.86, 0.8633333333333333, 0.8633333333333333, 0.8666666666666667, 0.8666666666666667, 0.87, 0.8733333333333333, 0.8733333333333333, 0.8766666666666667, 0.8766666666666667, 0.88, 0.88, 0.8833333333333333, 0.8833333333333333, 0.89, 0.89, 0.8933333333333333, 0.8933333333333333, 0.9, 0.9, 0.9, 0.9, 0.9033333333333333, 0.9033333333333333, 0.9033333333333333, 0.9066666666666666, 0.9066666666666666, 0.91, 0.91, 0.9133333333333333, 0.9133333333333333, 0.9166666666666666, 0.9166666666666666, 0.9166666666666666, 0.9166666666666666, 0.92, 0.92, 0.9266666666666666, 0.9266666666666666, 0.93, 0.93, 0.9366666666666666, 0.9366666666666666, 0.9366666666666666, 0.94, 0.94, 0.9433333333333334, 0.9433333333333334, 0.9433333333333334, 0.9433333333333334, 0.9466666666666667, 0.9466666666666667, 0.9533333333333334, 0.9533333333333334, 0.9566666666666667, 0.9566666666666667, 0.96, 0.96, 0.9633333333333334, 0.9633333333333334, 0.9633333333333334, 0.9633333333333334, 0.9666666666666667, 0.9666666666666667, 0.97, 0.97, 0.9733333333333334, 0.9733333333333334, 0.9766666666666667, 0.9766666666666667, 0.9766666666666667, 0.9766666666666667, 0.98, 0.98, 0.9833333333333333, 0.9833333333333333, 0.9833333333333333, 0.9833333333333333, 0.9833333333333333, 0.9833333333333333, 0.9866666666666667, 0.9866666666666667, 0.99, 0.99, 0.9933333333333333, 0.9933333333333333, 0.9966666666666667, 0.9966666666666667, 1.0, 1.0]
  - Thresholds: [0.9999004935486208, 0.955364014106798, 0.9548340958788437, 0.9541924896841583, 0.952945654412631, 0.9528403001071811, 0.9503624775362166, 0.9502262443438916, 0.9431951882161356, 0.9399262697562857, 0.9368640751369677, 0.9368083010911719, 0.9358090185676392, 0.9318522542349525, 0.9284785435630691, 0.922929355418487, 0.9197080291970802, 0.9154087244468988, 0.915384615384615, 0.8922910680132627, 0.8915289598220133, 0.8732237574487596, 0.8698224852071004, 0.8640616028891772, 0.8623386781384439, 0.8622592803108075, 0.8513646327855886, 0.8513513513513509, 0.8331620849436211, 0.8271726862280122, 0.8200074377091852, 0.8193231960616472, 0.8153934016337848, 0.8128058146288897, 0.8023242861916612, 0.7924245629006016, 0.7752794761023418, 0.7742866303302338, 0.7716667810334186, 0.7684592012272218, 0.7639679885736691, 0.7601644586540679, 0.7579317807745831, 0.7567660325554034, 0.7523029682702151, 0.7514124293785306, 0.7510739920189267, 0.7507533068895639, 0.7504254112308564, 0.7459176735066542, 0.7449363897921888, 0.7400182898136389, 0.7373045218630204, 0.7366128269289215, 0.7306041695081406, 0.7281953021922363, 0.7274107242078084, 0.7232122583195271, 0.7229320080143645, 0.7184081917616932, 0.7106358332905178, 0.7077520663896704, 0.6940253364696287, 0.6939032714635165, 0.6929309902696932, 0.6916041311911681, 0.6909666853077495, 0.6900019214756926, 0.6899978336017772, 0.6782975544373867, 0.6697936210131332, 0.65625, 0.6554763065138135, 0.646859477232192, 0.6460009465215331, 0.6437799566920497, 0.6435814661139277, 0.6363636363636364, 0.6340227834582266, 0.6303971215877925, 0.6145729643639252, 0.5954205682843178, 0.5951584333792554, 0.5926047584564518, 0.5887850467289721, 0.5876638094218455, 0.5856345797438416, 0.578641318609911, 0.5769230769230769, 0.5740318906605917, 0.5659287776708373, 0.5599999999999999, 0.5574268578055057, 0.5485074626865671, 0.5441029450487335, 0.5440414507772019, 0.5416362304540934, 0.5385405283667956, 0.5317128354743162, 0.5257837850050664, 0.5253786742955331, 0.5231481920063675, 0.5223055665219108, 0.5217391304347824, 0.517580116797353, 0.5156224704549134, 0.5113199487398549, 0.5021349274124676, 0.5010006552924774, 0.5, 0.48625413969345843, 0.48182017344389566, 0.4767567567567565, 0.4720361882379195, 0.469086557638612, 0.46613562303506617, 0.4651665076096234, 0.4632713902701571, 0.46114864864864835, 0.4593043728394936, 0.45510835913312686, 0.44999999999999973, 0.44303797468354444, 0.43864620448697605, 0.43719671727900866, 0.43424513594970965, 0.42257217847768985, 0.42009691676873084, 0.4192964187078374, 0.4172185430463576, 0.4172185430463572, 0.41544481750766843, 0.388888888888889, 0.3874571165592831, 0.3845943725568712, 0.37451537865081364, 0.3736654804270463, 0.3723800652036099, 0.3632280298007283, 0.36011198817902446, 0.3584637268847792, 0.35519796675569537, 0.35294117647058837, 0.35294117647058804, 0.35215873571173384, 0.3515656140661675, 0.34927789891562533, 0.3394919168591224, 0.33570159857904086, 0.32206538307410404, 0.3197026869857327, 0.31470103813072503, 0.31298793470546443, 0.2980178929001066, 0.2978723404255318, 0.2897521255639849, 0.2791184900165922, 0.2763157894736841, 0.2751778360164729, 0.26698861227919035, 0.2667139656805122, 0.2541099548882745, 0.25199999999999984, 0.25084769263237167, 0.2490305324639121, 0.2464670658682635, 0.24585884863118443, 0.24179525338763946, 0.23016129433108803, 0.2295955206987937, 0.22281943970891674, 0.22261484098939924, 0.22249773089734248, 0.22118197776477463, 0.19790339031631177, 0.19334115566599303, 0.16994326248166572, 0.1686995940465841, 0.16821236405868104, 0.16227910035549895, 0.16030534351145037, 0.16030534351145023, 0.15836610578868768, 0.15709479517118524, 0.1570947951711847, 0.13469646700629972, 0.13443209299489903, 0.12414042707202295, 0.12409569851008874, 0.12296198345505722, 0.1214260071904379, 0.11917012722730502, 0.11611854310694342, 0.10512257883123784, 0.10058667198462062, 0.09681668496158051, 0.09193245778611629, 0.08763870912918893, 0.08713692946058081, 0.08265837969143756, 0.08118183073312145, 0.07764590657728757, 0.07696117445847811, 0.06872457693151676, 0.06845062552385663, 0.05815059153060845, 0.0579588870935912, 0.05154009821225072, 0.050359712230215806, 0.038251366120218504, 0.038246573178413616, 0.03657626275192829, 0.03578461771200657, 0.02870071956176336, 0.026687335037077313, 0.01984609153503441, 0.019150876481913052, 0.01487973241802068, 0.01481066118364545, 0.014279027845068976, 0.014184984974967898, 0.013203950491957989, 0.012774922589742067, 0.010591129343066342, 0.010495799273906148, 0.0013273850432324998, 0.0013133535340760297, 0.0001419482019665785]
  - AUC: 0.852705555556
  - F1: 0.771986970684
================================

Running model 'dt' on train data 'default.txt5.train' and test data 'default.txt5.test'
Best hyperparameters were: {'max_features': 0.5, 'min_samples_leaf': 1}
------------------------------------------------------------------------
Classifying line:
  1	Doesn't Work.	0
  words = [work]
  predicted label = 0.846153846154, expected label = 0
------------------------------------------------------------------------
Classifying line:
  2	Unfortunately it did not work.	0
  words = [unfortun, work, unfortun work]
  predicted label = 0.846153846154, expected label = 0
------------------------------------------------------------------------
Classifying line:
  3	All three broke within two months of use.	0
  words = [three, broke, within, two, month, use, three broke, broke within, within two, two month, month use]
  predicted label = 0.0, expected label = 0
------------------------------------------------------------------------
Classifying line:
  4	dont buy it.	0
  words = [dont, buy, dont buy]
  predicted label = 0.0, expected label = 0
------------------------------------------------------------------------
Classifying line:
  5	My father has the V265, and the battery is dying.	0
  words = [father, batteri, die, father batteri, batteri die]
  predicted label = 0.0, expected label = 0
------------------------------------------------------------------------
Classifying line:
  6	However, the ear pads come off easily and after only one week I lost one.	0
  words = [howev, ear, pad, come, easili, one, week, lost, one, howev ear, ear pad, pad come, come easili, easili one, one week, week lost, lost one]
  predicted label = 1.0, expected label = 0
------------------------------------------------------------------------
Classifying line:
  7	The calls drop, the phone comes on and off at will, the screen goes black and the worst of all it stops ringing intermittently.	0
  words = [call, drop, phone, come, screen, go, black, worst, stop, ring, intermitt, call drop, drop phone, phone come, come screen, screen go, go black, black worst, worst stop, stop ring, ring intermitt]
  predicted label = 0.0, expected label = 0
------------------------------------------------------------------------
Classifying line:
  8	Horrible, horrible protector.	0
  words = [horribl, horribl, protector, horribl horribl, horribl protector]
  predicted label = 0.0, expected label = 0
------------------------------------------------------------------------
Classifying line:
  9	I don't like this Nokia either.	0
  words = [like, nokia, either, like nokia, nokia either]
  predicted label = 0.571428571429, expected label = 0
------------------------------------------------------------------------
Classifying line:
  10	Reaching for the bottom row is uncomfortable, and the send and end keys are not where I expect them to be.3.	0
  words = [reach, bottom, row, uncomfort, send, end, key, expect, reach bottom, bottom row, row uncomfort, uncomfort send, send end, end key, key expect]
  predicted label = 0.5, expected label = 0

================================
You guessed 444/600 = 74.0% correct.
  - False positive rate: [0.0, 0.18333333333333332, 0.18333333333333332, 0.19666666666666666, 0.19666666666666666, 0.21, 0.21666666666666667, 0.21666666666666667, 0.22333333333333333, 0.23, 0.2633333333333333, 0.31666666666666665, 0.31666666666666665, 0.32, 0.34, 0.36, 0.37, 0.37333333333333335, 0.38, 0.4033333333333333, 0.41, 1.0]
  - True positive rate: [0.0, 0.5766666666666667, 0.6233333333333333, 0.6333333333333333, 0.6466666666666666, 0.68, 0.69, 0.7133333333333334, 0.7166666666666667, 0.7166666666666667, 0.7433333333333333, 0.7766666666666666, 0.78, 0.78, 0.7933333333333333, 0.7966666666666666, 0.8133333333333334, 0.8133333333333334, 0.8133333333333334, 0.8166666666666667, 0.8166666666666667, 1.0]
  - Thresholds: [2.0, 1.0, 0.96875, 0.8461538461538461, 0.8333333333333334, 0.8235294117647058, 0.8, 0.75, 0.6666666666666666, 0.5714285714285714, 0.5, 0.4564459930313589, 0.4, 0.375, 0.3333333333333333, 0.25, 0.2222222222222222, 0.16666666666666666, 0.14285714285714285, 0.1111111111111111, 0.1, 0.0]
  - AUC: 0.759855555556
  - F1: 0.740863787375
================================

Running model 'rf' on train data 'default.txt5.train' and test data 'default.txt5.test'
Best hyperparameters were: {'n_estimators': 10}
------------------------------------------------------------------------
Classifying line:
  1	Doesn't Work.	0
  words = [work]
  predicted label = 0.60756480285, expected label = 0
------------------------------------------------------------------------
Classifying line:
  2	Unfortunately it did not work.	0
  words = [unfortun, work, unfortun work]
  predicted label = 0.60756480285, expected label = 0
------------------------------------------------------------------------
Classifying line:
  3	All three broke within two months of use.	0
  words = [three, broke, within, two, month, use, three broke, broke within, within two, two month, month use]
  predicted label = 0.390149921825, expected label = 0
------------------------------------------------------------------------
Classifying line:
  4	dont buy it.	0
  words = [dont, buy, dont buy]
  predicted label = 0.292423820856, expected label = 0
------------------------------------------------------------------------
Classifying line:
  5	My father has the V265, and the battery is dying.	0
  words = [father, batteri, die, father batteri, batteri die]
  predicted label = 0.3999975332, expected label = 0
------------------------------------------------------------------------
Classifying line:
  6	However, the ear pads come off easily and after only one week I lost one.	0
  words = [howev, ear, pad, come, easili, one, week, lost, one, howev ear, ear pad, pad come, come easili, easili one, one week, week lost, lost one]
  predicted label = 0.455253995101, expected label = 0
------------------------------------------------------------------------
Classifying line:
  7	The calls drop, the phone comes on and off at will, the screen goes black and the worst of all it stops ringing intermittently.	0
  words = [call, drop, phone, come, screen, go, black, worst, stop, ring, intermitt, call drop, drop phone, phone come, come screen, screen go, go black, black worst, worst stop, stop ring, ring intermitt]
  predicted label = 0.0, expected label = 0
------------------------------------------------------------------------
Classifying line:
  8	Horrible, horrible protector.	0
  words = [horribl, horribl, protector, horribl horribl, horribl protector]
  predicted label = 0.428269980085, expected label = 0
------------------------------------------------------------------------
Classifying line:
  9	I don't like this Nokia either.	0
  words = [like, nokia, either, like nokia, nokia either]
  predicted label = 0.497606215581, expected label = 0
------------------------------------------------------------------------
Classifying line:
  10	Reaching for the bottom row is uncomfortable, and the send and end keys are not where I expect them to be.3.	0
  words = [reach, bottom, row, uncomfort, send, end, key, expect, reach bottom, bottom row, row uncomfort, uncomfort send, send end, end key, key expect]
  predicted label = 0.388257035101, expected label = 0

================================
You guessed 421/600 = 70.1666666667% correct.
  - False positive rate: [0.0, 0.0, 0.0033333333333333335, 0.0033333333333333335, 0.006666666666666667, 0.013333333333333334, 0.013333333333333334, 0.013333333333333334, 0.013333333333333334, 0.013333333333333334, 0.013333333333333334, 0.043333333333333335, 0.043333333333333335, 0.043333333333333335, 0.043333333333333335, 0.04666666666666667, 0.04666666666666667, 0.04666666666666667, 0.04666666666666667, 0.05, 0.05, 0.05, 0.05333333333333334, 0.056666666666666664, 0.056666666666666664, 0.06, 0.06, 0.06666666666666667, 0.06666666666666667, 0.06666666666666667, 0.06666666666666667, 0.08, 0.08, 0.09666666666666666, 0.09666666666666666, 0.09666666666666666, 0.11333333333333333, 0.12333333333333334, 0.12333333333333334, 0.12333333333333334, 0.12666666666666668, 0.13, 0.13, 0.13, 0.13, 0.14333333333333334, 0.14333333333333334, 0.15, 0.16, 0.16333333333333333, 0.16333333333333333, 0.16666666666666666, 0.16666666666666666, 0.17, 0.17, 0.17666666666666667, 0.17666666666666667, 0.19333333333333333, 0.19333333333333333, 0.2, 0.2, 0.2, 0.20666666666666667, 0.20666666666666667, 0.21, 0.21, 0.21666666666666667, 0.22666666666666666, 0.22666666666666666, 0.23, 0.23, 0.23, 0.24333333333333335, 0.24333333333333335, 0.24333333333333335, 0.24666666666666667, 0.2633333333333333, 0.2633333333333333, 0.26666666666666666, 0.26666666666666666, 0.27, 0.27, 0.27666666666666667, 0.29, 0.5433333333333333, 0.5433333333333333, 0.5433333333333333, 0.5566666666666666, 0.5566666666666666, 0.56, 0.5733333333333334, 0.58, 0.5833333333333334, 0.59, 0.59, 0.5933333333333334, 0.5933333333333334, 0.6033333333333334, 0.6066666666666667, 0.6066666666666667, 0.61, 0.62, 0.6266666666666667, 0.63, 0.63, 0.64, 0.6433333333333333, 0.6533333333333333, 0.6533333333333333, 0.66, 0.6733333333333333, 0.6733333333333333, 0.6833333333333333, 0.69, 0.69, 0.6933333333333334, 0.6933333333333334, 0.7, 0.7066666666666667, 0.7133333333333334, 0.7266666666666667, 0.7266666666666667, 0.73, 0.73, 0.7366666666666667, 0.74, 0.7466666666666667, 0.76, 0.76, 0.7633333333333333, 0.7633333333333333, 0.7766666666666666, 0.7766666666666666, 0.7866666666666666, 0.7966666666666666, 0.8, 0.8, 0.81, 0.83, 0.83, 0.8366666666666667, 0.84, 0.87, 0.87, 0.8833333333333333, 0.8833333333333333, 0.89, 0.8966666666666666, 0.9, 0.9266666666666666, 0.93, 0.9733333333333334, 0.9766666666666667, 1.0]
  - True positive rate: [0.03, 0.05, 0.15666666666666668, 0.16666666666666666, 0.21333333333333335, 0.23666666666666666, 0.24, 0.24666666666666667, 0.25, 0.25666666666666665, 0.2633333333333333, 0.35, 0.37666666666666665, 0.38333333333333336, 0.38666666666666666, 0.38666666666666666, 0.39, 0.4, 0.4033333333333333, 0.4033333333333333, 0.41333333333333333, 0.42, 0.42333333333333334, 0.42333333333333334, 0.4266666666666667, 0.4266666666666667, 0.43, 0.43, 0.43333333333333335, 0.44333333333333336, 0.4533333333333333, 0.4633333333333333, 0.4666666666666667, 0.4766666666666667, 0.4866666666666667, 0.49, 0.51, 0.51, 0.52, 0.5266666666666666, 0.53, 0.53, 0.5333333333333333, 0.5433333333333333, 0.5466666666666666, 0.5466666666666666, 0.5533333333333333, 0.5533333333333333, 0.5633333333333334, 0.5633333333333334, 0.57, 0.57, 0.5733333333333334, 0.5733333333333334, 0.5766666666666667, 0.5766666666666667, 0.58, 0.5833333333333334, 0.5866666666666667, 0.5866666666666667, 0.59, 0.5966666666666667, 0.5966666666666667, 0.6033333333333334, 0.6033333333333334, 0.6066666666666667, 0.6066666666666667, 0.6066666666666667, 0.61, 0.61, 0.6233333333333333, 0.6333333333333333, 0.6333333333333333, 0.6366666666666667, 0.6433333333333333, 0.6433333333333333, 0.6466666666666666, 0.65, 0.65, 0.6566666666666666, 0.6633333333333333, 0.67, 0.6733333333333333, 0.6733333333333333, 0.8166666666666667, 0.8233333333333334, 0.8266666666666667, 0.8266666666666667, 0.83, 0.83, 0.8366666666666667, 0.84, 0.84, 0.8433333333333334, 0.8466666666666667, 0.8466666666666667, 0.85, 0.8533333333333334, 0.8533333333333334, 0.86, 0.86, 0.8666666666666667, 0.8666666666666667, 0.8666666666666667, 0.87, 0.8733333333333333, 0.8733333333333333, 0.8766666666666667, 0.88, 0.88, 0.8833333333333333, 0.8866666666666667, 0.8866666666666667, 0.8866666666666667, 0.89, 0.89, 0.8966666666666666, 0.8966666666666666, 0.91, 0.9166666666666666, 0.9166666666666666, 0.9233333333333333, 0.9233333333333333, 0.93, 0.9333333333333333, 0.94, 0.9466666666666667, 0.9466666666666667, 0.95, 0.95, 0.9566666666666667, 0.9566666666666667, 0.96, 0.9733333333333334, 0.9733333333333334, 0.9733333333333334, 0.9766666666666667, 0.9766666666666667, 0.9766666666666667, 0.98, 0.98, 0.9833333333333333, 0.9833333333333333, 0.9933333333333333, 0.9933333333333333, 0.9966666666666667, 0.9966666666666667, 0.9966666666666667, 0.9966666666666667, 0.9966666666666667, 0.9966666666666667, 1.0, 1.0, 1.0]
  - Thresholds: [0.9709858204148129, 0.9614163589548428, 0.9519865128827119, 0.9361832414127511, 0.9307448396369464, 0.9015041217542183, 0.862807380147083, 0.821640018040273, 0.8065510285529308, 0.7905640843418473, 0.7722605541320217, 0.7695945854311721, 0.7183716652431328, 0.698600576380646, 0.6964544973363654, 0.6948282302909852, 0.6937646746093761, 0.6854463713840893, 0.6829354236205416, 0.6755716254625772, 0.648969433143241, 0.6454435907292793, 0.6349771929643241, 0.6346871944637993, 0.6336900151293212, 0.6332005324330197, 0.632665029075905, 0.6298603213872941, 0.6227125017295749, 0.6225361112126049, 0.6076587878128975, 0.6075648028504914, 0.6067563617116047, 0.6064863497277814, 0.5994232895004912, 0.5966961190638104, 0.5965078311540013, 0.5770616980908468, 0.5730990730870202, 0.57076537495911, 0.569622748151897, 0.5695446317814739, 0.557942452135911, 0.5554204852757211, 0.5547281121695742, 0.5436759139616025, 0.5329139820819081, 0.5269539833615859, 0.5253795644302768, 0.5227363012654501, 0.5210513316524826, 0.5167875269013789, 0.5139175242132887, 0.5110429601731036, 0.5090433857942347, 0.5004160449524899, 0.5003265987038777, 0.49760621558063844, 0.4943969318671531, 0.49382092453027304, 0.4881455977607943, 0.4874558164810619, 0.48687569162492095, 0.4861018895869056, 0.4857447320528522, 0.48530601205686097, 0.48137458118544013, 0.4801509545220678, 0.47972003118740336, 0.4787128977636101, 0.47686797679969894, 0.4722944581263088, 0.46773981109974655, 0.4622809690955412, 0.4610057019396251, 0.4578088734338734, 0.45525399510064013, 0.45397061438738967, 0.45234197099608064, 0.436303779806153, 0.4345155942501585, 0.4333662223785849, 0.43310582403974723, 0.4303802223794393, 0.42826998008455214, 0.42693641128016574, 0.4207039774511843, 0.41181795517789055, 0.41108322317542756, 0.4089754886608434, 0.40888644327725804, 0.40711929955102166, 0.4050269153043752, 0.40182502595611186, 0.4009429102906317, 0.40055546194917746, 0.4002684003057212, 0.3999975331997508, 0.3994591486158206, 0.39426410921724997, 0.3930806662320432, 0.39014992182479596, 0.3882570351007334, 0.38723137306322375, 0.3841906865460503, 0.38405688529217596, 0.384016773502572, 0.3836017336390546, 0.3798863056173964, 0.3741778499278499, 0.37371038855281496, 0.3716088990609688, 0.3634501463840696, 0.3628409377080211, 0.3592065051878489, 0.3586820966119704, 0.3556840592334153, 0.3550876084065033, 0.3508557143671264, 0.34893634806340457, 0.34217253258352665, 0.3411575893089663, 0.339764014631098, 0.33689227947237094, 0.33480044816124677, 0.32703610126358573, 0.32566814539948913, 0.311977835162394, 0.307873868668992, 0.30259109902298204, 0.3022612886066869, 0.29910173860554123, 0.2980287794458275, 0.29615406036458664, 0.292423820855699, 0.2913649514726444, 0.2888628796580031, 0.27128252675321274, 0.24419342704917782, 0.23845607404332586, 0.2154330197878585, 0.17391287326771196, 0.17214416480206488, 0.154798862278701, 0.10732433110158228, 0.08985853227232538, 0.08561367990247301, 0.08238041513592718, 0.08008460584536135, 0.047272114211916606, 0.042726659666462066, 0.025556046980195583, 0.00976657329598506, 0.0]
  - AUC: 0.765561111111
  - F1: 0.660341555977
================================

