preprocessSentences.py:68: UnicodeWarning: Unicode equal comparison failed to convert both arguments to Unicode - interpreting them as being unequal
  return [clean_word(w) for w in tokens if w.lower() not in stop_words and w.isalpha()]
Path: .
Training data: ./default.txt1.train
Done building things up man. Num documents in train set: 2400.
Number of features before any feature selection: 11252
Number of features after filtering out words by count threshold: 515
Done doing the feature selection thing man. Num vocabs: 515.
Output files: ./out*
Runtime: 4.06385111809
Running model 'mybnb' on train data 'default.txt1.train' and test data 'default.txt1.test'
Num train examples = 2400, positive prior = 0.541666666667, negative prior = 0.458333333333
Using 515 features: bacon, second, dialogu, everyon, music, care, relat, hold, first tim, want...
492 features are used in positive reviews: lack, go, follow, tv, friendli, certainli, leav, worth, sound, everi...
477 features are used in negative reviews: lack, go, follow, hate, tv, friendli, certainli, larg, worth, case...
------------------------------------------------------------------------
Classifying line:
  1	So there is no way for me to plug it in here in the US unless I go by a converter.	0
  words = [way, plug, u, unless, go, convert, way plug, plug u, u unless, unless go, go convert]
  positive probability = 1.41217238953e-31, negative probability = 1.39199017133e-30
  predicted label = 0, expected label = 0
------------------------------------------------------------------------
Classifying line:
  2	Tied to charger for conversations lasting more than 45 minutes.MAJOR PROBLEMS!!	0
  words = [tie, charger, convers, last, minut, major, problem, tie charger, charger convers, convers last, last minut, minut major, major problem]
  positive probability = 3.94431720247e-39, negative probability = 9.07650716365e-38
  predicted label = 0, expected label = 0
------------------------------------------------------------------------
Classifying line:
  3	I have to jiggle the plug to get it to line up right to get decent volume.	0
  words = [jiggl, plug, get, line, right, get, decent, volum, jiggl plug, plug get, get line, line right, right get, get decent, decent volum]
  positive probability = 2.82648512277e-42, negative probability = 1.15313799276e-41
  predicted label = 0, expected label = 0
------------------------------------------------------------------------
Classifying line:
  4	If you have several dozen or several hundred contacts, then imagine the fun of sending each of them one by one.	0
  words = [sever, dozen, sever, hundr, contact, imagin, fun, send, one, one, sever dozen, dozen sever, sever hundr, hundr contact, contact imagin, imagin fun, fun send, send one, one one]
  positive probability = 5.3725552555e-54, negative probability = 1.4016400572e-53
  predicted label = 0, expected label = 0
------------------------------------------------------------------------
Classifying line:
  5	Needless to say, I wasted my money.	0
  words = [needl, say, wast, money, needl say, say wast, wast money]
  positive probability = 1.4603310902e-20, negative probability = 7.05501678526e-19
  predicted label = 0, expected label = 0
------------------------------------------------------------------------
Classifying line:
  6	What a waste of money and time!.	0
  words = [wast, money, time, wast money, money time]
  positive probability = 4.95111821085e-14, negative probability = 2.63148961411e-12
  predicted label = 0, expected label = 0
------------------------------------------------------------------------
Classifying line:
  7	If the two were seperated by a mere 5+ ft I started to notice excessive static and garbled sound from the headset.	0
  words = [two, seper, mere, ft, start, notic, excess, static, garbl, sound, headset, two seper, seper mere, mere ft, ft start, start notic, notic excess, excess static, static garbl, garbl sound, sound headset]
  positive probability = 2.07860920653e-62, negative probability = 7.05265603262e-62
  predicted label = 0, expected label = 0
------------------------------------------------------------------------
Classifying line:
  8	The design is very odd, as the ear "clip" is not very comfortable at all.	0
  words = [design, odd, ear, clip, comfort, design odd, odd ear, ear clip, clip comfort]
  positive probability = 5.54148213753e-27, negative probability = 9.56130334856e-28
  predicted label = 1, expected label = 0
------------------------------------------------------------------------
Classifying line:
  9	I advise EVERYONE DO NOT BE FOOLED!	0
  words = [advis, everyon, fool, advis everyon, everyon fool]
  positive probability = 8.68617229973e-16, negative probability = 1.69209491852e-15
  predicted label = 0, expected label = 0
------------------------------------------------------------------------
Classifying line:
  10	It clicks into place in a way that makes you wonder how long that mechanism would last.	0
  words = [click, place, way, make, wonder, long, mechan, would, last, click place, place way, way make, make wonder, wonder long, long mechan, mechan would, would last]
  positive probability = 4.38302150793e-45, negative probability = 7.64421431421e-45
  predicted label = 0, expected label = 0

================================
You guessed 456/600 = 76.0% correct.
  - False positive rate: [0.0, 0.2775, 1.0]
  - True positive rate: [0.0, 0.835, 1.0]
  - Thresholds: [2, 1, 0]
  - AUC: 0.77875
  - F1: 0.698744769874
================================

Running model 'mymnb' on train data 'default.txt1.train' and test data 'default.txt1.test'
Num train examples = 2400, positive prior = 0.541666666667, negative prior = 0.458333333333
Using 515 features: bacon, second, dialogu, everyon, music, care, relat, hold, first tim, want...
492 features are used in positive reviews: lack, go, follow, tv, friendli, certainli, leav, worth, sound, everi...
477 features are used in negative reviews: lack, go, follow, hate, tv, friendli, certainli, larg, worth, case...
------------------------------------------------------------------------
Classifying line:
  1	So there is no way for me to plug it in here in the US unless I go by a converter.	0
  words = [way, plug, u, unless, go, convert, way plug, plug u, u unless, unless go, go convert]
  positive probability = 3.9602967168e-33, negative probability = 2.07843245391e-32
  predicted label = 0, expected label = 0
------------------------------------------------------------------------
Classifying line:
  2	Tied to charger for conversations lasting more than 45 minutes.MAJOR PROBLEMS!!	0
  words = [tie, charger, convers, last, minut, major, problem, tie charger, charger convers, convers last, last minut, minut major, major problem]
  positive probability = 5.25434332714e-41, negative probability = 7.25662159938e-40
  predicted label = 0, expected label = 0
------------------------------------------------------------------------
Classifying line:
  3	I have to jiggle the plug to get it to line up right to get decent volume.	0
  words = [jiggl, plug, get, line, right, get, decent, volum, jiggl plug, plug get, get line, line right, right get, get decent, decent volum]
  positive probability = 2.3592066713e-44, negative probability = 4.78276919322e-44
  predicted label = 0, expected label = 0
------------------------------------------------------------------------
Classifying line:
  4	If you have several dozen or several hundred contacts, then imagine the fun of sending each of them one by one.	0
  words = [sever, dozen, sever, hundr, contact, imagin, fun, send, one, one, sever dozen, dozen sever, sever hundr, hundr contact, contact imagin, imagin fun, fun send, send one, one one]
  positive probability = 1.12512843505e-56, negative probability = 1.0750263271e-56
  predicted label = 1, expected label = 0
------------------------------------------------------------------------
Classifying line:
  5	Needless to say, I wasted my money.	0
  words = [needl, say, wast, money, needl say, say wast, wast money]
  positive probability = 1.42755160085e-21, negative probability = 5.20624677444e-20
  predicted label = 0, expected label = 0
------------------------------------------------------------------------
Classifying line:
  6	What a waste of money and time!.	0
  words = [wast, money, time, wast money, money time]
  positive probability = 9.4053523446e-15, negative probability = 3.98319181135e-13
  predicted label = 0, expected label = 0
------------------------------------------------------------------------
Classifying line:
  7	If the two were seperated by a mere 5+ ft I started to notice excessive static and garbled sound from the headset.	0
  words = [two, seper, mere, ft, start, notic, excess, static, garbl, sound, headset, two seper, seper mere, mere ft, ft start, start notic, notic excess, excess static, static garbl, garbl sound, sound headset]
  positive probability = 2.17773150046e-65, negative probability = 2.30432179777e-65
  predicted label = 0, expected label = 0
------------------------------------------------------------------------
Classifying line:
  8	The design is very odd, as the ear "clip" is not very comfortable at all.	0
  words = [design, odd, ear, clip, comfort, design odd, odd ear, ear clip, clip comfort]
  positive probability = 3.34515601331e-28, negative probability = 3.06618749271e-29
  predicted label = 1, expected label = 0
------------------------------------------------------------------------
Classifying line:
  9	I advise EVERYONE DO NOT BE FOOLED!	0
  words = [advis, everyon, fool, advis everyon, everyon fool]
  positive probability = 1.65006181484e-16, negative probability = 2.50305308631e-16
  predicted label = 0, expected label = 0
------------------------------------------------------------------------
Classifying line:
  10	It clicks into place in a way that makes you wonder how long that mechanism would last.	0
  words = [click, place, way, make, wonder, long, mechan, would, last, click place, place way, way make, make wonder, wonder long, long mechan, mechan would, would last]
  positive probability = 1.75115623935e-47, negative probability = 1.58380662598e-47
  predicted label = 1, expected label = 0

================================
You guessed 427/600 = 71.1666666667% correct.
  - False positive rate: [0.0, 0.3675, 1.0]
  - True positive rate: [0.0, 0.87, 1.0]
  - Thresholds: [2, 1, 0]
  - AUC: 0.75125
  - F1: 0.667946257198
================================

Running model 'bnb' on train data 'default.txt1.train' and test data 'default.txt1.test'
------------------------------------------------------------------------
Classifying line:
  1	So there is no way for me to plug it in here in the US unless I go by a converter.	0
  words = [way, plug, u, unless, go, convert, way plug, plug u, u unless, unless go, go convert]
  predicted label = 0.266728343802, expected label = 0
------------------------------------------------------------------------
Classifying line:
  2	Tied to charger for conversations lasting more than 45 minutes.MAJOR PROBLEMS!!	0
  words = [tie, charger, convers, last, minut, major, problem, tie charger, charger convers, convers last, last minut, minut major, major problem]
  predicted label = 0.180504715985, expected label = 0
------------------------------------------------------------------------
Classifying line:
  3	I have to jiggle the plug to get it to line up right to get decent volume.	0
  words = [jiggl, plug, get, line, right, get, decent, volum, jiggl plug, plug get, get line, line right, right get, get decent, decent volum]
  predicted label = 0.60575077327, expected label = 0
------------------------------------------------------------------------
Classifying line:
  4	If you have several dozen or several hundred contacts, then imagine the fun of sending each of them one by one.	0
  words = [sever, dozen, sever, hundr, contact, imagin, fun, send, one, one, sever dozen, dozen sever, sever hundr, hundr contact, contact imagin, imagin fun, fun send, send one, one one]
  predicted label = 0.822854475448, expected label = 0
------------------------------------------------------------------------
Classifying line:
  5	Needless to say, I wasted my money.	0
  words = [needl, say, wast, money, needl say, say wast, wast money]
  predicted label = 0.0366495184229, expected label = 0
------------------------------------------------------------------------
Classifying line:
  6	What a waste of money and time!.	0
  words = [wast, money, time, wast money, money time]
  predicted label = 0.0238901497416, expected label = 0
------------------------------------------------------------------------
Classifying line:
  7	If the two were seperated by a mere 5+ ft I started to notice excessive static and garbled sound from the headset.	0
  words = [two, seper, mere, ft, start, notic, excess, static, garbl, sound, headset, two seper, seper mere, mere ft, ft start, start notic, notic excess, excess static, static garbl, garbl sound, sound headset]
  predicted label = 0.831085725665, expected label = 0
------------------------------------------------------------------------
Classifying line:
  8	The design is very odd, as the ear "clip" is not very comfortable at all.	0
  words = [design, odd, ear, clip, comfort, design odd, odd ear, ear clip, clip comfort]
  predicted label = 0.948103304751, expected label = 0
------------------------------------------------------------------------
Classifying line:
  9	I advise EVERYONE DO NOT BE FOOLED!	0
  words = [advis, everyon, fool, advis everyon, everyon fool]
  predicted label = 0.492340841715, expected label = 0
------------------------------------------------------------------------
Classifying line:
  10	It clicks into place in a way that makes you wonder how long that mechanism would last.	0
  words = [click, place, way, make, wonder, long, mechan, would, last, click place, place way, way make, make wonder, wonder long, long mechan, mechan would, would last]
  predicted label = 0.743843812556, expected label = 0

================================
You guessed 376/600 = 62.6666666667% correct.
  - False positive rate: [0.0, 0.0, 0.0025, 0.0025, 0.005, 0.005, 0.0075, 0.0075, 0.01, 0.01, 0.0125, 0.0125, 0.015, 0.015, 0.0225, 0.0225, 0.0225, 0.0225, 0.025, 0.025, 0.0275, 0.0275, 0.035, 0.035, 0.04, 0.04, 0.0425, 0.0425, 0.045, 0.045, 0.0475, 0.0475, 0.05, 0.05, 0.05, 0.05, 0.0525, 0.0525, 0.055, 0.055, 0.0625, 0.0625, 0.0675, 0.0675, 0.0675, 0.07, 0.07, 0.07, 0.0725, 0.0725, 0.075, 0.075, 0.08, 0.08, 0.0825, 0.0825, 0.085, 0.085, 0.0875, 0.0875, 0.1025, 0.1025, 0.105, 0.105, 0.1075, 0.1075, 0.11, 0.11, 0.1125, 0.1125, 0.115, 0.115, 0.1175, 0.1175, 0.12, 0.12, 0.125, 0.13, 0.13, 0.1325, 0.1325, 0.135, 0.135, 0.1525, 0.1525, 0.1575, 0.1575, 0.1675, 0.1675, 0.175, 0.175, 0.1825, 0.1825, 0.19, 0.19, 0.1975, 0.1975, 0.2, 0.205, 0.2125, 0.2125, 0.215, 0.215, 0.2175, 0.2175, 0.2225, 0.2225, 0.225, 0.225, 0.2375, 0.2375, 0.2425, 0.2425, 0.2575, 0.2625, 0.2625, 0.27, 0.28, 0.3, 0.3075, 0.32, 0.32, 0.3325, 0.3325, 0.34, 0.34, 0.3425, 0.3475, 0.3475, 0.355, 0.355, 0.3675, 0.3675, 0.3825, 0.3825, 0.39, 0.39, 0.3925, 0.3925, 0.3975, 0.4025, 0.4175, 0.4175, 0.4325, 0.4325, 0.44, 0.44, 0.445, 0.45, 0.45, 0.4525, 0.5225, 0.525, 0.53, 0.53, 0.5325, 0.5325, 0.5475, 0.555, 0.565, 0.565, 0.57, 0.5725, 0.5775, 0.5875, 0.5875, 0.605, 0.605, 0.6225, 0.6225, 0.6325, 0.6375, 0.66, 0.6625, 0.6975, 0.705, 0.7375, 0.7375, 0.76, 0.765, 0.79, 0.79, 0.8125, 0.8175, 0.8375, 0.8525, 0.8575, 0.865, 0.8725, 0.89, 0.895, 0.9125, 0.9175, 0.925, 0.9475, 0.9525, 0.965, 0.9725, 0.9775, 1.0]
  - True positive rate: [0.005, 0.045, 0.045, 0.06, 0.06, 0.1, 0.1, 0.17, 0.17, 0.18, 0.18, 0.215, 0.215, 0.25, 0.25, 0.26, 0.31, 0.335, 0.335, 0.375, 0.375, 0.4, 0.4, 0.41, 0.41, 0.415, 0.415, 0.43, 0.43, 0.435, 0.435, 0.45, 0.455, 0.46, 0.5, 0.505, 0.505, 0.52, 0.52, 0.525, 0.525, 0.53, 0.53, 0.545, 0.56, 0.56, 0.575, 0.58, 0.58, 0.595, 0.595, 0.605, 0.605, 0.62, 0.62, 0.625, 0.625, 0.645, 0.645, 0.65, 0.65, 0.66, 0.66, 0.665, 0.665, 0.675, 0.675, 0.685, 0.685, 0.69, 0.69, 0.7, 0.7, 0.705, 0.705, 0.71, 0.71, 0.71, 0.72, 0.72, 0.725, 0.725, 0.73, 0.73, 0.735, 0.735, 0.74, 0.74, 0.745, 0.745, 0.75, 0.75, 0.755, 0.755, 0.76, 0.76, 0.765, 0.765, 0.77, 0.77, 0.775, 0.775, 0.79, 0.79, 0.795, 0.795, 0.8, 0.8, 0.805, 0.805, 0.81, 0.81, 0.815, 0.815, 0.815, 0.82, 0.82, 0.82, 0.82, 0.825, 0.825, 0.83, 0.83, 0.835, 0.835, 0.84, 0.84, 0.84, 0.85, 0.85, 0.865, 0.865, 0.87, 0.87, 0.88, 0.88, 0.885, 0.885, 0.89, 0.89, 0.89, 0.89, 0.895, 0.895, 0.9, 0.9, 0.91, 0.92, 0.92, 0.925, 0.925, 0.95, 0.955, 0.955, 0.96, 0.96, 0.965, 0.965, 0.965, 0.965, 0.97, 0.97, 0.97, 0.97, 0.97, 0.975, 0.975, 0.98, 0.98, 0.985, 0.985, 0.985, 0.985, 0.99, 0.99, 0.99, 0.99, 0.995, 0.995, 0.995, 0.995, 1.0, 1.0, 1.0, 1.0, 1.0, 1.0, 1.0, 1.0, 1.0, 1.0, 1.0, 1.0, 1.0, 1.0, 1.0, 1.0, 1.0, 1.0, 1.0]
  - Thresholds: [0.9999997065712596, 0.9989143406512127, 0.9987716422345533, 0.9986428293146057, 0.9980914961393768, 0.995623033253037, 0.9951986753098502, 0.9890853983750441, 0.9889317520841525, 0.9880634176526581, 0.9879776949358372, 0.9844167263088538, 0.9841626437442412, 0.9806595053918673, 0.9786826525557096, 0.9755306337039809, 0.9743225620859017, 0.9716864678908855, 0.9705538970050686, 0.9638032423448565, 0.9621390589798241, 0.9597979306864279, 0.9585009502545359, 0.9569323145016599, 0.9542118210719149, 0.9541705656564105, 0.9539145428312409, 0.952132195347976, 0.9505426335981688, 0.9496579391383467, 0.9493496842719251, 0.9482616679852667, 0.9481033047512536, 0.9475191523080253, 0.9465588326669919, 0.9461960787702943, 0.9459010420665629, 0.9442273220853469, 0.9435156777053677, 0.9401619831457538, 0.9351803685098347, 0.9334858220872325, 0.9310592124700411, 0.9250149737761423, 0.9218779622005275, 0.9208122443062211, 0.920278048652302, 0.9180438238125551, 0.9168672626313362, 0.9096180795230928, 0.90873640805968, 0.9071724358008787, 0.9067904054826439, 0.892368880220534, 0.8901806070820936, 0.8873335355560797, 0.886116726764217, 0.8838671476626458, 0.8836174986831538, 0.8823115236027652, 0.8757271625180256, 0.8728818414244027, 0.8726234408869294, 0.8719470109701499, 0.870821378391856, 0.8699726147125499, 0.8699045338768406, 0.86526346300248, 0.8641531676790224, 0.863026585846983, 0.8628485761802069, 0.862242010862263, 0.8621774611186916, 0.8594232112567379, 0.859059365092176, 0.8584512248307221, 0.8548497511578677, 0.8543835133841922, 0.8526950350721119, 0.852198161268353, 0.8489349273303224, 0.8472161619171701, 0.8460626215180118, 0.8427225412815401, 0.8402498618210253, 0.8347679121868967, 0.8344387599958759, 0.8310857256653577, 0.8300907327936391, 0.8213663407580253, 0.8145100786585427, 0.8068491538786722, 0.8068256925400237, 0.799375433008454, 0.7980056926135056, 0.7966092285994132, 0.7958985382887891, 0.7950672369827827, 0.7841068177059944, 0.7795126336576047, 0.777427039143873, 0.7764078124991362, 0.7707098883900184, 0.7700459009699383, 0.7694719979309455, 0.7684344690132386, 0.7682675169815076, 0.7631895719602136, 0.7574091278193564, 0.7424777502172484, 0.7421060275414376, 0.7394018287750342, 0.7382227687537048, 0.732415086657736, 0.7322531514628468, 0.7289278960998323, 0.7220134237432726, 0.7191015760046763, 0.7114614838918814, 0.7107140128363421, 0.6910765710629612, 0.6841816699021719, 0.677257752138484, 0.6757736469846665, 0.6689310521280804, 0.668244634847014, 0.6679155952939025, 0.6652734194482832, 0.6629721992566086, 0.6546267055778082, 0.647407780264601, 0.6414655029721967, 0.6395673297189857, 0.629537800587374, 0.6220836527427259, 0.6138804650103579, 0.6116951170450962, 0.6092637058067619, 0.6091140702223575, 0.6086928515417958, 0.6072524442362897, 0.5803552278239129, 0.5802583670259467, 0.5642890227303455, 0.5641229838836912, 0.5543856731437254, 0.5528376167354342, 0.5482385849895224, 0.5440378092687632, 0.53686359287478, 0.5352390571450081, 0.5341906530236045, 0.5282257442002819, 0.5192906949613467, 0.5162143938052349, 0.5123300146191647, 0.5083491946223314, 0.4940945233225872, 0.4924111089265217, 0.48593036015176416, 0.48401775036581657, 0.4828129168821944, 0.4776984364877835, 0.47198497756856334, 0.4375963595026651, 0.43674904701281564, 0.41565751237220205, 0.41469174430693423, 0.4055806920739171, 0.4003215841997587, 0.3880653628768917, 0.3857020073213252, 0.33274348022701633, 0.3260515008898012, 0.28129064126000064, 0.2778452108820256, 0.2230491773432161, 0.21849187143508933, 0.17962255749423098, 0.16810348302942194, 0.12972262823630862, 0.1193513709203129, 0.09843483528350223, 0.09669878879334295, 0.08692534444763259, 0.08437281228747495, 0.08383080765196461, 0.07490267166988904, 0.07349781594348068, 0.06895637243734189, 0.06411147536058981, 0.04675571766858843, 0.0443558814553792, 0.04112696697302974, 0.03971060736870505, 0.0347800381036261, 0.03199868253189295, 0.02551257079844646, 0.02389014974158101, 0.002619495944415067]
  - AUC: 0.8684625
  - F1: 0.632786885246
================================

Running model 'mnb' on train data 'default.txt1.train' and test data 'default.txt1.test'
------------------------------------------------------------------------
Classifying line:
  1	So there is no way for me to plug it in here in the US unless I go by a converter.	0
  words = [way, plug, u, unless, go, convert, way plug, plug u, u unless, unless go, go convert]
  predicted label = 0.290710536799, expected label = 0
------------------------------------------------------------------------
Classifying line:
  2	Tied to charger for conversations lasting more than 45 minutes.MAJOR PROBLEMS!!	0
  words = [tie, charger, convers, last, minut, major, problem, tie charger, charger convers, convers last, last minut, minut major, major problem]
  predicted label = 0.164379202713, expected label = 0
------------------------------------------------------------------------
Classifying line:
  3	I have to jiggle the plug to get it to line up right to get decent volume.	0
  words = [jiggl, plug, get, line, right, get, decent, volum, jiggl plug, plug get, get line, line right, right get, get decent, decent volum]
  predicted label = 0.545055312571, expected label = 0
------------------------------------------------------------------------
Classifying line:
  4	If you have several dozen or several hundred contacts, then imagine the fun of sending each of them one by one.	0
  words = [sever, dozen, sever, hundr, contact, imagin, fun, send, one, one, sever dozen, dozen sever, sever hundr, hundr contact, contact imagin, imagin fun, fun send, send one, one one]
  predicted label = 0.773326281468, expected label = 0
------------------------------------------------------------------------
Classifying line:
  5	Needless to say, I wasted my money.	0
  words = [needl, say, wast, money, needl say, say wast, wast money]
  predicted label = 0.0356556414001, expected label = 0
------------------------------------------------------------------------
Classifying line:
  6	What a waste of money and time!.	0
  words = [wast, money, time, wast money, money time]
  predicted label = 0.0245896334118, expected label = 0
------------------------------------------------------------------------
Classifying line:
  7	If the two were seperated by a mere 5+ ft I started to notice excessive static and garbled sound from the headset.	0
  words = [two, seper, mere, ft, start, notic, excess, static, garbl, sound, headset, two seper, seper mere, mere ft, ft start, start notic, notic excess, excess static, static garbl, garbl sound, sound headset]
  predicted label = 0.846079426266, expected label = 0
------------------------------------------------------------------------
Classifying line:
  8	The design is very odd, as the ear "clip" is not very comfortable at all.	0
  words = [design, odd, ear, clip, comfort, design odd, odd ear, ear clip, clip comfort]
  predicted label = 0.956680944404, expected label = 0
------------------------------------------------------------------------
Classifying line:
  9	I advise EVERYONE DO NOT BE FOOLED!	0
  words = [advis, everyon, fool, advis everyon, everyon fool]
  predicted label = 0.498570928605, expected label = 0
------------------------------------------------------------------------
Classifying line:
  10	It clicks into place in a way that makes you wonder how long that mechanism would last.	0
  words = [click, place, way, make, wonder, long, mechan, would, last, click place, place way, way make, make wonder, wonder long, long mechan, mechan would, would last]
  predicted label = 0.705953418094, expected label = 0

================================
You guessed 375/600 = 62.5% correct.
  - False positive rate: [0.0, 0.0, 0.0025, 0.0025, 0.005, 0.005, 0.0075, 0.0075, 0.0125, 0.0125, 0.02, 0.02, 0.0225, 0.0225, 0.025, 0.025, 0.0275, 0.0275, 0.0275, 0.0275, 0.0275, 0.03, 0.03, 0.035, 0.0375, 0.0375, 0.04, 0.04, 0.045, 0.045, 0.05, 0.05, 0.0525, 0.0525, 0.055, 0.055, 0.055, 0.06, 0.06, 0.0625, 0.0625, 0.065, 0.065, 0.0675, 0.0675, 0.0675, 0.07, 0.07, 0.07, 0.07, 0.0725, 0.0725, 0.08, 0.08, 0.085, 0.085, 0.0875, 0.0875, 0.0975, 0.0975, 0.1025, 0.1025, 0.105, 0.105, 0.11, 0.11, 0.1175, 0.1175, 0.12, 0.12, 0.1225, 0.1225, 0.13, 0.1325, 0.1325, 0.135, 0.135, 0.14, 0.14, 0.145, 0.1525, 0.1525, 0.165, 0.165, 0.17, 0.17, 0.1725, 0.1725, 0.175, 0.175, 0.1775, 0.1775, 0.205, 0.21, 0.2125, 0.2125, 0.22, 0.22, 0.235, 0.235, 0.2425, 0.2425, 0.245, 0.245, 0.255, 0.26, 0.2675, 0.2675, 0.2825, 0.2825, 0.2925, 0.2925, 0.295, 0.3025, 0.31, 0.3125, 0.3125, 0.3225, 0.3225, 0.33, 0.33, 0.335, 0.34, 0.35, 0.35, 0.355, 0.355, 0.37, 0.3725, 0.3775, 0.3775, 0.3825, 0.3875, 0.395, 0.4, 0.4, 0.4025, 0.4075, 0.4075, 0.4125, 0.4125, 0.4325, 0.435, 0.45, 0.52, 0.5225, 0.5225, 0.53, 0.53, 0.5325, 0.5325, 0.535, 0.5375, 0.5425, 0.5475, 0.5575, 0.56, 0.56, 0.5775, 0.5825, 0.585, 0.585, 0.59, 0.59, 0.595, 0.6125, 0.62, 0.6575, 0.66, 0.69, 0.6975, 0.73, 0.73, 0.755, 0.76, 0.7825, 0.7825, 0.7975, 0.8075, 0.82, 0.825, 0.8275, 0.8325, 0.84, 0.845, 0.8675, 0.875, 0.88, 0.91, 0.915, 0.92, 0.9425, 0.9475, 0.96, 0.965, 0.97, 1.0]
  - True positive rate: [0.005, 0.055, 0.055, 0.065, 0.065, 0.1, 0.1, 0.195, 0.195, 0.235, 0.235, 0.255, 0.255, 0.26, 0.26, 0.28, 0.28, 0.305, 0.315, 0.34, 0.395, 0.395, 0.405, 0.405, 0.41, 0.415, 0.415, 0.425, 0.425, 0.43, 0.43, 0.45, 0.45, 0.475, 0.475, 0.48, 0.52, 0.52, 0.53, 0.53, 0.54, 0.54, 0.545, 0.545, 0.555, 0.565, 0.565, 0.57, 0.585, 0.6, 0.6, 0.61, 0.61, 0.615, 0.615, 0.645, 0.645, 0.65, 0.65, 0.655, 0.655, 0.66, 0.66, 0.675, 0.675, 0.68, 0.68, 0.69, 0.69, 0.7, 0.7, 0.705, 0.705, 0.705, 0.71, 0.715, 0.725, 0.725, 0.73, 0.73, 0.73, 0.74, 0.74, 0.745, 0.745, 0.75, 0.75, 0.755, 0.755, 0.765, 0.765, 0.77, 0.77, 0.775, 0.775, 0.78, 0.78, 0.79, 0.79, 0.8, 0.8, 0.81, 0.81, 0.815, 0.815, 0.815, 0.815, 0.82, 0.82, 0.825, 0.825, 0.83, 0.83, 0.83, 0.835, 0.835, 0.845, 0.845, 0.85, 0.85, 0.855, 0.855, 0.855, 0.855, 0.86, 0.86, 0.865, 0.865, 0.87, 0.87, 0.875, 0.875, 0.875, 0.875, 0.875, 0.88, 0.88, 0.88, 0.9, 0.9, 0.905, 0.905, 0.91, 0.91, 0.935, 0.935, 0.94, 0.94, 0.945, 0.945, 0.96, 0.965, 0.965, 0.965, 0.965, 0.965, 0.965, 0.97, 0.97, 0.97, 0.97, 0.975, 0.975, 0.985, 0.985, 0.985, 0.985, 0.985, 0.99, 0.99, 0.99, 0.99, 0.995, 0.995, 0.995, 0.995, 1.0, 1.0, 1.0, 1.0, 1.0, 1.0, 1.0, 1.0, 1.0, 1.0, 1.0, 1.0, 1.0, 1.0, 1.0, 1.0, 1.0, 1.0, 1.0, 1.0, 1.0]
  - Thresholds: [0.9999999803290154, 0.9991962570932389, 0.9990043656698496, 0.9983932450244573, 0.9981529427499158, 0.9955386865654736, 0.9953439678849637, 0.9858567767982127, 0.9850853072704023, 0.9812483650915105, 0.9803048199466027, 0.9759634253185913, 0.9756193582162163, 0.9745754848998156, 0.9742906674336522, 0.9721968681553974, 0.9718871151158197, 0.9712340438557772, 0.9709067082887377, 0.9708665714187329, 0.9618716698851568, 0.9590549647091687, 0.9582375673963769, 0.9567002809930372, 0.9566809444042776, 0.9565007934866672, 0.9562734867222842, 0.9552627896460992, 0.9538996353346195, 0.9534777958519997, 0.9530410887105896, 0.9499034749900286, 0.9493852177065389, 0.9468637030217456, 0.9461416963270888, 0.9455027793027425, 0.9454423305065728, 0.9441437519492674, 0.9421918242874201, 0.9406842954604617, 0.9376429826798336, 0.9361203574670863, 0.932264259215031, 0.9286305943519151, 0.9237212062205092, 0.9222857075708895, 0.9214748051297057, 0.9213544595180968, 0.9195782688723041, 0.9159900907304874, 0.9148655583797825, 0.9097871595005046, 0.9032432077646276, 0.9030686103835476, 0.8988732931756136, 0.8847989130889008, 0.884713163732872, 0.8846568440609011, 0.8818085660251505, 0.8814288664665579, 0.8778181588343121, 0.8771262330420246, 0.8767037863881442, 0.8714708776469002, 0.8703411237992313, 0.8692642235877499, 0.8660047307118282, 0.864861134765454, 0.862939123174152, 0.8589660202496301, 0.8576117902176519, 0.8572607986900023, 0.8564414719070162, 0.8543340715773087, 0.8541369607106649, 0.8515492614735165, 0.8500018237325554, 0.8460794262663742, 0.8456646942277237, 0.8453296498585392, 0.8405736395136268, 0.8374665097711222, 0.8328256794969534, 0.8288659977665898, 0.8288579249853861, 0.8236816438521452, 0.8229038258363791, 0.820288662749742, 0.8199745524375602, 0.8183995667900792, 0.8177257547891087, 0.8176361620648926, 0.7896337815099311, 0.787778294375892, 0.7827756853672535, 0.7818667280563822, 0.7802973067300777, 0.77453972711793, 0.7560727537680779, 0.7536538497131748, 0.7489266625777623, 0.7435924841016055, 0.7424558211439798, 0.7414765239004467, 0.7359428584017937, 0.7357321815582782, 0.733557564141913, 0.7330632789516757, 0.7095223956940155, 0.7093409515679191, 0.7023612323229905, 0.6992366456835927, 0.6978776103487141, 0.697207296308003, 0.6944405655658834, 0.69167885297915, 0.6907069443529873, 0.6860514010901942, 0.6836493452511678, 0.6699847803576084, 0.667518314593775, 0.6666367738966329, 0.6639577694610499, 0.6552012697419463, 0.6520333749198847, 0.6466332122828574, 0.6438515845829652, 0.6288025146217195, 0.6258983658777679, 0.6215788559508912, 0.621528451481459, 0.6158808856282803, 0.6140307554158719, 0.6115461448521148, 0.6106682336045671, 0.605312159687481, 0.6021848565231394, 0.6009200148198925, 0.5952349695611017, 0.577903218728009, 0.5755272159228636, 0.5603855110574503, 0.5567293170336539, 0.542606528169913, 0.5416666666666667, 0.5412228589135177, 0.5375388154445009, 0.5307613274065287, 0.5298262565860241, 0.5253901870320669, 0.5223834988540872, 0.5158138664767759, 0.5079331290816363, 0.5065077317797866, 0.4989666765183028, 0.4985709286047598, 0.4943119939391903, 0.48876306881972487, 0.44906178820483805, 0.4450163376574152, 0.44004871997768996, 0.43901069616981003, 0.4322775480227807, 0.42722588897654795, 0.42717209325570354, 0.41129539649415947, 0.40770979743695746, 0.33519768405684525, 0.33206425671607037, 0.28525068225412226, 0.2845491240481044, 0.22527379662938757, 0.22316005350877025, 0.17522602153178654, 0.1662700950018709, 0.13684712733375975, 0.13256987396513922, 0.11718937639544257, 0.09948670794729729, 0.092426444202553, 0.0877764998254226, 0.08599804517140774, 0.08409073993314106, 0.08165756409192916, 0.08031650849099735, 0.07106389496347591, 0.06743622996168623, 0.06631186553761292, 0.04556720195298258, 0.04405229413208936, 0.04225262603196559, 0.04143900866352834, 0.03459339808437189, 0.033531627930526414, 0.0265539736990116, 0.024589633411756157, 0.00299009736217918]
  - AUC: 0.86806875
  - F1: 0.631751227496
================================

Running model 'dt' on train data 'default.txt1.train' and test data 'default.txt1.test'
Best hyperparameters were: {'max_features': 'auto', 'min_samples_leaf': 1}
------------------------------------------------------------------------
Classifying line:
  1	So there is no way for me to plug it in here in the US unless I go by a converter.	0
  words = [way, plug, u, unless, go, convert, way plug, plug u, u unless, unless go, go convert]
  predicted label = 0.0, expected label = 0
------------------------------------------------------------------------
Classifying line:
  2	Tied to charger for conversations lasting more than 45 minutes.MAJOR PROBLEMS!!	0
  words = [tie, charger, convers, last, minut, major, problem, tie charger, charger convers, convers last, last minut, minut major, major problem]
  predicted label = 0.0, expected label = 0
------------------------------------------------------------------------
Classifying line:
  3	I have to jiggle the plug to get it to line up right to get decent volume.	0
  words = [jiggl, plug, get, line, right, get, decent, volum, jiggl plug, plug get, get line, line right, right get, get decent, decent volum]
  predicted label = 1.0, expected label = 0
------------------------------------------------------------------------
Classifying line:
  4	If you have several dozen or several hundred contacts, then imagine the fun of sending each of them one by one.	0
  words = [sever, dozen, sever, hundr, contact, imagin, fun, send, one, one, sever dozen, dozen sever, sever hundr, hundr contact, contact imagin, imagin fun, fun send, send one, one one]
  predicted label = 1.0, expected label = 0
------------------------------------------------------------------------
Classifying line:
  5	Needless to say, I wasted my money.	0
  words = [needl, say, wast, money, needl say, say wast, wast money]
  predicted label = 0.5, expected label = 0
------------------------------------------------------------------------
Classifying line:
  6	What a waste of money and time!.	0
  words = [wast, money, time, wast money, money time]
  predicted label = 0.5, expected label = 0
------------------------------------------------------------------------
Classifying line:
  7	If the two were seperated by a mere 5+ ft I started to notice excessive static and garbled sound from the headset.	0
  words = [two, seper, mere, ft, start, notic, excess, static, garbl, sound, headset, two seper, seper mere, mere ft, ft start, start notic, notic excess, excess static, static garbl, garbl sound, sound headset]
  predicted label = 1.0, expected label = 0
------------------------------------------------------------------------
Classifying line:
  8	The design is very odd, as the ear "clip" is not very comfortable at all.	0
  words = [design, odd, ear, clip, comfort, design odd, odd ear, ear clip, clip comfort]
  predicted label = 1.0, expected label = 0
------------------------------------------------------------------------
Classifying line:
  9	I advise EVERYONE DO NOT BE FOOLED!	0
  words = [advis, everyon, fool, advis everyon, everyon fool]
  predicted label = 1.0, expected label = 0
------------------------------------------------------------------------
Classifying line:
  10	It clicks into place in a way that makes you wonder how long that mechanism would last.	0
  words = [click, place, way, make, wonder, long, mechan, would, last, click place, place way, way make, make wonder, wonder long, long mechan, mechan would, would last]
  predicted label = 1.0, expected label = 0

================================
You guessed 392/600 = 65.3333333333% correct.
  - False positive rate: [0.0, 0.375, 0.3825, 0.395, 0.4025, 0.41, 0.455, 0.5325, 0.5375, 0.56, 1.0]
  - True positive rate: [0.0, 0.59, 0.765, 0.81, 0.85, 0.85, 0.87, 0.9, 0.9, 0.9, 1.0]
  - Thresholds: [2.0, 1.0, 0.96, 0.8181818181818182, 0.8, 0.6666666666666666, 0.5, 0.4951923076923077, 0.3333333333333333, 0.25, 0.0]
  - AUC: 0.6881875
  - F1: 0.625899280576
================================

Running model 'rf' on train data 'default.txt1.train' and test data 'default.txt1.test'
Best hyperparameters were: {'n_estimators': 30}
------------------------------------------------------------------------
Classifying line:
  1	So there is no way for me to plug it in here in the US unless I go by a converter.	0
  words = [way, plug, u, unless, go, convert, way plug, plug u, u unless, unless go, go convert]
  predicted label = 0.344255682013, expected label = 0
------------------------------------------------------------------------
Classifying line:
  2	Tied to charger for conversations lasting more than 45 minutes.MAJOR PROBLEMS!!	0
  words = [tie, charger, convers, last, minut, major, problem, tie charger, charger convers, convers last, last minut, minut major, major problem]
  predicted label = 0.419642694265, expected label = 0
------------------------------------------------------------------------
Classifying line:
  3	I have to jiggle the plug to get it to line up right to get decent volume.	0
  words = [jiggl, plug, get, line, right, get, decent, volum, jiggl plug, plug get, get line, line right, right get, get decent, decent volum]
  predicted label = 0.521478824102, expected label = 0
------------------------------------------------------------------------
Classifying line:
  4	If you have several dozen or several hundred contacts, then imagine the fun of sending each of them one by one.	0
  words = [sever, dozen, sever, hundr, contact, imagin, fun, send, one, one, sever dozen, dozen sever, sever hundr, hundr contact, contact imagin, imagin fun, fun send, send one, one one]
  predicted label = 0.495875987843, expected label = 0
------------------------------------------------------------------------
Classifying line:
  5	Needless to say, I wasted my money.	0
  words = [needl, say, wast, money, needl say, say wast, wast money]
  predicted label = 0.0706842835345, expected label = 0
------------------------------------------------------------------------
Classifying line:
  6	What a waste of money and time!.	0
  words = [wast, money, time, wast money, money time]
  predicted label = 0.0706842835345, expected label = 0
------------------------------------------------------------------------
Classifying line:
  7	If the two were seperated by a mere 5+ ft I started to notice excessive static and garbled sound from the headset.	0
  words = [two, seper, mere, ft, start, notic, excess, static, garbl, sound, headset, two seper, seper mere, mere ft, ft start, start notic, notic excess, excess static, static garbl, garbl sound, sound headset]
  predicted label = 0.468439062897, expected label = 0
------------------------------------------------------------------------
Classifying line:
  8	The design is very odd, as the ear "clip" is not very comfortable at all.	0
  words = [design, odd, ear, clip, comfort, design odd, odd ear, ear clip, clip comfort]
  predicted label = 0.508947551589, expected label = 0
------------------------------------------------------------------------
Classifying line:
  9	I advise EVERYONE DO NOT BE FOOLED!	0
  words = [advis, everyon, fool, advis everyon, everyon fool]
  predicted label = 0.49687238819, expected label = 0
------------------------------------------------------------------------
Classifying line:
  10	It clicks into place in a way that makes you wonder how long that mechanism would last.	0
  words = [click, place, way, make, wonder, long, mechan, would, last, click place, place way, way make, make wonder, wonder long, long mechan, mechan would, would last]
  predicted label = 0.97762213611, expected label = 0

================================
You guessed 398/600 = 66.3333333333% correct.
  - False positive rate: [0.0, 0.0025, 0.005, 0.005, 0.005, 0.015, 0.015, 0.015, 0.015, 0.015, 0.015, 0.0175, 0.0175, 0.0175, 0.0175, 0.0225, 0.0225, 0.025, 0.025, 0.025, 0.0475, 0.0475, 0.06, 0.07, 0.0725, 0.0725, 0.1025, 0.1075, 0.11, 0.11, 0.1125, 0.115, 0.125, 0.125, 0.13, 0.135, 0.14, 0.1425, 0.145, 0.1475, 0.1475, 0.15, 0.155, 0.155, 0.1575, 0.1575, 0.16, 0.2, 0.205, 0.21, 0.215, 0.215, 0.2275, 0.2275, 0.2325, 0.2325, 0.2375, 0.25, 0.25, 0.2575, 0.2625, 0.2675, 0.2675, 0.2775, 0.2775, 0.2825, 0.2975, 0.305, 0.305, 0.3375, 0.34, 0.3425, 0.3425, 0.3475, 0.3525, 0.3575, 0.3575, 0.3675, 0.37, 0.3925, 0.4025, 0.4075, 0.4075, 0.4125, 0.4125, 0.63, 0.6375, 0.645, 0.655, 0.655, 0.6575, 0.67, 0.675, 0.6825, 0.6825, 0.6875, 0.6975, 0.705, 0.7075, 0.7075, 0.7125, 0.7225, 0.7275, 0.735, 0.735, 0.7375, 0.745, 0.7475, 0.75, 0.75, 0.7575, 0.7575, 0.765, 0.7725, 0.775, 0.78, 0.785, 0.7875, 0.7875, 0.7925, 0.7975, 0.8075, 0.8075, 0.8225, 0.8275, 0.83, 0.83, 0.84, 0.8425, 0.865, 0.865, 0.8675, 0.8675, 0.8775, 0.905, 0.91, 0.9425, 0.945, 0.975, 0.9775, 0.985, 0.99, 0.9975, 1.0]
  - True positive rate: [0.0, 0.05, 0.05, 0.06, 0.065, 0.3, 0.31, 0.33, 0.335, 0.395, 0.4, 0.43, 0.435, 0.445, 0.45, 0.45, 0.46, 0.465, 0.475, 0.485, 0.585, 0.59, 0.595, 0.595, 0.605, 0.61, 0.63, 0.63, 0.63, 0.635, 0.635, 0.64, 0.64, 0.645, 0.645, 0.645, 0.65, 0.65, 0.655, 0.655, 0.66, 0.66, 0.66, 0.665, 0.665, 0.67, 0.67, 0.7, 0.7, 0.705, 0.705, 0.71, 0.71, 0.715, 0.715, 0.725, 0.725, 0.725, 0.73, 0.73, 0.73, 0.73, 0.745, 0.745, 0.75, 0.75, 0.755, 0.755, 0.76, 0.76, 0.765, 0.765, 0.77, 0.77, 0.77, 0.77, 0.775, 0.785, 0.785, 0.79, 0.8, 0.8, 0.81, 0.81, 0.815, 0.895, 0.895, 0.895, 0.895, 0.9, 0.9, 0.9, 0.9, 0.9, 0.905, 0.91, 0.91, 0.915, 0.915, 0.92, 0.92, 0.925, 0.925, 0.925, 0.93, 0.93, 0.93, 0.935, 0.935, 0.94, 0.94, 0.945, 0.945, 0.945, 0.945, 0.945, 0.95, 0.95, 0.965, 0.965, 0.965, 0.965, 0.97, 0.97, 0.97, 0.97, 0.975, 0.975, 0.98, 0.98, 0.995, 0.995, 1.0, 1.0, 1.0, 1.0, 1.0, 1.0, 1.0, 1.0, 1.0, 1.0, 1.0, 1.0]
  - Thresholds: [2.0, 1.0, 0.9776221361102682, 0.9478885859280595, 0.9454996840497959, 0.943205675961633, 0.9406983124334382, 0.9396458323048711, 0.9357164283754672, 0.9326624425633462, 0.9007415919983186, 0.8897569932088418, 0.8673402361121659, 0.8652256542171298, 0.8447957727293475, 0.8350693081763, 0.8235717128151318, 0.8210996235009371, 0.8082409283896184, 0.8023597927918803, 0.7921033825354699, 0.7718847823291487, 0.7699666325022639, 0.7490379076693716, 0.7464836779439552, 0.7453994013943555, 0.7448785680610222, 0.7430422074900431, 0.7422267442091629, 0.7390603862428403, 0.7380988641341225, 0.7370047127285176, 0.730609693577044, 0.7295089129254632, 0.7212193676721413, 0.7207397114063652, 0.7205717571190645, 0.7198811659854056, 0.719572197940504, 0.7181979136422799, 0.7160153831686766, 0.7146213845350271, 0.7120287919424345, 0.7076688884671213, 0.7069848097801794, 0.7010948143930471, 0.7010449568431896, 0.6965577773560102, 0.6946267771628569, 0.692508709102986, 0.6881436265119326, 0.6862376338058918, 0.6777306168621828, 0.6724504572699351, 0.6622510876782172, 0.6578473434916244, 0.6567849602801974, 0.6337275337103487, 0.6282275789456003, 0.6147769108312041, 0.6132062976528732, 0.6128768594802978, 0.5999397463873276, 0.5766759533598849, 0.574583109247076, 0.5709030884225599, 0.5691016665172342, 0.5571494180338568, 0.5533688950739708, 0.5277855670752797, 0.5243361741293613, 0.5237683320436302, 0.5231222663520948, 0.5214788241016745, 0.519474760220358, 0.5133964756452581, 0.5113427714680671, 0.5089475515886446, 0.5088170287733489, 0.507072968818086, 0.5043600130125113, 0.5040553973925449, 0.5019808356785362, 0.499369249325582, 0.4982969665799699, 0.49687238818995183, 0.4958759878432865, 0.49080935638063355, 0.4872505122073584, 0.48327416758536174, 0.4832392606312288, 0.47976288738479883, 0.47926265376803057, 0.4784271163375577, 0.47632942356156743, 0.4761448567884783, 0.4717477746648035, 0.4704407633180893, 0.46843906289749043, 0.4672528300696393, 0.4656950063035066, 0.46377817991315073, 0.46002587178626164, 0.4593603713338508, 0.4589727723049576, 0.4560149448684438, 0.4557387516170365, 0.4533672211629554, 0.4519859739334677, 0.4500626745019113, 0.44711708591082555, 0.44355932689857686, 0.4421914312940668, 0.437456873069275, 0.4372039825046145, 0.4364028192689417, 0.43572299945518356, 0.43294239029421355, 0.42662362170077667, 0.4231034600961509, 0.41964269426500383, 0.4192565750746135, 0.416465011523825, 0.39638137968386644, 0.3872154507067878, 0.3821344958536183, 0.3755762184626145, 0.3678455794869244, 0.36214965630193796, 0.3004475486924833, 0.277409076956619, 0.274481376501864, 0.2706124998823673, 0.10849562619748296, 0.09829504556934889, 0.08964353403431818, 0.07068428353445397, 0.06964908684708337, 0.06342997718382873, 0.0632441058797648, 0.05866760497302369, 0.032338455476753354, 0.02318312667856741, 0.0199155524278677]
  - AUC: 0.81766875
  - F1: 0.615969581749
================================

