preprocessSentences.py:68: UnicodeWarning: Unicode equal comparison failed to convert both arguments to Unicode - interpreting them as being unequal
  return [clean_word(w) for w in tokens if w.lower() not in stop_words and w.isalpha()]
Path: .
Training data: ./default.txt3.train
Done building things up man. Num documents in train set: 2400.
Number of features before any feature selection: 10043
Number of features after filtering out words by count threshold: 480
Done doing the feature selection thing man. Num vocabs: 480.
Output files: ./out*
Runtime: 3.62368297577
Running model 'mybnb' on train data 'default.txt3.train' and test data 'default.txt3.test'
Num train examples = 2400, positive prior = 0.458333333333, negative prior = 0.541666666667
Using 480 features: second, dialogu, unit, music, hold, first tim, want, hot, wrong, fit...
442 features are used in positive reviews: lack, month, go, follow, friendli, send, certainli, worth, case, everi...
456 features are used in negative reviews: lack, month, go, follow, hate, friendli, send, certainli, worth, sound...
------------------------------------------------------------------------
Classifying line:
  1201	The best scene in the movie was when Gerardo is trying to find a song that keeps running through his head.  	1
  words = [best, scene, movi, gerardo, tri, find, song, keep, run, head, best scene, scene movi, movi gerardo, gerardo tri, tri find, find song, song keep, keep run, run head]
  positive probability = 5.69228036453e-52, negative probability = 1.14912987409e-52
  predicted label = 1, expected label = 1
------------------------------------------------------------------------
Classifying line:
  1202	Saw the movie today and thought it was a good effort, good messages for kids.  	1
  words = [saw, movi, today, thought, good, effort, good, messag, kid, saw movi, movi today, today thought, thought good, good effort, effort good, good messag, messag kid]
  positive probability = 3.65752806551e-46, negative probability = 2.19151075397e-47
  predicted label = 1, expected label = 1
------------------------------------------------------------------------
Classifying line:
  1203	Loved the casting of Jimmy Buffet as the science teacher.  	1
  words = [love, cast, jimmi, buffet, scienc, teacher, love cast, cast jimmi, jimmi buffet, buffet scienc, scienc teacher]
  positive probability = 1.46127474999e-31, negative probability = 2.22880743296e-33
  predicted label = 1, expected label = 1
------------------------------------------------------------------------
Classifying line:
  1204	And those baby owls were adorable.  	1
  words = [babi, owl, ador, babi owl, owl ador]
  positive probability = 2.82015819753e-16, negative probability = 1.44769538329e-16
  predicted label = 1, expected label = 1
------------------------------------------------------------------------
Classifying line:
  1205	The movie showed a lot of Florida at it's best, made it look very appealing.  	1
  words = [movi, show, lot, florida, best, made, look, appeal, movi show, show lot, lot florida, florida best, best made, made look, look appeal]
  positive probability = 6.5479787781e-40, negative probability = 3.12168050928e-40
  predicted label = 1, expected label = 1
------------------------------------------------------------------------
Classifying line:
  1206	The Songs Were The Best And The Muppets Were So Hilarious.  	1
  words = [song, best, muppet, hilari, song best, best muppet, muppet hilari]
  positive probability = 9.75347942663e-21, negative probability = 5.12396873753e-22
  predicted label = 1, expected label = 1
------------------------------------------------------------------------
Classifying line:
  1207	It Was So Cool.  	1
  words = [cool]
  positive probability = 0.00332728372656, negative probability = 0.000832053251408
  predicted label = 1, expected label = 1
------------------------------------------------------------------------
Classifying line:
  1208	This is a very "right on case" movie that delivers everything almost right in your face.  	1
  words = [right, case, movi, deliv, everyth, almost, right, face, right case, case movi, movi deliv, deliv everyth, everyth almost, almost right, right face]
  positive probability = 4.39729954574e-41, negative probability = 7.73970374202e-41
  predicted label = 0, expected label = 1
------------------------------------------------------------------------
Classifying line:
  1209	This review is long overdue, since I consider A Tale of Two Sisters to be the single greatest film ever made.  	1
  words = [review, long, overdu, sinc, consid, tale, two, sister, singl, greatest, film, ever, made, review long, long overdu, overdu sinc, sinc consid, consid tale, tale two, two sister, sister singl, singl greatest, greatest film, film ever, ever made]
  positive probability = 4.07382936188e-69, negative probability = 9.59763469341e-70
  predicted label = 1, expected label = 1
------------------------------------------------------------------------
Classifying line:
  1210	I'll put this gem up against any movie in terms of screenplay, cinematography, acting, post-production, editing, directing, or any other aspect of film-making.  	1
  words = [put, gem, movi, term, screenplay, cinematographi, act, post, product, edit, direct, aspect, film, make, put gem, gem movi, movi term, term screenplay, screenplay cinematographi, cinematographi act, act post, post product, product edit, edit direct, direct aspect, aspect film, film make]
  positive probability = 9.57139967681e-77, negative probability = 2.24494315357e-75
  predicted label = 0, expected label = 1

================================
You guessed 386/600 = 64.3333333333% correct.
  - False positive rate: [0.0, 0.55, 1.0]
  - True positive rate: [0.0, 0.74, 1.0]
  - Thresholds: [2, 1, 0]
  - AUC: 0.595
  - F1: 0.734491315136
================================

Running model 'mymnb' on train data 'default.txt3.train' and test data 'default.txt3.test'
Num train examples = 2400, positive prior = 0.458333333333, negative prior = 0.541666666667
Using 480 features: second, dialogu, unit, music, hold, first tim, want, hot, wrong, fit...
442 features are used in positive reviews: lack, month, go, follow, friendli, send, certainli, worth, case, everi...
456 features are used in negative reviews: lack, month, go, follow, hate, friendli, send, certainli, worth, sound...
------------------------------------------------------------------------
Classifying line:
  1201	The best scene in the movie was when Gerardo is trying to find a song that keeps running through his head.  	1
  words = [best, scene, movi, gerardo, tri, find, song, keep, run, head, best scene, scene movi, movi gerardo, gerardo tri, tri find, find song, song keep, keep run, run head]
  positive probability = 6.34534605623e-55, negative probability = 3.48854201063e-55
  predicted label = 1, expected label = 1
------------------------------------------------------------------------
Classifying line:
  1202	Saw the movie today and thought it was a good effort, good messages for kids.  	1
  words = [saw, movi, today, thought, good, effort, good, messag, kid, saw movi, movi today, today thought, thought good, good effort, effort good, good messag, messag kid]
  positive probability = 8.82029060049e-49, negative probability = 1.1044006789e-49
  predicted label = 1, expected label = 1
------------------------------------------------------------------------
Classifying line:
  1203	Loved the casting of Jimmy Buffet as the science teacher.  	1
  words = [love, cast, jimmi, buffet, scienc, teacher, love cast, cast jimmi, jimmi buffet, buffet scienc, scienc teacher]
  positive probability = 2.77652420038e-33, negative probability = 7.14781574121e-35
  predicted label = 1, expected label = 1
------------------------------------------------------------------------
Classifying line:
  1204	And those baby owls were adorable.  	1
  words = [babi, owl, ador, babi owl, owl ador]
  positive probability = 4.65474622803e-17, negative probability = 3.03132219274e-17
  predicted label = 1, expected label = 1
------------------------------------------------------------------------
Classifying line:
  1205	The movie showed a lot of Florida at it's best, made it look very appealing.  	1
  words = [movi, show, lot, florida, best, made, look, appeal, movi show, show lot, lot florida, florida best, best made, made look, look appeal]
  positive probability = 3.27723211036e-42, negative probability = 2.94028580856e-42
  predicted label = 1, expected label = 1
------------------------------------------------------------------------
Classifying line:
  1206	The Songs Were The Best And The Muppets Were So Hilarious.  	1
  words = [song, best, muppet, hilari, song best, best muppet, muppet hilari]
  positive probability = 8.20416736233e-22, negative probability = 5.74041571659e-23
  predicted label = 1, expected label = 1
------------------------------------------------------------------------
Classifying line:
  1207	It Was So Cool.  	1
  words = [cool]
  positive probability = 0.00232067510549, negative probability = 0.00060861423221
  predicted label = 1, expected label = 1
------------------------------------------------------------------------
Classifying line:
  1208	This is a very "right on case" movie that delivers everything almost right in your face.  	1
  words = [right, case, movi, deliv, everyth, almost, right, face, right case, case movi, movi deliv, deliv everyth, everyth almost, almost right, right face]
  positive probability = 1.9772139429e-43, negative probability = 7.28996481461e-43
  predicted label = 0, expected label = 1
------------------------------------------------------------------------
Classifying line:
  1209	This review is long overdue, since I consider A Tale of Two Sisters to be the single greatest film ever made.  	1
  words = [review, long, overdu, sinc, consid, tale, two, sister, singl, greatest, film, ever, made, review long, long overdu, overdu sinc, sinc consid, consid tale, tale two, two sister, sister singl, singl greatest, greatest film, film ever, ever made]
  positive probability = 5.89117538635e-73, negative probability = 4.44259377942e-73
  predicted label = 1, expected label = 1
------------------------------------------------------------------------
Classifying line:
  1210	I'll put this gem up against any movie in terms of screenplay, cinematography, acting, post-production, editing, directing, or any other aspect of film-making.  	1
  words = [put, gem, movi, term, screenplay, cinematographi, act, post, product, edit, direct, aspect, film, make, put gem, gem movi, movi term, term screenplay, screenplay cinematographi, cinematographi act, act post, post product, product edit, edit direct, direct aspect, aspect film, film make]
  positive probability = 5.70344365917e-81, negative probability = 5.76183572603e-79
  predicted label = 0, expected label = 1

================================
You guessed 358/600 = 59.6666666667% correct.
  - False positive rate: [0.0, 0.48, 1.0]
  - True positive rate: [0.0, 0.635, 1.0]
  - Thresholds: [2, 1, 0]
  - AUC: 0.5775
  - F1: 0.677333333333
================================

Running model 'bnb' on train data 'default.txt3.train' and test data 'default.txt3.test'
------------------------------------------------------------------------
Classifying line:
  1201	The best scene in the movie was when Gerardo is trying to find a song that keeps running through his head.  	1
  words = [best, scene, movi, gerardo, tri, find, song, keep, run, head, best scene, scene movi, movi gerardo, gerardo tri, tri find, find song, song keep, keep run, run head]
  predicted label = 0.359726347744, expected label = 1
------------------------------------------------------------------------
Classifying line:
  1202	Saw the movie today and thought it was a good effort, good messages for kids.  	1
  words = [saw, movi, today, thought, good, effort, good, messag, kid, saw movi, movi today, today thought, thought good, good effort, effort good, good messag, messag kid]
  predicted label = 0.375130240493, expected label = 1
------------------------------------------------------------------------
Classifying line:
  1203	Loved the casting of Jimmy Buffet as the science teacher.  	1
  words = [love, cast, jimmi, buffet, scienc, teacher, love cast, cast jimmi, jimmi buffet, buffet scienc, scienc teacher]
  predicted label = 0.939786134614, expected label = 1
------------------------------------------------------------------------
Classifying line:
  1204	And those baby owls were adorable.  	1
  words = [babi, owl, ador, babi owl, owl ador]
  predicted label = 0.420362345212, expected label = 1
------------------------------------------------------------------------
Classifying line:
  1205	The movie showed a lot of Florida at it's best, made it look very appealing.  	1
  words = [movi, show, lot, florida, best, made, look, appeal, movi show, show lot, lot florida, florida best, best made, made look, look appeal]
  predicted label = 0.281347040443, expected label = 1
------------------------------------------------------------------------
Classifying line:
  1206	The Songs Were The Best And The Muppets Were So Hilarious.  	1
  words = [song, best, muppet, hilari, song best, best muppet, muppet hilari]
  predicted label = 0.861241235754, expected label = 1
------------------------------------------------------------------------
Classifying line:
  1207	It Was So Cool.  	1
  words = [cool]
  predicted label = 0.775134098313, expected label = 1
------------------------------------------------------------------------
Classifying line:
  1208	This is a very "right on case" movie that delivers everything almost right in your face.  	1
  words = [right, case, movi, deliv, everyth, almost, right, face, right case, case movi, movi deliv, deliv everyth, everyth almost, almost right, right face]
  predicted label = 0.0897631056943, expected label = 1
------------------------------------------------------------------------
Classifying line:
  1209	This review is long overdue, since I consider A Tale of Two Sisters to be the single greatest film ever made.  	1
  words = [review, long, overdu, sinc, consid, tale, two, sister, singl, greatest, film, ever, made, review long, long overdu, overdu sinc, sinc consid, consid tale, tale two, two sister, sister singl, singl greatest, greatest film, film ever, ever made]
  predicted label = 0.172467467918, expected label = 1
------------------------------------------------------------------------
Classifying line:
  1210	I'll put this gem up against any movie in terms of screenplay, cinematography, acting, post-production, editing, directing, or any other aspect of film-making.  	1
  words = [put, gem, movi, term, screenplay, cinematographi, act, post, product, edit, direct, aspect, film, make, put gem, gem movi, movi term, term screenplay, screenplay cinematographi, cinematographi act, act post, post product, product edit, edit direct, direct aspect, aspect film, film make]
  predicted label = 0.00117320328661, expected label = 1

================================
You guessed 301/600 = 50.1666666667% correct.
  - False positive rate: [0.0, 0.005, 0.005, 0.005, 0.005, 0.01, 0.01, 0.015, 0.015, 0.02, 0.02, 0.025, 0.025, 0.03, 0.03, 0.035, 0.035, 0.04, 0.04, 0.04, 0.045, 0.045, 0.05, 0.05, 0.06, 0.06, 0.06, 0.065, 0.065, 0.065, 0.065, 0.065, 0.065, 0.07, 0.07, 0.075, 0.075, 0.08, 0.08, 0.085, 0.085, 0.095, 0.095, 0.1, 0.1, 0.105, 0.105, 0.11, 0.11, 0.11, 0.115, 0.115, 0.13, 0.13, 0.135, 0.135, 0.14, 0.14, 0.145, 0.145, 0.16, 0.16, 0.175, 0.175, 0.19, 0.19, 0.195, 0.195, 0.2, 0.2, 0.205, 0.205, 0.21, 0.21, 0.215, 0.215, 0.22, 0.22, 0.245, 0.245, 0.25, 0.25, 0.265, 0.265, 0.27, 0.28, 0.28, 0.285, 0.285, 0.29, 0.29, 0.3, 0.3, 0.305, 0.305, 0.315, 0.315, 0.32, 0.32, 0.325, 0.325, 0.33, 0.33, 0.335, 0.335, 0.34, 0.345, 0.395, 0.395, 0.405, 0.415, 0.415, 0.42, 0.42, 0.425, 0.425, 0.43, 0.43, 0.45, 0.45, 0.46, 0.46, 0.465, 0.465, 0.47, 0.47, 0.475, 0.475, 0.475, 0.475, 0.485, 0.485, 0.49, 0.49, 0.5, 0.5, 0.505, 0.505, 0.52, 0.52, 0.525, 0.525, 0.535, 0.535, 0.545, 0.545, 0.555, 0.555, 0.565, 0.565, 0.57, 0.57, 0.575, 0.575, 0.58, 0.58, 0.585, 0.585, 0.595, 0.595, 0.6, 0.6, 0.605, 0.605, 0.61, 0.61, 0.615, 0.615, 0.625, 0.625, 0.635, 0.635, 0.64, 0.64, 0.66, 0.66, 0.675, 0.675, 0.685, 0.695, 0.695, 0.7, 0.7, 0.71, 0.71, 0.72, 0.72, 0.72, 0.725, 0.725, 0.73, 0.73, 0.735, 0.735, 0.745, 0.745, 0.755, 0.755, 0.76, 0.76, 0.765, 0.765, 0.775, 0.775, 0.8, 0.8, 0.805, 0.805, 0.81, 0.81, 0.825, 0.825, 0.835, 0.835, 0.845, 0.845, 0.85, 0.85, 0.855, 0.855, 0.865, 0.865, 0.87, 0.87, 0.875, 0.875, 0.895, 0.895, 0.9, 0.9, 0.905, 0.905, 0.91, 0.91, 0.915, 0.915, 0.92, 0.92, 0.925, 0.925, 0.93, 0.93, 0.94, 0.94, 0.945, 0.945, 0.95, 0.95, 0.955, 0.955, 0.96, 0.96, 0.965, 0.965, 0.97, 0.97, 0.975, 0.975, 0.98, 0.98, 0.985, 0.985, 0.99, 0.99, 0.995, 0.995, 1.0]
  - True positive rate: [0.0, 0.0, 0.0225, 0.0275, 0.045, 0.045, 0.0475, 0.0475, 0.0625, 0.0625, 0.0725, 0.0725, 0.0775, 0.0775, 0.0875, 0.0875, 0.0975, 0.0975, 0.1075, 0.11, 0.11, 0.115, 0.115, 0.13, 0.13, 0.135, 0.1425, 0.1425, 0.145, 0.15, 0.1525, 0.1575, 0.16, 0.16, 0.1625, 0.1625, 0.175, 0.175, 0.1825, 0.1825, 0.185, 0.185, 0.205, 0.205, 0.2075, 0.2075, 0.215, 0.215, 0.22, 0.2225, 0.2225, 0.2275, 0.2275, 0.23, 0.23, 0.2375, 0.2375, 0.25, 0.25, 0.2575, 0.2625, 0.275, 0.275, 0.285, 0.285, 0.29, 0.29, 0.2925, 0.2925, 0.2975, 0.3, 0.3075, 0.3075, 0.3225, 0.3225, 0.33, 0.33, 0.335, 0.335, 0.3375, 0.3375, 0.3425, 0.3425, 0.3725, 0.3725, 0.3725, 0.385, 0.385, 0.395, 0.395, 0.41, 0.41, 0.4125, 0.4125, 0.4175, 0.4175, 0.42, 0.42, 0.4225, 0.4225, 0.425, 0.425, 0.4375, 0.4375, 0.4475, 0.45, 0.45, 0.5225, 0.525, 0.525, 0.525, 0.5275, 0.5275, 0.53, 0.5325, 0.535, 0.535, 0.54, 0.54, 0.545, 0.545, 0.56, 0.56, 0.5725, 0.5725, 0.5875, 0.5875, 0.5925, 0.5975, 0.6025, 0.6025, 0.61, 0.61, 0.6125, 0.6125, 0.6175, 0.6175, 0.6275, 0.6275, 0.63, 0.63, 0.6325, 0.6325, 0.6425, 0.6425, 0.645, 0.645, 0.6525, 0.6525, 0.6675, 0.6675, 0.6725, 0.6725, 0.69, 0.69, 0.695, 0.695, 0.71, 0.71, 0.715, 0.715, 0.7175, 0.7175, 0.7275, 0.7275, 0.73, 0.73, 0.7325, 0.7325, 0.7425, 0.7425, 0.75, 0.75, 0.755, 0.755, 0.765, 0.765, 0.7775, 0.7775, 0.7775, 0.79, 0.79, 0.7925, 0.7925, 0.805, 0.805, 0.8125, 0.8225, 0.8225, 0.8275, 0.8275, 0.83, 0.83, 0.8325, 0.8325, 0.8375, 0.8375, 0.8425, 0.8425, 0.845, 0.845, 0.855, 0.855, 0.8575, 0.8575, 0.86, 0.86, 0.8625, 0.8625, 0.87, 0.87, 0.8775, 0.8775, 0.8825, 0.8825, 0.8975, 0.8975, 0.9, 0.9, 0.9025, 0.9025, 0.905, 0.905, 0.915, 0.915, 0.92, 0.92, 0.9225, 0.925, 0.9275, 0.9275, 0.93, 0.93, 0.9325, 0.9325, 0.935, 0.935, 0.9375, 0.9375, 0.95, 0.95, 0.955, 0.955, 0.9575, 0.9575, 0.96, 0.96, 0.9625, 0.9625, 0.965, 0.965, 0.97, 0.97, 0.9725, 0.9725, 0.975, 0.975, 0.98, 0.98, 0.9825, 0.9825, 0.9875, 0.9875, 0.99, 0.99, 1.0, 1.0]
  - Thresholds: [1.9977489389053762, 0.9977489389053762, 0.9855894146603952, 0.9806093131048468, 0.9647592300322796, 0.9634885690865348, 0.9552082624347004, 0.9535372731413627, 0.9360589496402568, 0.9349480480148045, 0.9313764267224441, 0.9264376530228922, 0.9247632038577039, 0.9244683737558991, 0.9198943700029362, 0.9188996459392744, 0.9138498416729522, 0.9128404917499447, 0.9115365734358803, 0.9110211913644592, 0.9083143694453027, 0.9070404457429976, 0.904863624121262, 0.8921576116397383, 0.8871592167360177, 0.8870879746832852, 0.8818526960136166, 0.8773873269881312, 0.8755238779854275, 0.8735548477638708, 0.8668342085139036, 0.8612412357535078, 0.8563355285875566, 0.8560861328604178, 0.8548013359575255, 0.8507407720233484, 0.845320693301546, 0.840996255843847, 0.8331144136487862, 0.8309120826540493, 0.8300476318454276, 0.8223076483541729, 0.7868707396781189, 0.7865940391637445, 0.7826330093054956, 0.7809074288711766, 0.7771833678785206, 0.7753841067817496, 0.7751340983126852, 0.7687481553834099, 0.7680705459455749, 0.7586171066759013, 0.7506805751795121, 0.7487089955127135, 0.7482181711391646, 0.7430163353062719, 0.7403106392240759, 0.7291004613573809, 0.7265227608815565, 0.7202818939436617, 0.7179325627668455, 0.7031623448768862, 0.6819187817055953, 0.6747091054890795, 0.663417087052985, 0.6618510715459167, 0.6576764977532539, 0.6564068938470062, 0.6547858763596046, 0.6538115031338719, 0.6446708330735328, 0.6338542644828402, 0.6322283982833578, 0.6128170248496452, 0.6110531964404929, 0.601740473500427, 0.6009377337288974, 0.5928786510288355, 0.5893277199475108, 0.5885974386330971, 0.5837513802122891, 0.5827585895856396, 0.5638860909487868, 0.5418546030805664, 0.5383479598103027, 0.5302055533874656, 0.5156870866726233, 0.5105033091475878, 0.5021241539344117, 0.5020861538081011, 0.48735424596173443, 0.4833710957841758, 0.4790545626125522, 0.47760841195164544, 0.47608714012834785, 0.4619041681378465, 0.4616577487287782, 0.46155303307205253, 0.46128082561660355, 0.4564326812534351, 0.4549823201465544, 0.4508748508333117, 0.4360356312944194, 0.43441954262388177, 0.4287796683284106, 0.4252252466967846, 0.4215611395242406, 0.4203623452121436, 0.4201646228750579, 0.4191079288967242, 0.4165616673648472, 0.41518920159707806, 0.4114585191357048, 0.40807820227800806, 0.4032611027905652, 0.4027628315566501, 0.3957157591182348, 0.3901506394365237, 0.37914807474792894, 0.3751302404931168, 0.3708016313141363, 0.3550976254793839, 0.35458293716460865, 0.348388401346264, 0.34678523231586517, 0.32865981359832386, 0.3275166255335494, 0.3247590991716187, 0.32430883970578284, 0.32079590130667, 0.31784956901216777, 0.3095686019977215, 0.30293639569659786, 0.3015850931305398, 0.2948686955392944, 0.29440019627513603, 0.2926013551346048, 0.28942173926539144, 0.2855702508567038, 0.2819679832241578, 0.281522198165952, 0.2813470404429112, 0.280572530709846, 0.27374257040339794, 0.2702853513055438, 0.26870875370910946, 0.2680626992888487, 0.2625442804815165, 0.2572902318456273, 0.25611903156350235, 0.25447695221535044, 0.2519100292243944, 0.2510766460139663, 0.2279222998644608, 0.2252997472191449, 0.22199545066462695, 0.22118974685332357, 0.2094698288866383, 0.20758164854943684, 0.20026951050724862, 0.19950414854557547, 0.19541984248315394, 0.19425658424177566, 0.1890714553939624, 0.18849081584751184, 0.18670075176254955, 0.185558654439914, 0.18173897353281884, 0.17871741332503277, 0.17386069154682116, 0.17251026082824344, 0.17098164358260146, 0.17068297962010234, 0.1684838417410662, 0.16392059607648482, 0.15813571294995313, 0.1508403465146712, 0.14370832845321158, 0.14353447498966385, 0.14054888567377335, 0.13297411835216186, 0.13216579914979348, 0.13199995586261304, 0.12527364660013426, 0.12298104068542208, 0.1213301761282227, 0.12105671980208986, 0.11724054507993814, 0.11615039682608581, 0.11255105300743048, 0.11059365440181068, 0.10924876687271409, 0.10854903785278426, 0.10655324345973759, 0.1023815357984798, 0.10130370894634359, 0.09884776921965029, 0.09704136048833623, 0.09702957781103548, 0.09600401489873432, 0.09443464542363503, 0.09066861600130403, 0.09013603460908191, 0.08976310569434726, 0.0876136043387762, 0.08650073105561946, 0.08625280229749144, 0.08563604769930573, 0.0854118874174694, 0.08175877372662617, 0.07625603840311385, 0.07506559424474499, 0.07405835020378977, 0.07097212584544092, 0.06791401113330858, 0.05938270730246336, 0.05822044367317776, 0.05763691174526902, 0.056714635089795455, 0.05662937715779814, 0.054677003993194855, 0.054608093515714135, 0.05457927262192967, 0.05158127179320873, 0.05128025093715008, 0.05055502658683729, 0.048297649980599475, 0.04755280777759135, 0.047427698682293296, 0.04445820756762819, 0.041337309911588266, 0.04108311550085418, 0.040650167411265266, 0.03812990684809869, 0.03388657123406414, 0.03349057816842396, 0.03243413286023567, 0.032322275179487846, 0.03191810556768877, 0.026268146767762186, 0.02510921754917036, 0.02290948208426111, 0.022861833053845506, 0.022457453771331896, 0.01984599952293758, 0.0197394318911862, 0.01960837789895333, 0.019322605113682785, 0.018511272543970298, 0.01736773865555577, 0.016014174879311064, 0.015030528375941798, 0.014591876401025567, 0.012392710861094136, 0.012286837154119197, 0.011763803233866868, 0.011519447959280693, 0.01106206137993063, 0.010904587949572936, 0.007212719535589884, 0.006185961693503347, 0.005364382860064258, 0.005217913558670607, 0.004923018651623821, 0.0021079170221967726, 0.0008206831753378235, 0.0002206780437352237]
  - AUC: 0.5846125
  - F1: 0.515397082658
================================

Running model 'mnb' on train data 'default.txt3.train' and test data 'default.txt3.test'
------------------------------------------------------------------------
Classifying line:
  1201	The best scene in the movie was when Gerardo is trying to find a song that keeps running through his head.  	1
  words = [best, scene, movi, gerardo, tri, find, song, keep, run, head, best scene, scene movi, movi gerardo, gerardo tri, tri find, find song, song keep, keep run, run head]
  predicted label = 0.310934205611, expected label = 1
------------------------------------------------------------------------
Classifying line:
  1202	Saw the movie today and thought it was a good effort, good messages for kids.  	1
  words = [saw, movi, today, thought, good, effort, good, messag, kid, saw movi, movi today, today thought, thought good, good effort, effort good, good messag, messag kid]
  predicted label = 0.662263217147, expected label = 1
------------------------------------------------------------------------
Classifying line:
  1203	Loved the casting of Jimmy Buffet as the science teacher.  	1
  words = [love, cast, jimmi, buffet, scienc, teacher, love cast, cast jimmi, jimmi buffet, buffet scienc, scienc teacher]
  predicted label = 0.938289182308, expected label = 1
------------------------------------------------------------------------
Classifying line:
  1204	And those baby owls were adorable.  	1
  words = [babi, owl, ador, babi owl, owl ador]
  predicted label = 0.458333333333, expected label = 1
------------------------------------------------------------------------
Classifying line:
  1205	The movie showed a lot of Florida at it's best, made it look very appealing.  	1
  words = [movi, show, lot, florida, best, made, look, appeal, movi show, show lot, lot florida, florida best, best made, made look, look appeal]
  predicted label = 0.282292870068, expected label = 1
------------------------------------------------------------------------
Classifying line:
  1206	The Songs Were The Best And The Muppets Were So Hilarious.  	1
  words = [song, best, muppet, hilari, song best, best muppet, muppet hilari]
  predicted label = 0.875418930729, expected label = 1
------------------------------------------------------------------------
Classifying line:
  1207	It Was So Cool.  	1
  words = [cool]
  predicted label = 0.79308299148, expected label = 1
------------------------------------------------------------------------
Classifying line:
  1208	This is a very "right on case" movie that delivers everything almost right in your face.  	1
  words = [right, case, movi, deliv, everyth, almost, right, face, right case, case movi, movi deliv, deliv everyth, everyth almost, almost right, right face]
  predicted label = 0.087350839961, expected label = 1
------------------------------------------------------------------------
Classifying line:
  1209	This review is long overdue, since I consider A Tale of Two Sisters to be the single greatest film ever made.  	1
  words = [review, long, overdu, sinc, consid, tale, two, sister, singl, greatest, film, ever, made, review long, long overdu, overdu sinc, sinc consid, consid tale, tale two, two sister, sister singl, singl greatest, greatest film, film ever, ever made]
  predicted label = 0.154134165333, expected label = 1
------------------------------------------------------------------------
Classifying line:
  1210	I'll put this gem up against any movie in terms of screenplay, cinematography, acting, post-production, editing, directing, or any other aspect of film-making.  	1
  words = [put, gem, movi, term, screenplay, cinematographi, act, post, product, edit, direct, aspect, film, make, put gem, gem movi, movi term, term screenplay, screenplay cinematographi, cinematographi act, act post, post product, product edit, edit direct, direct aspect, aspect film, film make]
  predicted label = 0.000945493610492, expected label = 1

================================
You guessed 300/600 = 50.0% correct.
  - False positive rate: [0.0, 0.0, 0.005, 0.005, 0.005, 0.005, 0.015, 0.015, 0.02, 0.02, 0.03, 0.03, 0.035, 0.035, 0.035, 0.035, 0.035, 0.04, 0.04, 0.045, 0.045, 0.05, 0.05, 0.06, 0.06, 0.06, 0.065, 0.065, 0.065, 0.065, 0.07, 0.07, 0.075, 0.075, 0.08, 0.08, 0.09, 0.09, 0.1, 0.1, 0.1, 0.1, 0.105, 0.105, 0.115, 0.115, 0.125, 0.125, 0.13, 0.13, 0.135, 0.135, 0.15, 0.15, 0.155, 0.155, 0.16, 0.16, 0.17, 0.17, 0.18, 0.18, 0.185, 0.185, 0.19, 0.19, 0.19, 0.2, 0.205, 0.205, 0.21, 0.21, 0.215, 0.215, 0.24, 0.24, 0.245, 0.245, 0.25, 0.25, 0.255, 0.255, 0.26, 0.26, 0.27, 0.27, 0.275, 0.275, 0.285, 0.285, 0.29, 0.29, 0.3, 0.3, 0.31, 0.31, 0.32, 0.325, 0.375, 0.375, 0.38, 0.39, 0.39, 0.41, 0.41, 0.415, 0.415, 0.42, 0.42, 0.425, 0.425, 0.435, 0.435, 0.44, 0.44, 0.445, 0.445, 0.45, 0.455, 0.455, 0.46, 0.46, 0.465, 0.465, 0.47, 0.47, 0.48, 0.48, 0.49, 0.495, 0.495, 0.5, 0.5, 0.51, 0.51, 0.515, 0.525, 0.53, 0.53, 0.535, 0.535, 0.54, 0.54, 0.54, 0.545, 0.545, 0.55, 0.55, 0.555, 0.555, 0.56, 0.56, 0.565, 0.565, 0.575, 0.575, 0.58, 0.58, 0.585, 0.585, 0.59, 0.59, 0.605, 0.605, 0.615, 0.615, 0.625, 0.625, 0.64, 0.64, 0.65, 0.66, 0.66, 0.665, 0.665, 0.68, 0.68, 0.68, 0.685, 0.685, 0.69, 0.69, 0.695, 0.695, 0.705, 0.705, 0.71, 0.71, 0.72, 0.72, 0.73, 0.73, 0.735, 0.735, 0.74, 0.74, 0.75, 0.75, 0.765, 0.765, 0.77, 0.77, 0.78, 0.78, 0.785, 0.785, 0.795, 0.795, 0.82, 0.82, 0.835, 0.835, 0.84, 0.84, 0.845, 0.85, 0.855, 0.855, 0.87, 0.87, 0.885, 0.885, 0.895, 0.895, 0.9, 0.9, 0.91, 0.91, 0.915, 0.915, 0.92, 0.92, 0.925, 0.925, 0.93, 0.93, 0.935, 0.935, 0.94, 0.94, 0.945, 0.945, 0.955, 0.955, 0.96, 0.96, 0.965, 0.965, 0.97, 0.97, 0.975, 0.975, 0.985, 0.985, 0.99, 0.99, 0.995, 0.995, 1.0]
  - True positive rate: [0.0025, 0.01, 0.01, 0.0275, 0.0325, 0.05, 0.05, 0.0575, 0.0575, 0.0775, 0.0775, 0.0975, 0.0975, 0.1, 0.105, 0.1075, 0.1125, 0.1125, 0.1225, 0.1225, 0.125, 0.125, 0.1325, 0.1325, 0.135, 0.14, 0.14, 0.145, 0.15, 0.1525, 0.1525, 0.1625, 0.1625, 0.1675, 0.1675, 0.175, 0.175, 0.185, 0.185, 0.19, 0.195, 0.2, 0.2, 0.2075, 0.2075, 0.21, 0.21, 0.215, 0.215, 0.2175, 0.2175, 0.23, 0.2325, 0.245, 0.245, 0.2525, 0.2525, 0.255, 0.255, 0.27, 0.27, 0.2725, 0.2725, 0.275, 0.275, 0.28, 0.2875, 0.2875, 0.29, 0.3025, 0.3025, 0.3175, 0.3175, 0.32, 0.32, 0.3225, 0.3225, 0.325, 0.325, 0.35, 0.35, 0.3525, 0.355, 0.36, 0.36, 0.375, 0.375, 0.38, 0.38, 0.385, 0.385, 0.41, 0.41, 0.4175, 0.4175, 0.4225, 0.4225, 0.4275, 0.5, 0.505, 0.5075, 0.5075, 0.5125, 0.5125, 0.515, 0.515, 0.5225, 0.5225, 0.53, 0.53, 0.5475, 0.5475, 0.5525, 0.5525, 0.555, 0.555, 0.5575, 0.5575, 0.5625, 0.5675, 0.5675, 0.5725, 0.5725, 0.58, 0.58, 0.5925, 0.5925, 0.595, 0.595, 0.595, 0.6, 0.6, 0.6075, 0.6075, 0.6175, 0.6175, 0.62, 0.62, 0.625, 0.625, 0.6325, 0.6325, 0.635, 0.6475, 0.6475, 0.6525, 0.6525, 0.655, 0.655, 0.6575, 0.6575, 0.6675, 0.6675, 0.6725, 0.6725, 0.68, 0.68, 0.71, 0.71, 0.7125, 0.7125, 0.715, 0.715, 0.725, 0.725, 0.7325, 0.7325, 0.7375, 0.7375, 0.76, 0.76, 0.76, 0.7625, 0.7625, 0.7675, 0.7675, 0.775, 0.7925, 0.7925, 0.795, 0.795, 0.8175, 0.8175, 0.82, 0.82, 0.8275, 0.8275, 0.83, 0.83, 0.8325, 0.8325, 0.8375, 0.8375, 0.8425, 0.8425, 0.8475, 0.8475, 0.85, 0.85, 0.855, 0.855, 0.86, 0.86, 0.8625, 0.8625, 0.865, 0.865, 0.8725, 0.8725, 0.8775, 0.8775, 0.8825, 0.8825, 0.885, 0.885, 0.8875, 0.8875, 0.89, 0.89, 0.8975, 0.8975, 0.9, 0.9, 0.9025, 0.9025, 0.9075, 0.9075, 0.91, 0.91, 0.9325, 0.9325, 0.935, 0.935, 0.9375, 0.9375, 0.9425, 0.9425, 0.9475, 0.9475, 0.95, 0.95, 0.9525, 0.9525, 0.955, 0.955, 0.9575, 0.9575, 0.965, 0.965, 0.9725, 0.9725, 0.9775, 0.9775, 0.985, 0.985, 0.995, 0.995, 1.0, 1.0]
  - Thresholds: [0.9995913474946505, 0.9964626224150522, 0.9962781464447543, 0.9841587468818516, 0.9809500078036423, 0.9605359143043658, 0.9591584538200254, 0.9461803640245745, 0.9458033063234563, 0.9312426393240933, 0.9292671652159253, 0.92112127731025, 0.9204414665630757, 0.9194614493581813, 0.9174596109479181, 0.916215361645408, 0.9148402290310269, 0.9125621680465085, 0.9028777282084935, 0.9026536988237027, 0.9022579291393927, 0.9021158539375912, 0.8930407806206279, 0.8876349556625631, 0.8865290015088343, 0.8842991723964627, 0.8832332398029611, 0.8800094342990628, 0.8754189307291866, 0.8750947013799949, 0.8683982979121425, 0.8615132483002891, 0.8586900258993468, 0.8549454148863243, 0.8449391840087108, 0.8363059546633892, 0.8248834112089373, 0.812533371730927, 0.8062042459503291, 0.793189234220133, 0.7930829914799623, 0.7915755164614232, 0.7881532158994828, 0.7831823200205468, 0.7790847217867154, 0.7718073947438862, 0.7696726438878918, 0.7627034724985373, 0.7605676232650975, 0.7577427418142418, 0.7497012417525113, 0.7404514690314621, 0.7364808384773663, 0.7156734681430784, 0.7127837452064271, 0.710617007900256, 0.7075374961533845, 0.7072515639630134, 0.7066978480011469, 0.6907090692809352, 0.6860824451655888, 0.6845653775182051, 0.6805007294792216, 0.6793001075550458, 0.6683484362358699, 0.6656290405244364, 0.662263217147195, 0.6534195517688925, 0.6474623655913975, 0.6386055733842716, 0.6334350910520309, 0.6119499556515855, 0.6056823539367543, 0.6047768196978942, 0.6009202229958371, 0.6006587767250472, 0.5949212258359933, 0.5915455746320243, 0.5897134276060565, 0.5685087453772555, 0.5628102808976228, 0.5622329281121957, 0.5609449071966144, 0.5586872947328886, 0.5555247742782737, 0.5449927833906958, 0.5367374855968173, 0.5321772512472036, 0.5285380072283576, 0.5156551592324705, 0.5142230115672453, 0.48933055045014134, 0.4812488069077617, 0.47423151816384684, 0.46757173947998565, 0.4624627792324144, 0.4615982976752063, 0.4599690337883093, 0.45833333333333326, 0.4481995887220003, 0.4465711315843247, 0.4436879284449886, 0.44104880167852273, 0.4316727344577154, 0.4246691154639754, 0.4197549126836891, 0.41730519242140646, 0.41529878447786667, 0.4042222387329584, 0.40191802280087824, 0.3842845505961556, 0.3787941945507596, 0.3772235534981312, 0.3762291304223373, 0.3737525878151849, 0.37278311323531954, 0.3711828654014956, 0.3705981833931358, 0.36505046905623223, 0.3581555299456115, 0.35381765146438554, 0.3519067612338002, 0.35172584762765224, 0.3474037606656137, 0.34007504428657925, 0.3274645021889577, 0.3253604975334123, 0.3239163607869015, 0.32391636078690117, 0.3183569271335797, 0.31544731809985566, 0.3112853797879389, 0.30695314491425607, 0.3026722057244758, 0.29342460183625985, 0.2926555787517539, 0.2911135135135133, 0.28961303190701315, 0.2853911243235231, 0.28448178582684636, 0.28229287006774884, 0.2770834619557067, 0.2759742408749543, 0.2727025468209584, 0.2700609473579951, 0.26562646266254053, 0.2653125208255823, 0.2650475859374543, 0.2632398407731977, 0.2574002471886016, 0.25192579178580454, 0.24558726401789072, 0.2420823893846225, 0.2386622695656328, 0.23265185320172654, 0.22835953021981834, 0.22770084909455274, 0.19428688804616545, 0.19379373993453167, 0.192300490271208, 0.18980178124908284, 0.18890977182485455, 0.17764892114495606, 0.17219923248394428, 0.16871573791777794, 0.16387645378738736, 0.16196821963290228, 0.1610817702895992, 0.15847746182631736, 0.14986909104410595, 0.1465181662272816, 0.1430584227275054, 0.1424786701334322, 0.14188928019320907, 0.13996207970986563, 0.13870226087824333, 0.1362040112029271, 0.1278081591598247, 0.12715388976278433, 0.12536060445831348, 0.12521026911273717, 0.11670599884575011, 0.11585884603404646, 0.11440183638604368, 0.11357662404658968, 0.10976039766506945, 0.1075892374285118, 0.10673739832600257, 0.10621001262808483, 0.10511406285849409, 0.09828895552370075, 0.09773950325179073, 0.09747444195456922, 0.09407292516712341, 0.0940395487242402, 0.09227697588232422, 0.09168436663614545, 0.09096345997606924, 0.08893240080155117, 0.08735083996104248, 0.08723728069462582, 0.08626518629921982, 0.08345031831775793, 0.0832029011476006, 0.08236786386944359, 0.0819637240514165, 0.0800135034170878, 0.07642188024034939, 0.06452583569488593, 0.06314733111610082, 0.06004518296808518, 0.059186674410136565, 0.05824482106233556, 0.05647415514819001, 0.05462860771726146, 0.0533579719350926, 0.05313007835841423, 0.05267837927699414, 0.050260636261107494, 0.04849418769187247, 0.04389173120300843, 0.04338056592213794, 0.042773115950972426, 0.04230749867013588, 0.0415989938836674, 0.04085825266299533, 0.038392726206188534, 0.038065801297858415, 0.0372711007711578, 0.027612904590197843, 0.027478906274999364, 0.02743049451242029, 0.026551816044945217, 0.026209241501487717, 0.025745894606927403, 0.025185369273134587, 0.02422902596986394, 0.02266695329765723, 0.020470520256191005, 0.018846656614818418, 0.018543098653275664, 0.018361059649083362, 0.0180596230534874, 0.01771230809821573, 0.017236617019393226, 0.017164503619365556, 0.015939302932172307, 0.012325739415307053, 0.012297680632563188, 0.010659783793748066, 0.009665861798195252, 0.007537895259322478, 0.006503001637387675, 0.005461537798453832, 0.0054360027533859896, 0.0017326159958601715, 0.0015159480947214865, 0.0008805731636111626, 0.00022214011823474213]
  - AUC: 0.58316875
  - F1: 0.512987012987
================================

Running model 'dt' on train data 'default.txt3.train' and test data 'default.txt3.test'
Best hyperparameters were: {'max_features': 'auto', 'min_samples_leaf': 1}
------------------------------------------------------------------------
Classifying line:
  1201	The best scene in the movie was when Gerardo is trying to find a song that keeps running through his head.  	1
  words = [best, scene, movi, gerardo, tri, find, song, keep, run, head, best scene, scene movi, movi gerardo, gerardo tri, tri find, find song, song keep, keep run, run head]
  predicted label = 1.0, expected label = 1
------------------------------------------------------------------------
Classifying line:
  1202	Saw the movie today and thought it was a good effort, good messages for kids.  	1
  words = [saw, movi, today, thought, good, effort, good, messag, kid, saw movi, movi today, today thought, thought good, good effort, effort good, good messag, messag kid]
  predicted label = 1.0, expected label = 1
------------------------------------------------------------------------
Classifying line:
  1203	Loved the casting of Jimmy Buffet as the science teacher.  	1
  words = [love, cast, jimmi, buffet, scienc, teacher, love cast, cast jimmi, jimmi buffet, buffet scienc, scienc teacher]
  predicted label = 1.0, expected label = 1
------------------------------------------------------------------------
Classifying line:
  1204	And those baby owls were adorable.  	1
  words = [babi, owl, ador, babi owl, owl ador]
  predicted label = 0.379146919431, expected label = 1
------------------------------------------------------------------------
Classifying line:
  1205	The movie showed a lot of Florida at it's best, made it look very appealing.  	1
  words = [movi, show, lot, florida, best, made, look, appeal, movi show, show lot, lot florida, florida best, best made, made look, look appeal]
  predicted label = 0.0, expected label = 1
------------------------------------------------------------------------
Classifying line:
  1206	The Songs Were The Best And The Muppets Were So Hilarious.  	1
  words = [song, best, muppet, hilari, song best, best muppet, muppet hilari]
  predicted label = 1.0, expected label = 1
------------------------------------------------------------------------
Classifying line:
  1207	It Was So Cool.  	1
  words = [cool]
  predicted label = 1.0, expected label = 1
------------------------------------------------------------------------
Classifying line:
  1208	This is a very "right on case" movie that delivers everything almost right in your face.  	1
  words = [right, case, movi, deliv, everyth, almost, right, face, right case, case movi, movi deliv, deliv everyth, everyth almost, almost right, right face]
  predicted label = 0.0, expected label = 1
------------------------------------------------------------------------
Classifying line:
  1209	This review is long overdue, since I consider A Tale of Two Sisters to be the single greatest film ever made.  	1
  words = [review, long, overdu, sinc, consid, tale, two, sister, singl, greatest, film, ever, made, review long, long overdu, overdu sinc, sinc consid, consid tale, tale two, two sister, sister singl, singl greatest, greatest film, film ever, ever made]
  predicted label = 1.0, expected label = 1
------------------------------------------------------------------------
Classifying line:
  1210	I'll put this gem up against any movie in terms of screenplay, cinematography, acting, post-production, editing, directing, or any other aspect of film-making.  	1
  words = [put, gem, movi, term, screenplay, cinematographi, act, post, product, edit, direct, aspect, film, make, put gem, gem movi, movi term, term screenplay, screenplay cinematographi, cinematographi act, act post, post product, product edit, edit direct, direct aspect, aspect film, film make]
  predicted label = 0.0, expected label = 1

================================
You guessed 324/600 = 54.0% correct.
  - False positive rate: [0.0, 0.255, 0.255, 0.26, 0.26, 0.28, 0.295, 0.305, 0.33, 0.385, 0.39, 0.415, 0.485, 0.485, 0.495, 0.5, 0.5, 1.0]
  - True positive rate: [0.0, 0.4, 0.43, 0.4375, 0.46, 0.485, 0.495, 0.505, 0.5075, 0.5075, 0.5075, 0.5175, 0.6, 0.6025, 0.6075, 0.6075, 0.65, 1.0]
  - Thresholds: [2.0, 1.0, 0.9696969696969697, 0.8333333333333334, 0.8, 0.7894736842105263, 0.75, 0.6666666666666666, 0.625, 0.6, 0.5555555555555556, 0.5, 0.3791469194312796, 0.3333333333333333, 0.25, 0.2, 0.125, 0.0]
  - AUC: 0.5915875
  - F1: 0.6
================================

Running model 'rf' on train data 'default.txt3.train' and test data 'default.txt3.test'
Best hyperparameters were: {'n_estimators': 10}
------------------------------------------------------------------------
Classifying line:
  1201	The best scene in the movie was when Gerardo is trying to find a song that keeps running through his head.  	1
  words = [best, scene, movi, gerardo, tri, find, song, keep, run, head, best scene, scene movi, movi gerardo, gerardo tri, tri find, find song, song keep, keep run, run head]
  predicted label = 0.894197859952, expected label = 1
------------------------------------------------------------------------
Classifying line:
  1202	Saw the movie today and thought it was a good effort, good messages for kids.  	1
  words = [saw, movi, today, thought, good, effort, good, messag, kid, saw movi, movi today, today thought, thought good, good effort, effort good, good messag, messag kid]
  predicted label = 0.721932559523, expected label = 1
------------------------------------------------------------------------
Classifying line:
  1203	Loved the casting of Jimmy Buffet as the science teacher.  	1
  words = [love, cast, jimmi, buffet, scienc, teacher, love cast, cast jimmi, jimmi buffet, buffet scienc, scienc teacher]
  predicted label = 0.934310530219, expected label = 1
------------------------------------------------------------------------
Classifying line:
  1204	And those baby owls were adorable.  	1
  words = [babi, owl, ador, babi owl, owl ador]
  predicted label = 0.38805516911, expected label = 1
------------------------------------------------------------------------
Classifying line:
  1205	The movie showed a lot of Florida at it's best, made it look very appealing.  	1
  words = [movi, show, lot, florida, best, made, look, appeal, movi show, show lot, lot florida, florida best, best made, made look, look appeal]
  predicted label = 0.894197859952, expected label = 1
------------------------------------------------------------------------
Classifying line:
  1206	The Songs Were The Best And The Muppets Were So Hilarious.  	1
  words = [song, best, muppet, hilari, song best, best muppet, muppet hilari]
  predicted label = 0.894197859952, expected label = 1
------------------------------------------------------------------------
Classifying line:
  1207	It Was So Cool.  	1
  words = [cool]
  predicted label = 0.38805516911, expected label = 1
------------------------------------------------------------------------
Classifying line:
  1208	This is a very "right on case" movie that delivers everything almost right in your face.  	1
  words = [right, case, movi, deliv, everyth, almost, right, face, right case, case movi, movi deliv, deliv everyth, everyth almost, almost right, right face]
  predicted label = 0.125440513841, expected label = 1
------------------------------------------------------------------------
Classifying line:
  1209	This review is long overdue, since I consider A Tale of Two Sisters to be the single greatest film ever made.  	1
  words = [review, long, overdu, sinc, consid, tale, two, sister, singl, greatest, film, ever, made, review long, long overdu, overdu sinc, sinc consid, consid tale, tale two, two sister, sister singl, singl greatest, greatest film, film ever, ever made]
  predicted label = 0.341661896981, expected label = 1
------------------------------------------------------------------------
Classifying line:
  1210	I'll put this gem up against any movie in terms of screenplay, cinematography, acting, post-production, editing, directing, or any other aspect of film-making.  	1
  words = [put, gem, movi, term, screenplay, cinematographi, act, post, product, edit, direct, aspect, film, make, put gem, gem movi, movi term, term screenplay, screenplay cinematographi, cinematographi act, act post, post product, product edit, edit direct, direct aspect, aspect film, film make]
  predicted label = 0.125440513841, expected label = 1

================================
You guessed 300/600 = 50.0% correct.
  - False positive rate: [0.0, 0.0, 0.0, 0.0, 0.0, 0.005, 0.005, 0.015, 0.015, 0.06, 0.06, 0.06, 0.06, 0.06, 0.06, 0.065, 0.065, 0.07, 0.075, 0.075, 0.08, 0.08, 0.085, 0.085, 0.095, 0.115, 0.115, 0.16, 0.17, 0.175, 0.185, 0.205, 0.215, 0.215, 0.22, 0.225, 0.23, 0.23, 0.235, 0.245, 0.245, 0.25, 0.25, 0.26, 0.27, 0.27, 0.275, 0.275, 0.285, 0.285, 0.3, 0.3, 0.31, 0.31, 0.32, 0.325, 0.33, 0.33, 0.34, 0.345, 0.355, 0.36, 0.365, 0.37, 0.37, 0.38, 0.38, 0.39, 0.39, 0.395, 0.605, 0.605, 0.615, 0.63, 0.63, 0.63, 0.655, 0.66, 0.66, 0.67, 0.68, 0.695, 0.7, 0.705, 0.705, 0.71, 0.71, 0.72, 0.72, 0.72, 0.72, 0.73, 0.73, 0.74, 0.74, 0.75, 0.75, 0.755, 0.76, 0.76, 0.765, 0.765, 0.77, 0.77, 0.775, 0.775, 0.78, 0.78, 0.78, 0.785, 0.785, 0.8, 0.815, 0.815, 0.83, 0.83, 0.835, 0.835, 0.85, 0.85, 0.855, 0.855, 0.86, 0.86, 0.865, 0.87, 0.87, 0.87, 0.875, 0.875, 0.88, 0.89, 0.89, 0.895, 0.925, 0.93, 1.0]
  - True positive rate: [0.03, 0.0325, 0.1, 0.105, 0.1075, 0.165, 0.1775, 0.2175, 0.2225, 0.29, 0.295, 0.3025, 0.305, 0.31, 0.3125, 0.3175, 0.3225, 0.325, 0.325, 0.3275, 0.335, 0.3425, 0.3425, 0.345, 0.3475, 0.3475, 0.35, 0.35, 0.35, 0.35, 0.3525, 0.355, 0.355, 0.3575, 0.3575, 0.365, 0.365, 0.3675, 0.3675, 0.3675, 0.37, 0.37, 0.3725, 0.3725, 0.3725, 0.375, 0.3775, 0.38, 0.38, 0.3825, 0.3825, 0.3925, 0.3925, 0.395, 0.395, 0.4, 0.4, 0.4025, 0.4025, 0.405, 0.41, 0.41, 0.425, 0.425, 0.43, 0.43, 0.435, 0.435, 0.4375, 0.4375, 0.63, 0.635, 0.635, 0.64, 0.65, 0.6525, 0.6575, 0.6625, 0.665, 0.665, 0.665, 0.6725, 0.675, 0.675, 0.6775, 0.6775, 0.6825, 0.6825, 0.69, 0.7025, 0.705, 0.705, 0.71, 0.71, 0.7125, 0.715, 0.72, 0.7225, 0.7225, 0.7275, 0.7275, 0.7325, 0.7325, 0.735, 0.735, 0.7375, 0.7375, 0.745, 0.7475, 0.76, 0.7625, 0.7625, 0.7625, 0.765, 0.765, 0.77, 0.77, 0.775, 0.775, 0.7775, 0.78, 0.7825, 0.785, 0.7925, 0.7975, 0.7975, 0.86, 0.8925, 0.8925, 0.895, 0.895, 0.895, 0.99, 0.99, 0.9925, 0.9925, 1.0]
  - Thresholds: [0.9656660231660232, 0.9589812147356479, 0.9517401545614723, 0.9502185859340214, 0.9435962445051139, 0.9343105302193997, 0.9328835316043325, 0.8941978599522932, 0.8933962682521235, 0.7219325595234365, 0.7094066193700321, 0.6640237446009942, 0.6442204484819085, 0.6271854850473737, 0.625575725929744, 0.6194972098746447, 0.6110976768329709, 0.6092593872914677, 0.6090113276255538, 0.608646442226215, 0.6011412462455041, 0.5756907701093349, 0.5737990712119128, 0.5653720154762734, 0.5607738611278792, 0.5479413142902942, 0.5429962183678875, 0.5413297494146095, 0.5412867166796175, 0.5355692259713399, 0.5253887110479483, 0.5247269913059387, 0.5241181952845128, 0.5150380575592666, 0.5141481322538951, 0.508785545516676, 0.5028566151170402, 0.495550891874837, 0.4923884470273614, 0.4877860143062436, 0.4869629516592773, 0.4787779107614808, 0.47690186912712057, 0.47549460448891184, 0.46908607344635006, 0.46897308013760386, 0.46843952173397396, 0.45759471863841317, 0.45348548113403797, 0.45276801574547865, 0.44451295968861526, 0.42871038361363445, 0.4272720800248986, 0.4270504740357682, 0.42575168972430993, 0.4256850280711264, 0.4217783508345222, 0.41382837015508595, 0.41022023831234355, 0.4093720064251289, 0.40934334069169925, 0.4079749623352389, 0.4077635120519371, 0.4060462245718429, 0.4056643424919302, 0.39628086024520665, 0.3943369137836042, 0.3897993682522479, 0.3895018695794209, 0.3885009878751389, 0.38805516910999804, 0.3845018653862572, 0.37766845989407904, 0.37472907064634925, 0.3737014592950812, 0.3713233518569186, 0.37120070901610136, 0.371132654490115, 0.369506336391357, 0.36762394746535537, 0.3643737252691009, 0.36283808514932686, 0.36128448353080184, 0.3606421141246101, 0.3588833990443751, 0.35851291940829505, 0.3564976398991744, 0.3564660349189146, 0.35627437168464493, 0.35617149272044263, 0.3556911226028874, 0.3548400390863574, 0.3533889318450353, 0.3516983518569186, 0.3501078520247217, 0.3468720064251289, 0.34166189698054367, 0.3389157122101644, 0.33817252002735876, 0.3308443164379383, 0.3300423803507043, 0.3267667855020796, 0.32516571221016444, 0.3247753070421411, 0.3220789643354033, 0.3219931975902814, 0.3193182104096183, 0.31489780397521644, 0.3084320833159474, 0.29958584813260974, 0.2939159451659451, 0.291023640198308, 0.28879450685739744, 0.2834454972554167, 0.2829880552444942, 0.27461624855127004, 0.27195443486318827, 0.2634800446013681, 0.2565632704408104, 0.2553027455001139, 0.2505784410021347, 0.2503842487975247, 0.24683505979401804, 0.23541926280312694, 0.23289038665314896, 0.22878225512495262, 0.22436614925001339, 0.15487768536672353, 0.15212897085744564, 0.14761559073620784, 0.1339605734767025, 0.1336842105263158, 0.1254405138414702, 0.06944444444444445, 0.00955008382301811, 0.007050083823018111, 0.0]
  - AUC: 0.56643125
  - F1: 0.493243243243
================================

