preprocessSentences.py:68: UnicodeWarning: Unicode equal comparison failed to convert both arguments to Unicode - interpreting them as being unequal
  return [clean_word(w) for w in tokens if w.lower() not in stop_words and w.isalpha()]
Path: .
Training data: ./default.txt5.train
Done building things up man. Num documents in train set: 2400.
Number of features before any feature selection: 10751
Number of features after filtering out words by count threshold: 500
Done doing the feature selection thing man. Num vocabs: 500.
Output files: ./out*
Runtime: 4.23894500732
Running model 'mybnb' on train data 'default.txt5.train' and test data 'default.txt5.test'
Num train examples = 2400, positive prior = 0.5, negative prior = 0.5
Using 500 features: second, dialogu, unit, music, hold, first tim, want, hot, beauti, fit...
477 features are used in positive reviews: forget, lack, month, go, friendli, send, certainli, leav, worth, case...
477 features are used in negative reviews: forget, lack, month, go, hate, friendli, send, certainli, leav, worth...
------------------------------------------------------------------------
Classifying line:
  1	Doesn't Work.	0
  words = [work]
  positive probability = 0.0262063227953, negative probability = 0.0141430948419
  predicted label = 1, expected label = 0
------------------------------------------------------------------------
Classifying line:
  2	Unfortunately it did not work.	0
  words = [unfortun, work, unfortun work]
  positive probability = 3.62766476219e-08, negative probability = 4.89446832994e-08
  predicted label = 0, expected label = 0
------------------------------------------------------------------------
Classifying line:
  3	All three broke within two months of use.	0
  words = [three, broke, within, two, month, use, three broke, broke within, within two, two month, month use]
  positive probability = 1.14966181868e-30, negative probability = 2.72113059429e-30
  predicted label = 0, expected label = 0
------------------------------------------------------------------------
Classifying line:
  4	dont buy it.	0
  words = [dont, buy, dont buy]
  positive probability = 1.15163960704e-09, negative probability = 2.59118911585e-08
  predicted label = 0, expected label = 0
------------------------------------------------------------------------
Classifying line:
  5	My father has the V265, and the battery is dying.	0
  words = [father, batteri, die, father batteri, batteri die]
  positive probability = 4.18472535858e-15, negative probability = 3.18836217797e-15
  predicted label = 1, expected label = 0
------------------------------------------------------------------------
Classifying line:
  6	However, the ear pads come off easily and after only one week I lost one.	0
  words = [howev, ear, pad, come, easili, one, week, lost, one, howev ear, ear pad, pad come, come easili, easili one, one week, week lost, lost one]
  positive probability = 2.00575124143e-47, negative probability = 1.57734448052e-47
  predicted label = 1, expected label = 0
------------------------------------------------------------------------
Classifying line:
  7	The calls drop, the phone comes on and off at will, the screen goes black and the worst of all it stops ringing intermittently.	0
  words = [call, drop, phone, come, screen, go, black, worst, stop, ring, intermitt, call drop, drop phone, phone come, come screen, screen go, go black, black worst, worst stop, stop ring, ring intermitt]
  positive probability = 2.21973607022e-57, negative probability = 1.10333939961e-55
  predicted label = 0, expected label = 0
------------------------------------------------------------------------
Classifying line:
  8	Horrible, horrible protector.	0
  words = [horribl, horribl, protector, horribl horribl, horribl protector]
  positive probability = 1.99272636123e-16, negative probability = 1.6141083526e-14
  predicted label = 0, expected label = 0
------------------------------------------------------------------------
Classifying line:
  9	I don't like this Nokia either.	0
  words = [like, nokia, either, like nokia, nokia either]
  positive probability = 3.10865312352e-14, negative probability = 4.06516177691e-14
  predicted label = 0, expected label = 0
------------------------------------------------------------------------
Classifying line:
  10	Reaching for the bottom row is uncomfortable, and the send and end keys are not where I expect them to be.3.	0
  words = [reach, bottom, row, uncomfort, send, end, key, expect, reach bottom, bottom row, row uncomfort, uncomfort send, send end, end key, key expect]
  positive probability = 2.84869201855e-45, negative probability = 2.26312754807e-44
  predicted label = 0, expected label = 0

================================
You guessed 458/600 = 76.3333333333% correct.
  - False positive rate: [0.0, 0.2733333333333333, 1.0]
  - True positive rate: [0.0, 0.8, 1.0]
  - Thresholds: [2, 1, 0]
  - AUC: 0.763333333333
  - F1: 0.771704180064
================================

Running model 'mymnb' on train data 'default.txt5.train' and test data 'default.txt5.test'
Num train examples = 2400, positive prior = 0.5, negative prior = 0.5
Using 500 features: second, dialogu, unit, music, hold, first tim, want, hot, beauti, fit...
477 features are used in positive reviews: forget, lack, month, go, friendli, send, certainli, leav, worth, case...
477 features are used in negative reviews: forget, lack, month, go, hate, friendli, send, certainli, leav, worth...
------------------------------------------------------------------------
Classifying line:
  1	Doesn't Work.	0
  words = [work]
  positive probability = 0.0194117647059, negative probability = 0.0105882352941
  predicted label = 1, expected label = 0
------------------------------------------------------------------------
Classifying line:
  2	Unfortunately it did not work.	0
  words = [unfortun, work, unfortun work]
  positive probability = 1.34337472013e-08, negative probability = 1.83187461836e-08
  predicted label = 0, expected label = 0
------------------------------------------------------------------------
Classifying line:
  3	All three broke within two months of use.	0
  words = [three, broke, within, two, month, use, three broke, broke within, within two, two month, month use]
  positive probability = 2.62605836549e-32, negative probability = 7.73811865032e-32
  predicted label = 0, expected label = 0
------------------------------------------------------------------------
Classifying line:
  4	dont buy it.	0
  words = [dont, buy, dont buy]
  positive probability = 4.07083248524e-10, negative probability = 9.1593730918e-09
  predicted label = 0, expected label = 0
------------------------------------------------------------------------
Classifying line:
  5	My father has the V265, and the battery is dying.	0
  words = [father, batteri, die, father batteri, batteri die]
  positive probability = 7.3951109161e-16, negative probability = 5.63437022179e-16
  predicted label = 1, expected label = 0
------------------------------------------------------------------------
Classifying line:
  6	However, the ear pads come off easily and after only one week I lost one.	0
  words = [howev, ear, pad, come, easili, one, week, lost, one, howev ear, ear pad, pad come, come easili, easili one, one week, week lost, lost one]
  positive probability = 6.67201568189e-50, negative probability = 5.48655597305e-50
  predicted label = 1, expected label = 0
------------------------------------------------------------------------
Classifying line:
  7	The calls drop, the phone comes on and off at will, the screen goes black and the worst of all it stops ringing intermittently.	0
  words = [call, drop, phone, come, screen, go, black, worst, stop, ring, intermitt, call drop, drop phone, phone come, come screen, screen go, go black, black worst, worst stop, stop ring, ring intermitt]
  positive probability = 2.4947629953e-60, negative probability = 9.48084968681e-59
  predicted label = 0, expected label = 0
------------------------------------------------------------------------
Classifying line:
  8	Horrible, horrible protector.	0
  words = [horribl, horribl, protector, horribl horribl, horribl protector]
  positive probability = 3.52148138862e-17, negative probability = 2.85239992478e-15
  predicted label = 0, expected label = 0
------------------------------------------------------------------------
Classifying line:
  9	I don't like this Nokia either.	0
  words = [like, nokia, either, like nokia, nokia either]
  positive probability = 5.91608873288e-15, negative probability = 7.46554054387e-15
  predicted label = 0, expected label = 0
------------------------------------------------------------------------
Classifying line:
  10	Reaching for the bottom row is uncomfortable, and the send and end keys are not where I expect them to be.3.	0
  words = [reach, bottom, row, uncomfort, send, end, key, expect, reach bottom, bottom row, row uncomfort, uncomfort send, send end, end key, key expect]
  positive probability = 1.57209466212e-47, negative probability = 1.24894187046e-46
  predicted label = 0, expected label = 0

================================
You guessed 464/600 = 77.3333333333% correct.
  - False positive rate: [0.0, 0.2633333333333333, 1.0]
  - True positive rate: [0.0, 0.81, 1.0]
  - Thresholds: [2, 1, 0]
  - AUC: 0.773333333333
  - F1: 0.781350482315
================================

Running model 'bnb' on train data 'default.txt5.train' and test data 'default.txt5.test'
------------------------------------------------------------------------
Classifying line:
  1	Doesn't Work.	0
  words = [work]
  predicted label = 0.622349888583, expected label = 0
------------------------------------------------------------------------
Classifying line:
  2	Unfortunately it did not work.	0
  words = [unfortun, work, unfortun work]
  predicted label = 0.396693948931, expected label = 0
------------------------------------------------------------------------
Classifying line:
  3	All three broke within two months of use.	0
  words = [three, broke, within, two, month, use, three broke, broke within, within two, two month, month use]
  predicted label = 0.266836909521, expected label = 0
------------------------------------------------------------------------
Classifying line:
  4	dont buy it.	0
  words = [dont, buy, dont buy]
  predicted label = 0.0366397519293, expected label = 0
------------------------------------------------------------------------
Classifying line:
  5	My father has the V265, and the battery is dying.	0
  words = [father, batteri, die, father batteri, batteri die]
  predicted label = 0.533394311891, expected label = 0
------------------------------------------------------------------------
Classifying line:
  6	However, the ear pads come off easily and after only one week I lost one.	0
  words = [howev, ear, pad, come, easili, one, week, lost, one, howev ear, ear pad, pad come, come easili, easili one, one week, week lost, lost one]
  predicted label = 0.466796006919, expected label = 0
------------------------------------------------------------------------
Classifying line:
  7	The calls drop, the phone comes on and off at will, the screen goes black and the worst of all it stops ringing intermittently.	0
  words = [call, drop, phone, come, screen, go, black, worst, stop, ring, intermitt, call drop, drop phone, phone come, come screen, screen go, go black, black worst, worst stop, stop ring, ring intermitt]
  predicted label = 0.0164488131279, expected label = 0
------------------------------------------------------------------------
Classifying line:
  8	Horrible, horrible protector.	0
  words = [horribl, horribl, protector, horribl horribl, horribl protector]
  predicted label = 0.0873611104571, expected label = 0
------------------------------------------------------------------------
Classifying line:
  9	I don't like this Nokia either.	0
  words = [like, nokia, either, like nokia, nokia either]
  predicted label = 0.398765562331, expected label = 0
------------------------------------------------------------------------
Classifying line:
  10	Reaching for the bottom row is uncomfortable, and the send and end keys are not where I expect them to be.3.	0
  words = [reach, bottom, row, uncomfort, send, end, key, expect, reach bottom, bottom row, row uncomfort, uncomfort send, send end, end key, key expect]
  predicted label = 0.0974625709586, expected label = 0

================================
You guessed 463/600 = 77.1666666667% correct.
  - False positive rate: [0.0, 0.0, 0.0033333333333333335, 0.0033333333333333335, 0.0033333333333333335, 0.0033333333333333335, 0.0033333333333333335, 0.0033333333333333335, 0.0033333333333333335, 0.006666666666666667, 0.006666666666666667, 0.01, 0.01, 0.01, 0.01, 0.01, 0.01, 0.013333333333333334, 0.013333333333333334, 0.013333333333333334, 0.013333333333333334, 0.016666666666666666, 0.016666666666666666, 0.02, 0.02, 0.023333333333333334, 0.023333333333333334, 0.03, 0.03, 0.03333333333333333, 0.03333333333333333, 0.04, 0.04, 0.04, 0.043333333333333335, 0.043333333333333335, 0.06, 0.06, 0.06333333333333334, 0.06333333333333334, 0.06666666666666667, 0.06666666666666667, 0.07, 0.07, 0.07666666666666666, 0.07666666666666666, 0.07666666666666666, 0.07666666666666666, 0.1, 0.1, 0.10333333333333333, 0.10333333333333333, 0.10666666666666667, 0.10666666666666667, 0.11, 0.11, 0.11666666666666667, 0.11666666666666667, 0.12, 0.12, 0.12333333333333334, 0.12333333333333334, 0.12666666666666668, 0.13333333333333333, 0.13333333333333333, 0.13666666666666666, 0.13666666666666666, 0.14, 0.14, 0.14666666666666667, 0.14666666666666667, 0.15, 0.15, 0.15333333333333332, 0.15333333333333332, 0.15666666666666668, 0.15666666666666668, 0.16333333333333333, 0.16666666666666666, 0.16666666666666666, 0.17, 0.17, 0.17333333333333334, 0.17333333333333334, 0.17666666666666667, 0.17666666666666667, 0.18666666666666668, 0.18666666666666668, 0.19, 0.19, 0.19333333333333333, 0.19333333333333333, 0.2, 0.2, 0.20666666666666667, 0.20666666666666667, 0.21, 0.21, 0.21333333333333335, 0.21333333333333335, 0.21666666666666667, 0.21666666666666667, 0.22, 0.22, 0.24, 0.27, 0.27, 0.27, 0.27666666666666667, 0.28, 0.28, 0.2866666666666667, 0.2866666666666667, 0.29333333333333333, 0.29333333333333333, 0.3, 0.31, 0.31, 0.33666666666666667, 0.33666666666666667, 0.3433333333333333, 0.3433333333333333, 0.3466666666666667, 0.3466666666666667, 0.35333333333333333, 0.35333333333333333, 0.36666666666666664, 0.36666666666666664, 0.38666666666666666, 0.39, 0.39, 0.3933333333333333, 0.3933333333333333, 0.39666666666666667, 0.39666666666666667, 0.41, 0.41, 0.43, 0.43, 0.43333333333333335, 0.43333333333333335, 0.45666666666666667, 0.45666666666666667, 0.48333333333333334, 0.48333333333333334, 0.49666666666666665, 0.49666666666666665, 0.5, 0.51, 0.51, 0.52, 0.5266666666666666, 0.5366666666666666, 0.5366666666666666, 0.5433333333333333, 0.55, 0.5566666666666666, 0.5566666666666666, 0.5633333333333334, 0.5633333333333334, 0.5733333333333334, 0.5733333333333334, 0.59, 0.59, 0.6, 0.6, 0.6033333333333334, 0.6033333333333334, 0.61, 0.6166666666666667, 0.6533333333333333, 0.66, 0.6666666666666666, 0.6666666666666666, 0.71, 0.71, 0.7133333333333334, 0.72, 0.72, 0.7266666666666667, 0.7266666666666667, 0.7433333333333333, 0.7433333333333333, 0.7633333333333333, 0.7633333333333333, 0.82, 0.82, 0.8333333333333334, 0.84, 0.9, 0.9066666666666666, 0.9333333333333333, 0.94, 0.94, 0.9466666666666667, 0.9466666666666667, 0.99, 0.99, 1.0]
  - True positive rate: [0.0033333333333333335, 0.15, 0.15, 0.18666666666666668, 0.19333333333333333, 0.2, 0.20666666666666667, 0.22333333333333333, 0.23, 0.23, 0.23333333333333334, 0.23333333333333334, 0.27666666666666667, 0.29333333333333333, 0.30666666666666664, 0.31333333333333335, 0.3566666666666667, 0.3566666666666667, 0.42, 0.4266666666666667, 0.43333333333333335, 0.43333333333333335, 0.44666666666666666, 0.44666666666666666, 0.45, 0.4533333333333333, 0.4633333333333333, 0.4633333333333333, 0.49666666666666665, 0.49666666666666665, 0.5033333333333333, 0.5033333333333333, 0.5333333333333333, 0.54, 0.54, 0.5466666666666666, 0.5466666666666666, 0.55, 0.55, 0.5533333333333333, 0.5533333333333333, 0.5566666666666666, 0.5566666666666666, 0.5766666666666667, 0.5766666666666667, 0.58, 0.5866666666666667, 0.6, 0.6, 0.6033333333333334, 0.6033333333333334, 0.61, 0.61, 0.62, 0.62, 0.6233333333333333, 0.6233333333333333, 0.6266666666666667, 0.6266666666666667, 0.6333333333333333, 0.6333333333333333, 0.6366666666666667, 0.64, 0.6466666666666666, 0.6566666666666666, 0.6566666666666666, 0.66, 0.66, 0.6633333333333333, 0.6633333333333333, 0.67, 0.67, 0.6733333333333333, 0.6733333333333333, 0.6833333333333333, 0.6833333333333333, 0.69, 0.69, 0.69, 0.6933333333333334, 0.6966666666666667, 0.7, 0.7, 0.7066666666666667, 0.7066666666666667, 0.7166666666666667, 0.7166666666666667, 0.73, 0.73, 0.7333333333333333, 0.7333333333333333, 0.7366666666666667, 0.7366666666666667, 0.7466666666666667, 0.7466666666666667, 0.75, 0.75, 0.7566666666666667, 0.7566666666666667, 0.76, 0.76, 0.7633333333333333, 0.7633333333333333, 0.7733333333333333, 0.7733333333333333, 0.7933333333333333, 0.8, 0.81, 0.81, 0.8133333333333334, 0.82, 0.82, 0.8233333333333334, 0.8233333333333334, 0.8266666666666667, 0.8333333333333334, 0.8333333333333334, 0.8466666666666667, 0.8466666666666667, 0.85, 0.85, 0.8566666666666667, 0.8566666666666667, 0.86, 0.86, 0.8633333333333333, 0.8633333333333333, 0.8733333333333333, 0.8733333333333333, 0.8766666666666667, 0.88, 0.88, 0.8833333333333333, 0.8833333333333333, 0.89, 0.89, 0.8933333333333333, 0.8933333333333333, 0.8966666666666666, 0.8966666666666666, 0.9, 0.9, 0.9033333333333333, 0.9033333333333333, 0.9066666666666666, 0.9066666666666666, 0.9133333333333333, 0.9133333333333333, 0.9133333333333333, 0.92, 0.92, 0.92, 0.92, 0.9266666666666666, 0.9266666666666666, 0.9266666666666666, 0.9266666666666666, 0.93, 0.93, 0.9333333333333333, 0.9333333333333333, 0.9366666666666666, 0.9366666666666666, 0.94, 0.94, 0.9466666666666667, 0.9466666666666667, 0.9533333333333334, 0.9533333333333334, 0.9533333333333334, 0.9533333333333334, 0.9533333333333334, 0.9533333333333334, 0.96, 0.96, 0.9633333333333334, 0.9633333333333334, 0.9633333333333334, 0.97, 0.97, 0.9733333333333334, 0.9733333333333334, 0.9766666666666667, 0.9766666666666667, 0.98, 0.98, 0.9833333333333333, 0.9833333333333333, 0.9833333333333333, 0.9833333333333333, 0.9833333333333333, 0.9833333333333333, 0.9833333333333333, 0.99, 0.99, 0.9966666666666667, 0.9966666666666667, 1.0, 1.0]
  - Thresholds: [0.999920682651664, 0.9623912619447035, 0.9616095314034824, 0.9510708851534369, 0.9508624128830957, 0.9503194560726104, 0.9499058118999537, 0.9447123571959523, 0.9444078496049158, 0.9431599026113349, 0.9423303959616288, 0.9422873966674568, 0.9280353485797374, 0.9245654465856904, 0.9155878330582977, 0.9130713059812984, 0.8969280953016285, 0.896851459990875, 0.8600164289601018, 0.8597938008356263, 0.859157639601582, 0.8574179156714042, 0.8498277033014365, 0.8449190165916438, 0.8423620294188142, 0.8405018362220222, 0.833108649738182, 0.826511159610902, 0.7933742727647572, 0.7916033151895596, 0.7867249364974036, 0.785817756533045, 0.7578955414398462, 0.7578955414398455, 0.7578955414398448, 0.7531002011582068, 0.7427465131677439, 0.7421926793855714, 0.7419490598964663, 0.7417380982715235, 0.7396793286084963, 0.7393912219514439, 0.7366966638669794, 0.7284491450491427, 0.7247641574343059, 0.718862805521849, 0.7126545549691654, 0.704298998478054, 0.6848516884999775, 0.6835410073793706, 0.6813110892849569, 0.6795178103406253, 0.6748069413147691, 0.662386688447576, 0.6585232115356662, 0.6581172737920282, 0.649981061132782, 0.6474038463066829, 0.6415350123008932, 0.6374579048739858, 0.6348939968823736, 0.627885067492583, 0.624911775260193, 0.6223498885830527, 0.6154491908832804, 0.611923309799172, 0.6105434563055282, 0.6050400628115631, 0.6043606323355433, 0.6013806565164798, 0.5995038115346143, 0.5965739080948563, 0.5950575115650892, 0.5933282964679237, 0.5846205791616138, 0.5742096879146178, 0.5696783253628231, 0.5687744304970845, 0.5686590037915225, 0.5670521606230928, 0.5664266188779105, 0.5660110528015044, 0.5653909166154537, 0.5619456571709662, 0.559853774945718, 0.5500381538532193, 0.5333943118914545, 0.5214392936532498, 0.5203878252543898, 0.5194073853162023, 0.5175129901836215, 0.5160762853132512, 0.5135058940985517, 0.5089429510396478, 0.5065877878176284, 0.5031512254984041, 0.49799663120965987, 0.49554820721167814, 0.49448291568131764, 0.4937243354345279, 0.49253455703177496, 0.4854357314201186, 0.4853122225534571, 0.48114281873786346, 0.4667960069187901, 0.46446449271796875, 0.46446449271796836, 0.4542470089194675, 0.44833525296306037, 0.44441433925183477, 0.4377913505989293, 0.4368058371254435, 0.43666149234653107, 0.4316776368621952, 0.4314012748584131, 0.4286977137868037, 0.42255889465945734, 0.40443810748954856, 0.38687470728856826, 0.38558529844278, 0.3782896563028734, 0.37291033106395305, 0.37123302929405433, 0.36704303922559756, 0.3613405218067206, 0.36123601954310264, 0.35152435792313347, 0.3458149707767475, 0.33190544326450805, 0.330814128656283, 0.3287785151953769, 0.32572028901711086, 0.32499173273075144, 0.32202225317241145, 0.32135325577679397, 0.3140268000560159, 0.31322193014353994, 0.3017720390370016, 0.2990466286012425, 0.2980116459229348, 0.297473243886965, 0.2811188686214588, 0.2773800872028959, 0.25822199157216486, 0.2571009728750757, 0.24867757960707856, 0.23620654200045954, 0.2355887509530171, 0.2327092761995632, 0.228483227660556, 0.22520393254683144, 0.22368261796116662, 0.21722959520041443, 0.21139331878228912, 0.20687908460841872, 0.20550926722025128, 0.19792397251326738, 0.1965126115455702, 0.18939463460632466, 0.18835149499695655, 0.18363031409609767, 0.17823940161725893, 0.1722507984037093, 0.1679262054815929, 0.16000183262155382, 0.15417048104338854, 0.15323932329198867, 0.15216814215198854, 0.1473980413352284, 0.14697717767703858, 0.1257090612423795, 0.12407316188304708, 0.11728861283714809, 0.11394464779631466, 0.08906443997085768, 0.08857829703471239, 0.08787427761358357, 0.08736111045710455, 0.08370822997721444, 0.0825887081491739, 0.08166449450357124, 0.07447315251945423, 0.07263172968057206, 0.0691658322523676, 0.0682130867774622, 0.0495436366641387, 0.04946850405178607, 0.04756813545601491, 0.04534674267372598, 0.025373881298193554, 0.024857869543028387, 0.018134219197864513, 0.017636369676917996, 0.017310521594031562, 0.016448813127877625, 0.014992720078825121, 0.002094277953857936, 0.0019492588450959187, 0.0010297007283702963]
  - AUC: 0.85495
  - F1: 0.76660988075
================================

Running model 'mnb' on train data 'default.txt5.train' and test data 'default.txt5.test'
------------------------------------------------------------------------
Classifying line:
  1	Doesn't Work.	0
  words = [work]
  predicted label = 0.637421093695, expected label = 0
------------------------------------------------------------------------
Classifying line:
  2	Unfortunately it did not work.	0
  words = [unfortun, work, unfortun work]
  predicted label = 0.40274277699, expected label = 0
------------------------------------------------------------------------
Classifying line:
  3	All three broke within two months of use.	0
  words = [three, broke, within, two, month, use, three broke, broke within, within two, two month, month use]
  predicted label = 0.215783126385, expected label = 0
------------------------------------------------------------------------
Classifying line:
  4	dont buy it.	0
  words = [dont, buy, dont buy]
  predicted label = 0.0392632989632, expected label = 0
------------------------------------------------------------------------
Classifying line:
  5	My father has the V265, and the battery is dying.	0
  words = [father, batteri, die, father batteri, batteri die]
  predicted label = 0.557244470428, expected label = 0
------------------------------------------------------------------------
Classifying line:
  6	However, the ear pads come off easily and after only one week I lost one.	0
  words = [howev, ear, pad, come, easili, one, week, lost, one, howev ear, ear pad, pad come, come easili, easili one, one week, week lost, lost one]
  predicted label = 0.49647108966, expected label = 0
------------------------------------------------------------------------
Classifying line:
  7	The calls drop, the phone comes on and off at will, the screen goes black and the worst of all it stops ringing intermittently.	0
  words = [call, drop, phone, come, screen, go, black, worst, stop, ring, intermitt, call drop, drop phone, phone come, come screen, screen go, go black, black worst, worst stop, stop ring, ring intermitt]
  predicted label = 0.0177198305598, expected label = 0
------------------------------------------------------------------------
Classifying line:
  8	Horrible, horrible protector.	0
  words = [horribl, horribl, protector, horribl horribl, horribl protector]
  predicted label = 0.0112247708188, expected label = 0
------------------------------------------------------------------------
Classifying line:
  9	I don't like this Nokia either.	0
  words = [like, nokia, either, like nokia, nokia either]
  predicted label = 0.421524776548, expected label = 0
------------------------------------------------------------------------
Classifying line:
  10	Reaching for the bottom row is uncomfortable, and the send and end keys are not where I expect them to be.3.	0
  words = [reach, bottom, row, uncomfort, send, end, key, expect, reach bottom, bottom row, row uncomfort, uncomfort send, send end, end key, key expect]
  predicted label = 0.0999018896248, expected label = 0

================================
You guessed 461/600 = 76.8333333333% correct.
  - False positive rate: [0.0, 0.0, 0.0033333333333333335, 0.0033333333333333335, 0.0033333333333333335, 0.0033333333333333335, 0.0033333333333333335, 0.006666666666666667, 0.006666666666666667, 0.01, 0.01, 0.01, 0.01, 0.01, 0.01, 0.01, 0.01, 0.01, 0.01, 0.013333333333333334, 0.013333333333333334, 0.013333333333333334, 0.013333333333333334, 0.016666666666666666, 0.016666666666666666, 0.02, 0.02, 0.023333333333333334, 0.023333333333333334, 0.02666666666666667, 0.02666666666666667, 0.03, 0.03, 0.03333333333333333, 0.03333333333333333, 0.03333333333333333, 0.03666666666666667, 0.03666666666666667, 0.04, 0.04, 0.04666666666666667, 0.04666666666666667, 0.05, 0.05, 0.05333333333333334, 0.05333333333333334, 0.056666666666666664, 0.056666666666666664, 0.056666666666666664, 0.06333333333333334, 0.06333333333333334, 0.07, 0.07, 0.07666666666666666, 0.07666666666666666, 0.08666666666666667, 0.08666666666666667, 0.09333333333333334, 0.09333333333333334, 0.09666666666666666, 0.09666666666666666, 0.1, 0.1, 0.10666666666666667, 0.10666666666666667, 0.11333333333333333, 0.11333333333333333, 0.11666666666666667, 0.12, 0.12, 0.13, 0.13, 0.13666666666666666, 0.13666666666666666, 0.14, 0.14, 0.14333333333333334, 0.14333333333333334, 0.14666666666666667, 0.15333333333333332, 0.15333333333333332, 0.15666666666666668, 0.15666666666666668, 0.16333333333333333, 0.16333333333333333, 0.17, 0.17, 0.18, 0.18, 0.18333333333333332, 0.18333333333333332, 0.18666666666666668, 0.18666666666666668, 0.19333333333333333, 0.19333333333333333, 0.19666666666666666, 0.19666666666666666, 0.2, 0.2, 0.20666666666666667, 0.20666666666666667, 0.21333333333333335, 0.23666666666666666, 0.24666666666666667, 0.25, 0.25, 0.25333333333333335, 0.25333333333333335, 0.26666666666666666, 0.27, 0.27, 0.2733333333333333, 0.2733333333333333, 0.28, 0.28, 0.2866666666666667, 0.2866666666666667, 0.29333333333333333, 0.2966666666666667, 0.3, 0.3, 0.30666666666666664, 0.30666666666666664, 0.3233333333333333, 0.3233333333333333, 0.32666666666666666, 0.32666666666666666, 0.3333333333333333, 0.34, 0.34, 0.3466666666666667, 0.3466666666666667, 0.3566666666666667, 0.3566666666666667, 0.36333333333333334, 0.36333333333333334, 0.36666666666666664, 0.37, 0.3933333333333333, 0.3933333333333333, 0.39666666666666667, 0.39666666666666667, 0.4, 0.4, 0.4033333333333333, 0.4033333333333333, 0.42, 0.42, 0.43, 0.43, 0.43666666666666665, 0.43666666666666665, 0.44, 0.44, 0.45, 0.45, 0.48, 0.48, 0.48333333333333334, 0.49333333333333335, 0.49666666666666665, 0.49666666666666665, 0.5033333333333333, 0.5033333333333333, 0.51, 0.51, 0.52, 0.5266666666666666, 0.5266666666666666, 0.55, 0.55, 0.5833333333333334, 0.5833333333333334, 0.5866666666666667, 0.5866666666666667, 0.59, 0.5966666666666667, 0.5966666666666667, 0.64, 0.6466666666666666, 0.6533333333333333, 0.6533333333333333, 0.6633333333333333, 0.6633333333333333, 0.67, 0.67, 0.6766666666666666, 0.6766666666666666, 0.6933333333333334, 0.6933333333333334, 0.7033333333333334, 0.71, 0.72, 0.72, 0.7366666666666667, 0.7366666666666667, 0.74, 0.74, 0.75, 0.75, 0.8, 0.8, 0.8033333333333333, 0.81, 0.84, 0.84, 0.86, 0.86, 0.8666666666666667, 0.8733333333333333, 0.91, 0.9166666666666666, 0.9266666666666666, 0.9266666666666666, 0.94, 0.94, 0.9466666666666667, 0.9466666666666667, 0.9833333333333333, 0.9833333333333333, 1.0]
  - True positive rate: [0.0033333333333333335, 0.17333333333333334, 0.17333333333333334, 0.18, 0.20666666666666667, 0.21333333333333335, 0.23666666666666666, 0.23666666666666666, 0.24333333333333335, 0.24333333333333335, 0.25, 0.25666666666666665, 0.27, 0.28, 0.2833333333333333, 0.29, 0.30666666666666664, 0.31333333333333335, 0.36666666666666664, 0.36666666666666664, 0.3933333333333333, 0.4033333333333333, 0.43333333333333335, 0.43333333333333335, 0.43666666666666665, 0.44, 0.46, 0.46, 0.4633333333333333, 0.4633333333333333, 0.47, 0.47, 0.48333333333333334, 0.48333333333333334, 0.5033333333333333, 0.51, 0.51, 0.5133333333333333, 0.5133333333333333, 0.5266666666666666, 0.5266666666666666, 0.54, 0.54, 0.5433333333333333, 0.5433333333333333, 0.5533333333333333, 0.5533333333333333, 0.5566666666666666, 0.5633333333333334, 0.5633333333333334, 0.57, 0.57, 0.58, 0.58, 0.59, 0.59, 0.6, 0.6, 0.6033333333333334, 0.6033333333333334, 0.6066666666666667, 0.6066666666666667, 0.6166666666666667, 0.6166666666666667, 0.62, 0.62, 0.6233333333333333, 0.6266666666666667, 0.6266666666666667, 0.63, 0.6366666666666667, 0.6466666666666666, 0.6466666666666666, 0.65, 0.65, 0.6633333333333333, 0.6633333333333333, 0.6666666666666666, 0.67, 0.67, 0.6766666666666666, 0.6766666666666666, 0.6866666666666666, 0.6866666666666666, 0.6933333333333334, 0.6933333333333334, 0.6966666666666667, 0.6966666666666667, 0.7166666666666667, 0.7166666666666667, 0.7233333333333334, 0.7233333333333334, 0.73, 0.73, 0.74, 0.74, 0.7433333333333333, 0.7433333333333333, 0.7466666666666667, 0.7466666666666667, 0.7533333333333333, 0.7533333333333333, 0.7733333333333333, 0.7733333333333333, 0.7833333333333333, 0.79, 0.79, 0.7933333333333333, 0.7933333333333333, 0.7966666666666666, 0.8, 0.8, 0.8066666666666666, 0.8066666666666666, 0.81, 0.81, 0.8133333333333334, 0.8133333333333334, 0.8166666666666667, 0.8166666666666667, 0.83, 0.83, 0.8333333333333334, 0.8333333333333334, 0.84, 0.84, 0.8433333333333334, 0.8433333333333334, 0.8433333333333334, 0.8466666666666667, 0.8466666666666667, 0.8533333333333334, 0.8533333333333334, 0.8633333333333333, 0.8633333333333333, 0.8666666666666667, 0.8666666666666667, 0.87, 0.87, 0.8733333333333333, 0.8733333333333333, 0.8766666666666667, 0.8766666666666667, 0.88, 0.88, 0.8833333333333333, 0.8833333333333333, 0.8866666666666667, 0.8866666666666667, 0.89, 0.89, 0.8933333333333333, 0.8933333333333333, 0.9, 0.9, 0.9033333333333333, 0.9033333333333333, 0.9066666666666666, 0.9066666666666666, 0.9066666666666666, 0.9066666666666666, 0.91, 0.91, 0.9133333333333333, 0.9133333333333333, 0.9166666666666666, 0.9166666666666666, 0.9166666666666666, 0.92, 0.92, 0.9233333333333333, 0.9233333333333333, 0.93, 0.93, 0.9333333333333333, 0.9333333333333333, 0.9333333333333333, 0.94, 0.94, 0.94, 0.94, 0.9466666666666667, 0.9466666666666667, 0.95, 0.95, 0.9533333333333334, 0.9533333333333334, 0.9566666666666667, 0.9566666666666667, 0.96, 0.96, 0.96, 0.96, 0.9633333333333334, 0.9633333333333334, 0.9666666666666667, 0.9666666666666667, 0.97, 0.97, 0.9733333333333334, 0.9733333333333334, 0.9766666666666667, 0.9766666666666667, 0.9766666666666667, 0.9766666666666667, 0.98, 0.98, 0.9833333333333333, 0.9833333333333333, 0.9833333333333333, 0.9833333333333333, 0.9833333333333333, 0.9833333333333333, 0.9866666666666667, 0.9866666666666667, 0.9933333333333333, 0.9933333333333333, 0.9966666666666667, 0.9966666666666667, 1.0, 1.0]
  - Thresholds: [0.9999036278240289, 0.9561375162129208, 0.9557650971218028, 0.955226853438539, 0.9511321247825575, 0.9504420660772448, 0.9441672414809381, 0.9409507592450643, 0.9393668408475718, 0.9389395301330756, 0.9369766082213302, 0.9363561887500734, 0.9291787700659657, 0.9287815968971518, 0.9263275525689151, 0.9259565294699758, 0.9203807687703429, 0.9200450450450453, 0.8921920216000903, 0.8892199188230618, 0.8758385728713906, 0.8703393699589104, 0.8583237902392185, 0.8583169206551058, 0.8570584412408323, 0.8519290928050052, 0.8344294206878031, 0.829124956386922, 0.826271721634449, 0.8227898630417938, 0.8209441292968279, 0.8162596144952858, 0.7975846875814451, 0.7915404100738361, 0.7760083048791548, 0.7750847639396469, 0.7746251267463019, 0.7740747981862314, 0.773923413940794, 0.7664326225884955, 0.7643078731316444, 0.7591993966801308, 0.7581672485188307, 0.7551570007940667, 0.7545391330794468, 0.7540031733043017, 0.7536298452568677, 0.7534970647722506, 0.7522655682093534, 0.7456404121448226, 0.740146025468382, 0.7301222384577641, 0.7271379984581956, 0.7204227428847632, 0.7139099200034023, 0.7070679357831003, 0.698913530904829, 0.6969305799517006, 0.6958422670256093, 0.6958272106548278, 0.6954915057831637, 0.6919505857848058, 0.681283554529291, 0.6595949330667128, 0.6572807723250206, 0.6555428616401395, 0.6481304666145629, 0.6470459225323796, 0.6467218690526264, 0.6416703449357201, 0.6374210936945883, 0.6291224744444699, 0.6257301477159963, 0.6252718570980786, 0.616736925456694, 0.5959584081225209, 0.5909837825335905, 0.589891696750903, 0.5898916967509026, 0.5865881462356628, 0.5828619461076964, 0.5819822629767955, 0.5772897657594879, 0.5751495952129532, 0.5660517396323338, 0.5611263736263737, 0.5608083397047489, 0.54963959634791, 0.5475035901213683, 0.5464907145355083, 0.5347560294635808, 0.5326563030809944, 0.5295561790057902, 0.5265691393158812, 0.5221454524045851, 0.517906188112338, 0.5147971727413228, 0.51383492346973, 0.5124624475916941, 0.5096140037650552, 0.5067159822727256, 0.503278039336472, 0.5, 0.4928308544904316, 0.489514679448772, 0.48276133281813194, 0.47903857705615005, 0.47763411359960445, 0.47280368394257627, 0.47229333553555203, 0.47201193323098883, 0.47136473815875257, 0.4687860739533049, 0.4670562923241599, 0.4668319168949393, 0.4622850924918388, 0.46157634877202686, 0.4562425209413644, 0.4511319712865822, 0.44975072955150186, 0.4420267968839691, 0.4368899121820441, 0.42956254160088253, 0.418330773169483, 0.4149157432130749, 0.4140302613480058, 0.4121273795118362, 0.4081600331669888, 0.4004542321357505, 0.3907177894477326, 0.3899761336515515, 0.3747362627281904, 0.36522127849798863, 0.3604514785750135, 0.3595159515951596, 0.3582306965322904, 0.3555524897340856, 0.35520032363529647, 0.3434216057166878, 0.34288938296507865, 0.34051801131289117, 0.33672207720840786, 0.3360119391979384, 0.3340795401546918, 0.3250677882187678, 0.32034766241714846, 0.3093804100535645, 0.305978208083276, 0.3002652852972082, 0.2988295537673737, 0.29268015692299737, 0.2909468525648956, 0.2878188829135373, 0.27712297805308794, 0.26999516564192994, 0.26940542174079846, 0.2534628147784739, 0.25343437553139064, 0.25333071240057214, 0.25286289074589907, 0.25012250218334353, 0.24816945124727102, 0.2445502706316074, 0.24347579633530178, 0.24221761043581413, 0.23637826962134373, 0.22647792308485928, 0.22340716434235716, 0.2227613450801975, 0.20049910832747395, 0.19955975480410376, 0.1733955373474423, 0.1698822412915001, 0.1681552395436727, 0.16541123820107675, 0.1616394675412266, 0.16092180421508775, 0.1589198011740888, 0.13630334363882962, 0.13603631157643853, 0.13160632133737912, 0.12450930953632319, 0.1206175995386792, 0.11879679514451194, 0.11525919060477521, 0.11390833461578528, 0.11081445038862209, 0.1066123302117525, 0.09405494519939507, 0.09269875878829989, 0.08800328358698396, 0.087501338759773, 0.08511423420172716, 0.08186659903004574, 0.07863404052571252, 0.07561634416762819, 0.07454977624908814, 0.07330496466117693, 0.0699044601875965, 0.06903607482396855, 0.05310309399311231, 0.05082459812536195, 0.05061512087959147, 0.05057883984399184, 0.04172648879604975, 0.03981745565230903, 0.035229044739022816, 0.03418746282606034, 0.032934938190094035, 0.026925912893864704, 0.020786171948164546, 0.0193234179454373, 0.016475651778108544, 0.014443038627936595, 0.013232859883899793, 0.0125123032422718, 0.011224770818774155, 0.010735922129309905, 0.0018555861250548306, 0.001387329593636564, 0.00014589596071362936]
  - AUC: 0.851661111111
  - F1: 0.769485903814
================================

Running model 'dt' on train data 'default.txt5.train' and test data 'default.txt5.test'
Best hyperparameters were: {'max_features': 'auto', 'min_samples_leaf': 1}
------------------------------------------------------------------------
Classifying line:
  1	Doesn't Work.	0
  words = [work]
  predicted label = 0.846153846154, expected label = 0
------------------------------------------------------------------------
Classifying line:
  2	Unfortunately it did not work.	0
  words = [unfortun, work, unfortun work]
  predicted label = 0.846153846154, expected label = 0
------------------------------------------------------------------------
Classifying line:
  3	All three broke within two months of use.	0
  words = [three, broke, within, two, month, use, three broke, broke within, within two, two month, month use]
  predicted label = 0.0, expected label = 0
------------------------------------------------------------------------
Classifying line:
  4	dont buy it.	0
  words = [dont, buy, dont buy]
  predicted label = 0.0, expected label = 0
------------------------------------------------------------------------
Classifying line:
  5	My father has the V265, and the battery is dying.	0
  words = [father, batteri, die, father batteri, batteri die]
  predicted label = 0.0, expected label = 0
------------------------------------------------------------------------
Classifying line:
  6	However, the ear pads come off easily and after only one week I lost one.	0
  words = [howev, ear, pad, come, easili, one, week, lost, one, howev ear, ear pad, pad come, come easili, easili one, one week, week lost, lost one]
  predicted label = 0.0, expected label = 0
------------------------------------------------------------------------
Classifying line:
  7	The calls drop, the phone comes on and off at will, the screen goes black and the worst of all it stops ringing intermittently.	0
  words = [call, drop, phone, come, screen, go, black, worst, stop, ring, intermitt, call drop, drop phone, phone come, come screen, screen go, go black, black worst, worst stop, stop ring, ring intermitt]
  predicted label = 0.0, expected label = 0
------------------------------------------------------------------------
Classifying line:
  8	Horrible, horrible protector.	0
  words = [horribl, horribl, protector, horribl horribl, horribl protector]
  predicted label = 0.0, expected label = 0
------------------------------------------------------------------------
Classifying line:
  9	I don't like this Nokia either.	0
  words = [like, nokia, either, like nokia, nokia either]
  predicted label = 0.666666666667, expected label = 0
------------------------------------------------------------------------
Classifying line:
  10	Reaching for the bottom row is uncomfortable, and the send and end keys are not where I expect them to be.3.	0
  words = [reach, bottom, row, uncomfort, send, end, key, expect, reach bottom, bottom row, row uncomfort, uncomfort send, send end, end key, key expect]
  predicted label = 0.0, expected label = 0

================================
You guessed 438/600 = 73.0% correct.
  - False positive rate: [0.0, 0.17333333333333334, 0.17333333333333334, 0.18666666666666668, 0.18666666666666668, 0.19, 0.20333333333333334, 0.20333333333333334, 0.21, 0.23666666666666666, 0.2633333333333333, 0.3, 0.30333333333333334, 0.31, 0.31666666666666665, 0.34, 0.3433333333333333, 0.36666666666666664, 1.0]
  - True positive rate: [0.0, 0.5966666666666667, 0.63, 0.6433333333333333, 0.66, 0.6633333333333333, 0.6833333333333333, 0.7066666666666667, 0.7066666666666667, 0.71, 0.7233333333333334, 0.75, 0.7533333333333333, 0.7533333333333333, 0.76, 0.7766666666666666, 0.7766666666666666, 0.7766666666666666, 1.0]
  - Thresholds: [2.0, 1.0, 0.967741935483871, 0.8461538461538461, 0.8333333333333334, 0.8, 0.7857142857142857, 0.75, 0.7142857142857143, 0.6666666666666666, 0.5, 0.43946188340807174, 0.4, 0.375, 0.3333333333333333, 0.25, 0.2, 0.16666666666666666, 0.0]
  - AUC: 0.754927777778
  - F1: 0.728187919463
================================

Running model 'rf' on train data 'default.txt5.train' and test data 'default.txt5.test'
Best hyperparameters were: {'n_estimators': 10}
------------------------------------------------------------------------
Classifying line:
  1	Doesn't Work.	0
  words = [work]
  predicted label = 0.592221067054, expected label = 0
------------------------------------------------------------------------
Classifying line:
  2	Unfortunately it did not work.	0
  words = [unfortun, work, unfortun work]
  predicted label = 0.592221067054, expected label = 0
------------------------------------------------------------------------
Classifying line:
  3	All three broke within two months of use.	0
  words = [three, broke, within, two, month, use, three broke, broke within, within two, two month, month use]
  predicted label = 0.319969908107, expected label = 0
------------------------------------------------------------------------
Classifying line:
  4	dont buy it.	0
  words = [dont, buy, dont buy]
  predicted label = 0.259074612078, expected label = 0
------------------------------------------------------------------------
Classifying line:
  5	My father has the V265, and the battery is dying.	0
  words = [father, batteri, die, father batteri, batteri die]
  predicted label = 0.488333889465, expected label = 0
------------------------------------------------------------------------
Classifying line:
  6	However, the ear pads come off easily and after only one week I lost one.	0
  words = [howev, ear, pad, come, easili, one, week, lost, one, howev ear, ear pad, pad come, come easili, easili one, one week, week lost, lost one]
  predicted label = 0.440891769252, expected label = 0
------------------------------------------------------------------------
Classifying line:
  7	The calls drop, the phone comes on and off at will, the screen goes black and the worst of all it stops ringing intermittently.	0
  words = [call, drop, phone, come, screen, go, black, worst, stop, ring, intermitt, call drop, drop phone, phone come, come screen, screen go, go black, black worst, worst stop, stop ring, ring intermitt]
  predicted label = 0.064593837535, expected label = 0
------------------------------------------------------------------------
Classifying line:
  8	Horrible, horrible protector.	0
  words = [horribl, horribl, protector, horribl horribl, horribl protector]
  predicted label = 0.434017839824, expected label = 0
------------------------------------------------------------------------
Classifying line:
  9	I don't like this Nokia either.	0
  words = [like, nokia, either, like nokia, nokia either]
  predicted label = 0.471664984203, expected label = 0
------------------------------------------------------------------------
Classifying line:
  10	Reaching for the bottom row is uncomfortable, and the send and end keys are not where I expect them to be.3.	0
  words = [reach, bottom, row, uncomfort, send, end, key, expect, reach bottom, bottom row, row uncomfort, uncomfort send, send end, end key, key expect]
  predicted label = 0.434017839824, expected label = 0

================================
You guessed 423/600 = 70.5% correct.
  - False positive rate: [0.0, 0.0033333333333333335, 0.0033333333333333335, 0.0033333333333333335, 0.006666666666666667, 0.006666666666666667, 0.013333333333333334, 0.013333333333333334, 0.013333333333333334, 0.013333333333333334, 0.013333333333333334, 0.013333333333333334, 0.013333333333333334, 0.013333333333333334, 0.043333333333333335, 0.043333333333333335, 0.05333333333333334, 0.05333333333333334, 0.056666666666666664, 0.06, 0.06333333333333334, 0.06333333333333334, 0.06333333333333334, 0.08333333333333333, 0.08333333333333333, 0.08333333333333333, 0.08333333333333333, 0.08666666666666667, 0.08666666666666667, 0.10333333333333333, 0.11, 0.11, 0.11, 0.11666666666666667, 0.12, 0.12, 0.12666666666666668, 0.13333333333333333, 0.13333333333333333, 0.14, 0.14, 0.15, 0.15, 0.15, 0.15666666666666668, 0.15666666666666668, 0.16, 0.16, 0.16, 0.16, 0.16, 0.16666666666666666, 0.18333333333333332, 0.2, 0.21, 0.21333333333333335, 0.21333333333333335, 0.23, 0.23666666666666666, 0.23666666666666666, 0.23666666666666666, 0.24, 0.24, 0.25, 0.25666666666666665, 0.25666666666666665, 0.2633333333333333, 0.2633333333333333, 0.26666666666666666, 0.26666666666666666, 0.2733333333333333, 0.28, 0.29, 0.29, 0.29, 0.29, 0.2966666666666667, 0.5333333333333333, 0.5333333333333333, 0.54, 0.54, 0.5433333333333333, 0.5433333333333333, 0.5466666666666666, 0.56, 0.5633333333333334, 0.5666666666666667, 0.57, 0.5733333333333334, 0.58, 0.5933333333333334, 0.5966666666666667, 0.5966666666666667, 0.6033333333333334, 0.6066666666666667, 0.6133333333333333, 0.6166666666666667, 0.62, 0.6233333333333333, 0.6233333333333333, 0.6266666666666667, 0.6266666666666667, 0.6333333333333333, 0.6366666666666667, 0.6366666666666667, 0.66, 0.67, 0.67, 0.67, 0.67, 0.6766666666666666, 0.6833333333333333, 0.6866666666666666, 0.6866666666666666, 0.6933333333333334, 0.6966666666666667, 0.6966666666666667, 0.7133333333333334, 0.7133333333333334, 0.72, 0.73, 0.73, 0.7333333333333333, 0.7333333333333333, 0.7366666666666667, 0.7366666666666667, 0.7433333333333333, 0.7433333333333333, 0.7466666666666667, 0.7466666666666667, 0.76, 0.76, 0.77, 0.77, 0.7733333333333333, 0.78, 0.7866666666666666, 0.8066666666666666, 0.8133333333333334, 0.8133333333333334, 0.8233333333333334, 0.8233333333333334, 0.83, 0.83, 0.8366666666666667, 0.8433333333333334, 0.8533333333333334, 0.8533333333333334, 0.86, 0.8666666666666667, 0.8733333333333333, 0.9, 0.9, 0.9066666666666666, 0.9166666666666666, 0.92, 0.9366666666666666, 0.9366666666666666, 0.9433333333333334, 0.9833333333333333, 0.99, 1.0]
  - True positive rate: [0.03, 0.13333333333333333, 0.13666666666666666, 0.16, 0.21, 0.21333333333333335, 0.23666666666666666, 0.24, 0.25333333333333335, 0.25666666666666665, 0.2633333333333333, 0.27, 0.27666666666666667, 0.2833333333333333, 0.37, 0.37666666666666665, 0.37666666666666665, 0.38666666666666666, 0.38666666666666666, 0.39, 0.39, 0.39666666666666667, 0.41333333333333333, 0.44333333333333336, 0.45, 0.46, 0.4766666666666667, 0.4766666666666667, 0.48333333333333334, 0.49666666666666665, 0.49666666666666665, 0.5, 0.51, 0.51, 0.5133333333333333, 0.52, 0.52, 0.52, 0.5233333333333333, 0.5233333333333333, 0.53, 0.5366666666666666, 0.5433333333333333, 0.55, 0.55, 0.5533333333333333, 0.5533333333333333, 0.56, 0.5633333333333334, 0.5733333333333334, 0.5766666666666667, 0.5766666666666667, 0.5866666666666667, 0.5866666666666667, 0.5866666666666667, 0.5866666666666667, 0.5933333333333334, 0.6, 0.6, 0.61, 0.6166666666666667, 0.6166666666666667, 0.6233333333333333, 0.6266666666666667, 0.6266666666666667, 0.6333333333333333, 0.6333333333333333, 0.64, 0.6433333333333333, 0.6466666666666666, 0.6466666666666666, 0.6466666666666666, 0.6466666666666666, 0.6533333333333333, 0.6666666666666666, 0.67, 0.67, 0.8, 0.8066666666666666, 0.8066666666666666, 0.81, 0.81, 0.8133333333333334, 0.8133333333333334, 0.8133333333333334, 0.8133333333333334, 0.8166666666666667, 0.8166666666666667, 0.82, 0.82, 0.8266666666666667, 0.8266666666666667, 0.83, 0.8333333333333334, 0.84, 0.85, 0.85, 0.8566666666666667, 0.8566666666666667, 0.86, 0.86, 0.8633333333333333, 0.8666666666666667, 0.8666666666666667, 0.87, 0.87, 0.87, 0.8733333333333333, 0.88, 0.8833333333333333, 0.8833333333333333, 0.8866666666666667, 0.8866666666666667, 0.8933333333333333, 0.9, 0.9, 0.9033333333333333, 0.9033333333333333, 0.91, 0.9166666666666666, 0.9166666666666666, 0.9233333333333333, 0.9266666666666666, 0.93, 0.93, 0.9333333333333333, 0.9333333333333333, 0.94, 0.9433333333333334, 0.9466666666666667, 0.9466666666666667, 0.95, 0.95, 0.9533333333333334, 0.9566666666666667, 0.9566666666666667, 0.9566666666666667, 0.9633333333333334, 0.9633333333333334, 0.9666666666666667, 0.9666666666666667, 0.9733333333333334, 0.9733333333333334, 0.9766666666666667, 0.9833333333333333, 0.9833333333333333, 0.9833333333333333, 0.9866666666666667, 0.9866666666666667, 0.9866666666666667, 0.99, 0.99, 0.9933333333333333, 0.9933333333333333, 0.9933333333333333, 0.9933333333333333, 0.9933333333333333, 0.9966666666666667, 0.9966666666666667, 1.0, 1.0, 1.0]
  - Thresholds: [0.9712167112167112, 0.9639258464791414, 0.9564471637276721, 0.9542159852083125, 0.943190102228666, 0.9273597320336829, 0.8663987366674502, 0.8453193705519286, 0.8196068916016988, 0.7985121534214972, 0.7763352137461054, 0.7560002855164403, 0.7524188513858726, 0.743834212025503, 0.7425138764712118, 0.7250629737691254, 0.6913449068661836, 0.6578990166364287, 0.6537011177223336, 0.6534284284011346, 0.6524983790719086, 0.6494248828702488, 0.6389172358899421, 0.638835835808542, 0.6339751881735871, 0.6333038243351441, 0.6106538857806605, 0.6056081656510424, 0.5968873655992021, 0.5922210670537242, 0.5901028923387563, 0.5893780297137828, 0.5865533732512475, 0.575404850882692, 0.5727341408932877, 0.5503468477051732, 0.5367213152176855, 0.5351701958409587, 0.5341819400542706, 0.531436753328234, 0.5290398291267379, 0.5249812706618515, 0.5192213152176854, 0.5172058835138263, 0.5088864149011477, 0.5078935092032956, 0.50599831753656, 0.5059897144589179, 0.5058800676692465, 0.5054518730949176, 0.5045847453654878, 0.5034401693489594, 0.4977483800256546, 0.4911572656012077, 0.4883338894651958, 0.4869325536651119, 0.48538742647823485, 0.4849469909445515, 0.4776394697054954, 0.4767067800875896, 0.47608750804465777, 0.4759098674477131, 0.47363779231816244, 0.4716649842032267, 0.47006544367067427, 0.4680302620697325, 0.4650353530808311, 0.4643416944844482, 0.4627618011767577, 0.4623429884473527, 0.4586978200982756, 0.45652392254916146, 0.4551381270296077, 0.4534810332737124, 0.4496280667410601, 0.4449567152923158, 0.43810070800606543, 0.4340178398241007, 0.4315342698904807, 0.43143521748719477, 0.4312206073466952, 0.4287997332470139, 0.4275040865701783, 0.4274241436638019, 0.4241626364728203, 0.42385579272042984, 0.4218441502044031, 0.41714950320148053, 0.4146848780998346, 0.4141865670935438, 0.4140629081704133, 0.4132913255366549, 0.40916467051178407, 0.40860725588249486, 0.40773053064205467, 0.4073349164472386, 0.4048171231773761, 0.3977947781567429, 0.3968073814918135, 0.39396481900116315, 0.39357856333831254, 0.3910593145304099, 0.38958291912622206, 0.3890809481932703, 0.3836106068364133, 0.36793019577643793, 0.36751483238327726, 0.3652402060114826, 0.3641044720776784, 0.3638098302940882, 0.35416373418122876, 0.3536289025862921, 0.3528992086314827, 0.3506221989864587, 0.3473737542609456, 0.3473225246909696, 0.34653617711106294, 0.34554323051348845, 0.3434253781131672, 0.34186246117614094, 0.3408978645571936, 0.33753721847500756, 0.3367250900766059, 0.3345001069105928, 0.33445443421420396, 0.33434323336535515, 0.329327035934541, 0.3276581935063467, 0.3276255096138806, 0.3265760265962282, 0.31996990810709947, 0.3192615219438501, 0.3151972319902842, 0.3103814863928489, 0.3101241110804781, 0.3066700946112711, 0.3057255012671894, 0.30162126746942064, 0.2998695104443963, 0.2962407575029974, 0.2773687095548625, 0.2726542733442051, 0.270584509926123, 0.2701874587744153, 0.26349853460105616, 0.2626875889316097, 0.25907461207773175, 0.2566704565681548, 0.25277074984667075, 0.25022025284928867, 0.2451874587744153, 0.11032608695652173, 0.10352122193239918, 0.09208679191443611, 0.0863957700803422, 0.08210279313177943, 0.08045035097702838, 0.07950828157349896, 0.064593837535014, 0.055065202734661, 0.02610743966338836, 0.017011494252873564]
  - AUC: 0.758161111111
  - F1: 0.661567877629
================================

